<?xml version="1.0" encoding="utf-8"?>
<TestRun id="12dc0923-a908-425a-b585-b548b95944e1" name="@DESKTOP-13D0C24 2026-03-13 15:01:58" xmlns="http://microsoft.com/schemas/VisualStudio/TeamTest/2010">
  <Times creation="2026-03-13T15:01:58.2959169+02:00" queuing="2026-03-13T15:01:58.2959171+02:00" start="2026-03-13T15:01:48.1687617+02:00" finish="2026-03-13T15:09:26.4504739+02:00" />
  <TestSettings name="default" id="0ba1fc4d-c9ad-4a3e-8add-64ca80e06973">
    <Deployment runDeploymentRoot="_DESKTOP-13D0C24_2026-03-13_15_01_58" />
  </TestSettings>
  <Results>
    <UnitTestResult executionId="db5efe5b-5a3f-42a5-85fa-629cd3876a51" testId="0946c642-b60c-4060-89b4-dd66a12e6f68" testName="TestIT.ApiTests.Tests.MissingCoverageTests.InviteCreation_WithInstructorRole_CreatesInstructorInvite" computerName="DESKTOP-13D0C24" duration="00:00:12.0036527" startTime="2026-03-13T15:03:34.7406316+02:00" endTime="2026-03-13T15:03:34.7406316+02:00" testType="13cdc9d9-ddb5-4fa4-a97d-d965ccfc6d4b" outcome="Passed" testListId="8c84fa94-04c1-424b-9868-57a2d4851a1d" relativeResultsDirectory="db5efe5b-5a3f-42a5-85fa-629cd3876a51">
      <Output>
        <StdOut>POST tests/datacheck-cc396e26-7c33ee52/questions/  →  201 Created
POST tests/  →  400 BadRequest
POST tests/  →  201 Created
GET analytics/tests/analyticsdiff-89dc82d1-b9def6ad/  →  200 OK
POST auth/register/  →  201 Created
POST auth/login/  →  200 OK
POST auth/login/  →  200 OK
POST auth/register/  →  201 Created
POST companies/  →  201 Created
POST tests/company/12493/  →  201 Created
POST auth/login/  →  200 OK
POST companies/  →  201 Created</StdOut>
      </Output>
    </UnitTestResult>
    <UnitTestResult executionId="0f3848b6-251e-4cb5-9aa5-0b2e514e37a0" testId="faee4e80-92d3-8663-7158-3c550c3abb21" testName="TestIT.ApiTests.Tests.NewQuestionTypeTests.ExactAnswer_Scoring_DifferentCase_ScoresCorrectly" computerName="DESKTOP-13D0C24" duration="00:00:08.5946525" startTime="2026-03-13T15:04:06.7414674+02:00" endTime="2026-03-13T15:04:06.7414675+02:00" testType="13cdc9d9-ddb5-4fa4-a97d-d965ccfc6d4b" outcome="Passed" testListId="8c84fa94-04c1-424b-9868-57a2d4851a1d" relativeResultsDirectory="0f3848b6-251e-4cb5-9aa5-0b2e514e37a0">
      <Output>
        <StdOut>POST tests/ea-analytics-ac92142e-c30d6a74/attempts/  →  201 Created
GET tests/  →  401 Unauthorized
POST auth/register/  →  201 Created
POST auth/register/  →  201 Created
POST companies/  →  201 Created
POST tests/company/12509/  →  201 Created
POST auth/login/  →  200 OK</StdOut>
      </Output>
    </UnitTestResult>
    <UnitTestResult executionId="e3cc9f8f-cef8-4bce-9d8e-3d144ec9f8fe" testId="42241250-ba06-1c0e-ba2f-92edd6211f6e" testName="TestIT.ApiTests.Tests.EdgeCaseTests.CreateTest_UnicodeCharactersInTitle_ShouldWork" computerName="DESKTOP-13D0C24" duration="00:00:02.0248502" startTime="2026-03-13T15:04:20.7090329+02:00" endTime="2026-03-13T15:04:20.7090330+02:00" testType="13cdc9d9-ddb5-4fa4-a97d-d965ccfc6d4b" outcome="Passed" testListId="8c84fa94-04c1-424b-9868-57a2d4851a1d" relativeResultsDirectory="e3cc9f8f-cef8-4bce-9d8e-3d144ec9f8fe">
      <Output>
        <StdOut>POST tests/  →  201 Created
POST tests/ms-correctpluswrong-eba3252f-e9b36657/questions/  →  201 Created
POST tests/showafter-4152fbfa-880cda54/attempts/  →  201 Created
GET tests/ms-correctpluswrong-eba3252f-e9b36657/take/  →  200 OK
POST auth/login/  →  200 OK
PUT tests/ms-correctpluswrong-eba3252f-e9b36657/attempts/17952/  →  200 OK
POST tests/resdetail-1af568ab-87b3c00e/attempts/17953/submit/  →  200 OK
POST tests/  →  201 Created
GET tests/resdetail-1af568ab-87b3c00e/results/  →  200 OK
GET tests/scorable-ae173ccd-922369df/take/  →  200 OK</StdOut>
      </Output>
    </UnitTestResult>
    <UnitTestResult executionId="e995ca0e-3436-4933-83b7-dd61ee330967" testId="e75ed2bd-ee9d-2812-55b8-09bf67d0efd0" testName="TestIT.ApiTests.Tests.FolderTests.FolderCreation_WithParent_CreatesNestedFolderStructure" computerName="DESKTOP-13D0C24" duration="00:00:10.5747455" startTime="2026-03-13T15:03:18.5886184+02:00" endTime="2026-03-13T15:03:18.5886184+02:00" testType="13cdc9d9-ddb5-4fa4-a97d-d965ccfc6d4b" outcome="Passed" testListId="8c84fa94-04c1-424b-9868-57a2d4851a1d" relativeResultsDirectory="e995ca0e-3436-4933-83b7-dd61ee330967" />
    <UnitTestResult executionId="4fd0bc33-26b1-4f43-a97f-73089cad8713" testId="47805376-b1c9-eabb-0da4-08a11b14c1ef" testName="TestIT.ApiTests.Tests.EdgeCaseTests.CreateTest_NullDescription_ShouldWork" computerName="DESKTOP-13D0C24" duration="00:00:07.0659505" startTime="2026-03-13T15:02:28.3348610+02:00" endTime="2026-03-13T15:02:28.3348611+02:00" testType="13cdc9d9-ddb5-4fa4-a97d-d965ccfc6d4b" outcome="Passed" testListId="8c84fa94-04c1-424b-9868-57a2d4851a1d" relativeResultsDirectory="4fd0bc33-26b1-4f43-a97f-73089cad8713">
      <Output>
        <StdOut>GET tests/ms-mixed-06af35ab-514ee839/results/  →  200 OK
POST tests/perfanalytics-58da6716-d326b559/attempts/  →  201 Created
POST auth/register/  →  201 Created
POST tests/  →  201 Created
POST tests/  →  201 Created
POST tests/datacheck-1669ad7b-7280c0f6/attempts/  →  201 Created
POST auth/login/  →  200 OK
PUT tests/datacheck-1669ad7b-7280c0f6/attempts/17897/  →  200 OK</StdOut>
      </Output>
    </UnitTestResult>
    <UnitTestResult executionId="156942ee-fa50-4e56-9dba-9610708c00ea" testId="32169170-bd3c-38c5-0365-32968a987468" testName="TestIT.ApiTests.Tests.TestsManagementTests.TestUpdate_WithValidData_UpdatesTestSuccessfully" computerName="DESKTOP-13D0C24" duration="00:00:06.5086189" startTime="2026-03-13T15:03:29.7655207+02:00" endTime="2026-03-13T15:03:29.7655208+02:00" testType="13cdc9d9-ddb5-4fa4-a97d-d965ccfc6d4b" outcome="Passed" testListId="8c84fa94-04c1-424b-9868-57a2d4851a1d" relativeResultsDirectory="156942ee-fa50-4e56-9dba-9610708c00ea" />
    <UnitTestResult executionId="1e9b1b34-8f12-4504-9d0f-7a214c472de3" testId="cfcbb197-30f7-7302-d2ab-e1d4794f968e" testName="TestIT.ApiTests.Tests.AuthenticationTests.TokenRefresh_WithValidRefreshToken_IssuesNewAccessToken" computerName="DESKTOP-13D0C24" duration="00:00:07.2772447" startTime="2026-03-13T15:02:29.0690569+02:00" endTime="2026-03-13T15:02:29.0690571+02:00" testType="13cdc9d9-ddb5-4fa4-a97d-d965ccfc6d4b" outcome="Passed" testListId="8c84fa94-04c1-424b-9868-57a2d4851a1d" relativeResultsDirectory="1e9b1b34-8f12-4504-9d0f-7a214c472de3">
      <Output>
        <StdOut>POST tests/scorable-8044f5ea-166d6af2/attempts/17894/submit/  →  200 OK
POST tests/  →  201 Created
GET analytics/tests/perfanalytics-58da6716-d326b559/  →  200 OK
POST auth/register/  →  201 Created</StdOut>
      </Output>
    </UnitTestResult>
    <UnitTestResult executionId="65c04f86-5411-485d-a162-75580426621e" testId="adf9aba7-9646-8123-2303-5f30fb3c6dcc" testName="TestIT.ApiTests.Tests.DataIntegrityTests.ScoringAccuracy_HalfCorrect_Scores50Percent" computerName="DESKTOP-13D0C24" duration="00:00:07.1110552" startTime="2026-03-13T15:04:22.9983081+02:00" endTime="2026-03-13T15:04:22.9983082+02:00" testType="13cdc9d9-ddb5-4fa4-a97d-d965ccfc6d4b" outcome="Passed" testListId="8c84fa94-04c1-424b-9868-57a2d4851a1d" relativeResultsDirectory="65c04f86-5411-485d-a162-75580426621e">
      <Output>
        <StdOut>POST auth/login/  →  200 OK</StdOut>
      </Output>
    </UnitTestResult>
    <UnitTestResult executionId="78931ed8-3827-4b0e-9bdd-6bc37813741a" testId="ed9b18ee-b5f6-4433-3a42-b29263696dff" testName="TestIT.ApiTests.Tests.EdgeCaseTests.CreateQuestion_EmptyQuestionText_ShouldFail" computerName="DESKTOP-13D0C24" duration="00:00:06.5157980" startTime="2026-03-13T15:03:18.5842398+02:00" endTime="2026-03-13T15:03:18.5842399+02:00" testType="13cdc9d9-ddb5-4fa4-a97d-d965ccfc6d4b" outcome="Passed" testListId="8c84fa94-04c1-424b-9868-57a2d4851a1d" relativeResultsDirectory="78931ed8-3827-4b0e-9bdd-6bc37813741a">
      <Output>
        <StdOut>POST auth/login/  →  200 OK
POST tests/scorable-d59c7409-c2c5187a/attempts/17906/submit/  →  200 OK
POST companies/12489/folders/  →  201 Created
POST tests/getq-56aa9244-dc1f9ea5/questions/  →  201 Created</StdOut>
      </Output>
    </UnitTestResult>
    <UnitTestResult executionId="9bf47b03-a74d-4289-b9a0-e78ce84a4ce8" testId="3bad0803-9eb3-d0bd-f518-c812ccd45333" testName="TestIT.ApiTests.Tests.PerformanceTests.Latency_GetAnalytics_RespondsFast" computerName="DESKTOP-13D0C24" duration="00:00:16.2220285" startTime="2026-03-13T15:02:26.7470107+02:00" endTime="2026-03-13T15:02:26.7470109+02:00" testType="13cdc9d9-ddb5-4fa4-a97d-d965ccfc6d4b" outcome="Passed" testListId="8c84fa94-04c1-424b-9868-57a2d4851a1d" relativeResultsDirectory="9bf47b03-a74d-4289-b9a0-e78ce84a4ce8">
      <Output>
        <StdOut>POST auth/register/  →  201 Created
POST tests/datacheck-89dca7a4-44bbcfcd/attempts/17841/submit/  →  200 OK
POST auth/login/  →  200 OK
POST auth/login/  →  200 OK
GET auth/me/  →  200 OK
POST auth/login/  →  200 OK
POST tests/edgecase-emptyanswers-f8d22a4b-b97a3cba/questions/  →  201 Created
POST tests/scorable-8044f5ea-166d6af2/attempts/  →  201 Created
POST tests/  →  201 Created
POST tests/company/12474/  →  201 Created
POST auth/register/  →  201 Created
POST tests/deleteqverify-b6f2695b-86b19ff3/questions/  →  201 Created
POST auth/register/  →  201 Created</StdOut>
      </Output>
    </UnitTestResult>
    <UnitTestResult executionId="1c6db943-4790-44e7-ac9e-3bff28366ff4" testId="4938725b-ed6b-4417-dc9f-d383b84a457c" testName="TestIT.ApiTests.Tests.InviteTests.InviteListing_WithPendingInvites_ReturnsPendingInvites" computerName="DESKTOP-13D0C24" duration="00:00:15.6449080" startTime="2026-03-13T15:02:25.4584008+02:00" endTime="2026-03-13T15:02:25.4584010+02:00" testType="13cdc9d9-ddb5-4fa4-a97d-d965ccfc6d4b" outcome="Passed" testListId="8c84fa94-04c1-424b-9868-57a2d4851a1d" relativeResultsDirectory="1c6db943-4790-44e7-ac9e-3bff28366ff4">
      <Output>
        <StdOut>POST tests/  →  201 Created</StdOut>
      </Output>
    </UnitTestResult>
    <UnitTestResult executionId="6ff440ab-e7df-43de-96bb-04a8362032e8" testId="e31b02fe-0db6-e971-257c-2193af429852" testName="TestIT.ApiTests.Tests.NewQuestionTypeTests.ExactAnswer_Scoring_EmptySubmission_ScoresZero" computerName="DESKTOP-13D0C24" duration="00:00:36.8843393" startTime="2026-03-13T15:02:57.1557495+02:00" endTime="2026-03-13T15:02:57.1557495+02:00" testType="13cdc9d9-ddb5-4fa4-a97d-d965ccfc6d4b" outcome="Passed" testListId="8c84fa94-04c1-424b-9868-57a2d4851a1d" relativeResultsDirectory="6ff440ab-e7df-43de-96bb-04a8362032e8">
      <Output>
        <StdOut>POST auth/register/  →  201 Created
POST tests/perfanalytics-58da6716-d326b559/questions/  →  201 Created</StdOut>
      </Output>
    </UnitTestResult>
    <UnitTestResult executionId="57077341-e8db-44b3-9d9d-3508be8f6e69" testId="992df632-b2dc-3a97-f21e-88aeb1c4e8c1" testName="TestIT.ApiTests.Tests.AnalyticsTests.Analytics_NoSubmissions_ReturnsZeroStats" computerName="DESKTOP-13D0C24" duration="00:00:12.3477767" startTime="2026-03-13T15:02:31.3928142+02:00" endTime="2026-03-13T15:02:31.3928144+02:00" testType="13cdc9d9-ddb5-4fa4-a97d-d965ccfc6d4b" outcome="Passed" testListId="8c84fa94-04c1-424b-9868-57a2d4851a1d" relativeResultsDirectory="57077341-e8db-44b3-9d9d-3508be8f6e69" />
    <UnitTestResult executionId="21aa291c-4a79-4aea-ba04-1290986c2932" testId="937838ea-57ec-f16a-8dba-e5f476bc0ab4" testName="TestIT.ApiTests.Tests.MissingCoverageTests.TestVisibility_WhenChangedFromPublicToPrivate_DisappearsFromPublicListing" computerName="DESKTOP-13D0C24" duration="00:00:34.1070726" startTime="2026-03-13T15:03:01.0590586+02:00" endTime="2026-03-13T15:03:01.0590587+02:00" testType="13cdc9d9-ddb5-4fa4-a97d-d965ccfc6d4b" outcome="Failed" testListId="8c84fa94-04c1-424b-9868-57a2d4851a1d" relativeResultsDirectory="21aa291c-4a79-4aea-ba04-1290986c2932">
      <Output>
        <StdOut>POST companies/  →  201 Created
POST tests/analyticsempty-cbd4484c-e3d2d897/questions/  →  201 Created
POST auth/refresh/  →  200 OK
GET companies/12478/  →  200 OK
POST auth/login/  →  200 OK
POST tests/ea-empty-f171ef83-41c74dd5/attempts/  →  201 Created
GET analytics/tests/analyticsempty-cbd4484c-e3d2d897/  →  200 OK</StdOut>
        <ErrorInfo>
          <Message>Expected updateResp.StatusCode to be HttpStatusCode.OK {value: 200} because visibility change to 'private' must succeed — this is a missing API feature, but found HttpStatusCode.BadRequest {value: 400}.</Message>
          <StackTrace>   at FluentAssertions.Execution.LateBoundTestFramework.Throw(String message)
   at FluentAssertions.Execution.DefaultAssertionStrategy.HandleFailure(String message)
   at FluentAssertions.Execution.AssertionChain.FailWith(Func`1 getFailureReason)
   at FluentAssertions.Primitives.EnumAssertions`2.Be(TEnum expected, String because, Object[] becauseArgs)
   at TestIT.ApiTests.Tests.MissingCoverageTests.TestVisibility_WhenChangedFromPublicToPrivate_DisappearsFromPublicListing() in /home/kolev95/examtest1/TestIT.ApiTests/Tests/MissingCoverageTests.cs:line 353
--- End of stack trace from previous location ---</StackTrace>
        </ErrorInfo>
      </Output>
    </UnitTestResult>
    <UnitTestResult executionId="9af0b1c5-76d5-4ea0-9705-6b08d625d69d" testId="4a68e844-bfd5-77f4-86ca-727557eb9de8" testName="TestIT.ApiTests.Tests.PatchTests.PatchFolder_MoveToParent_UpdatesParentSuccessfully" computerName="DESKTOP-13D0C24" duration="00:00:09.9603950" startTime="2026-03-13T15:03:29.7874930+02:00" endTime="2026-03-13T15:03:29.7874931+02:00" testType="13cdc9d9-ddb5-4fa4-a97d-d965ccfc6d4b" outcome="Passed" testListId="8c84fa94-04c1-424b-9868-57a2d4851a1d" relativeResultsDirectory="9af0b1c5-76d5-4ea0-9705-6b08d625d69d">
      <Output>
        <StdOut>PUT tests/analyticsdiff-89dc82d1-b9def6ad/attempts/17909/  →  200 OK
POST auth/register/  →  201 Created
POST auth/register/  →  201 Created
POST auth/register/  →  201 Created
POST auth/login/  →  200 OK
GET tests/definitely-does-not-exist-12345/  →  404 NotFound
POST auth/register/  →  201 Created
GET companies/12492/  →  404 NotFound
POST auth/register/  →  201 Created
POST auth/register/  →  201 Created</StdOut>
      </Output>
    </UnitTestResult>
    <UnitTestResult executionId="2672f0fb-78d3-421c-957c-93c2bbe41c00" testId="63089914-3851-a444-bda7-883635304cba" testName="TestIT.ApiTests.Tests.CompanyTests.CompanyCreation_WhenUnauthenticated_DeniesAccess" computerName="DESKTOP-13D0C24" duration="00:00:02.5316084" startTime="2026-03-13T15:03:04.6739504+02:00" endTime="2026-03-13T15:03:04.6739504+02:00" testType="13cdc9d9-ddb5-4fa4-a97d-d965ccfc6d4b" outcome="Passed" testListId="8c84fa94-04c1-424b-9868-57a2d4851a1d" relativeResultsDirectory="2672f0fb-78d3-421c-957c-93c2bbe41c00">
      <Output>
        <StdOut>POST companies/12480/folders/  →  201 Created
GET tests/reorder-8b67a399-bba74eb1/  →  200 OK</StdOut>
      </Output>
    </UnitTestResult>
    <UnitTestResult executionId="91e9f467-0407-4e20-80f0-d18a3a3e2362" testId="051ef26b-4123-c4d9-5923-d91e5a94ed6c" testName="TestIT.ApiTests.Tests.FolderTests.FolderCreation_TopLevel_CreatesFolderSuccessfully" computerName="DESKTOP-13D0C24" duration="00:00:01.5998048" startTime="2026-03-13T15:04:42.8183860+02:00" endTime="2026-03-13T15:04:42.8183861+02:00" testType="13cdc9d9-ddb5-4fa4-a97d-d965ccfc6d4b" outcome="Passed" testListId="8c84fa94-04c1-424b-9868-57a2d4851a1d" relativeResultsDirectory="91e9f467-0407-4e20-80f0-d18a3a3e2362">
      <Output>
        <StdOut>POST auth/login/  →  200 OK
POST companies/12527/folders/  →  201 Created
GET companies/12527/folders/  →  200 OK</StdOut>
      </Output>
    </UnitTestResult>
    <UnitTestResult executionId="2b6b876c-4472-4bd1-b2f2-586d5acd3567" testId="71e185bc-ddf6-e9b8-5903-2102cc2f93d8" testName="TestIT.ApiTests.Tests.PerformanceTests.Latency_Login_RespondsFast" computerName="DESKTOP-13D0C24" duration="00:00:05.8425959" startTime="2026-03-13T15:03:23.8051654+02:00" endTime="2026-03-13T15:03:23.8051655+02:00" testType="13cdc9d9-ddb5-4fa4-a97d-d965ccfc6d4b" outcome="Passed" testListId="8c84fa94-04c1-424b-9868-57a2d4851a1d" relativeResultsDirectory="2b6b876c-4472-4bd1-b2f2-586d5acd3567" />
    <UnitTestResult executionId="6896193e-30af-4071-9d3d-47d6d6380d25" testId="94aac3e4-2a3b-6fd1-fee9-a26ba94c40c3" testName="TestIT.ApiTests.Tests.FolderTests.TestFolderAssignment_MultipleTests_CountReflectsAllAssignments" computerName="DESKTOP-13D0C24" duration="00:00:03.6844339" startTime="2026-03-13T15:04:27.5052442+02:00" endTime="2026-03-13T15:04:27.5052442+02:00" testType="13cdc9d9-ddb5-4fa4-a97d-d965ccfc6d4b" outcome="Passed" testListId="8c84fa94-04c1-424b-9868-57a2d4851a1d" relativeResultsDirectory="6896193e-30af-4071-9d3d-47d6d6380d25">
      <Output>
        <StdOut>POST auth/register/  →  201 Created
POST auth/register/  →  201 Created
POST auth/register/  →  201 Created
POST tests/singleq-7e212b51-3634b831/questions/  →  201 Created
POST auth/register/  →  201 Created
GET tests/singleq-7e212b51-3634b831/take/  →  200 OK
POST tests/singleq-7e212b51-3634b831/attempts/  →  201 Created
POST companies/  →  201 Created
POST auth/register/  →  201 Created
POST tests/singleq-7e212b51-3634b831/attempts/17956/submit/  →  200 OK
POST tests/  →  201 Created
PATCH tests/bulktest1-7639c7-c9f5971b/  →  200 OK
GET tests/pwprotected-7c861a17-02191d43/take/  →  403 Forbidden
PATCH tests/bulktest2-c8e943-8d9cadd8/  →  200 OK
POST auth/login/  →  200 OK</StdOut>
      </Output>
    </UnitTestResult>
    <UnitTestResult executionId="f8afbd0a-2f8a-497a-b4aa-1afa3be9e3cf" testId="e7c12d76-45ec-f908-638a-72828852975f" testName="TestIT.ApiTests.Tests.NewQuestionTypeTests.ExactAnswer_Scoring_WrongText_ScoresZero" computerName="DESKTOP-13D0C24" duration="00:00:11.7471788" startTime="2026-03-13T15:03:40.9669035+02:00" endTime="2026-03-13T15:03:40.9669036+02:00" testType="13cdc9d9-ddb5-4fa4-a97d-d965ccfc6d4b" outcome="Passed" testListId="8c84fa94-04c1-424b-9868-57a2d4851a1d" relativeResultsDirectory="f8afbd0a-2f8a-497a-b4aa-1afa3be9e3cf">
      <Output>
        <StdOut>PUT tests/original-title-0c16adf6/  →  200 OK
PATCH companies/12494/folders/4590/  →  200 OK
POST tests/datacheck-cc396e26-7c33ee52/attempts/  →  201 Created
POST tests/  →  201 Created
POST tests/ea-mixed-cd5c32a8-57090f03/attempts/  →  201 Created
GET tests/scorable-27d3ac00-63cc439e/results/  →  200 OK
PUT tests/ea-mixed-cd5c32a8-57090f03/attempts/17914/  →  200 OK
POST tests/company/12499/  →  201 Created
POST tests/datacheck-cc396e26-7c33ee52/attempts/17916/submit/  →  200 OK
GET tests/useratest-d372b58e-42369a21/  →  404 NotFound</StdOut>
      </Output>
    </UnitTestResult>
    <UnitTestResult executionId="f9756c84-6578-470d-88b2-a0f2cc202d23" testId="045d2e3d-eb7a-16cf-d601-8e24772c0f67" testName="TestIT.ApiTests.Tests.SecurityTests.Authorization_UserCannotAccessOtherUsersTests" computerName="DESKTOP-13D0C24" duration="00:00:11.0704122" startTime="2026-03-13T15:03:36.1627775+02:00" endTime="2026-03-13T15:03:36.1627776+02:00" testType="13cdc9d9-ddb5-4fa4-a97d-d965ccfc6d4b" outcome="Failed" testListId="8c84fa94-04c1-424b-9868-57a2d4851a1d" relativeResultsDirectory="f9756c84-6578-470d-88b2-a0f2cc202d23">
      <Output>
        <StdOut>POST auth/register/  →  201 Created
POST companies/  →  201 Created
POST tests/scorable-27d3ac00-63cc439e/questions/  →  201 Created
GET tests/takeschema-0c262e31-bfb5a5be/take/  →  200 OK
POST auth/register/  →  201 Created
POST auth/login/  →  200 OK
POST auth/login/  →  200 OK
POST companies/12494/folders/  →  201 Created
POST companies/12496/folders/  →  201 Created
DELETE tests/company/12493/deleteme-68f9f5-47980b68/  →  204 NoContent
POST tests/  →  201 Created
POST tests/  →  201 Created</StdOut>
        <ErrorInfo>
          <Message>Expected response.StatusCode to be HttpStatusCode.Forbidden {value: 403} because User B should not access User A's private test. Response: {"detail":"No Test matches the given query."}, but found HttpStatusCode.NotFound {value: 404}.</Message>
          <StackTrace>   at FluentAssertions.Execution.LateBoundTestFramework.Throw(String message)
   at FluentAssertions.Execution.DefaultAssertionStrategy.HandleFailure(String message)
   at FluentAssertions.Execution.AssertionChain.FailWith(Func`1 getFailureReason)
   at FluentAssertions.Primitives.EnumAssertions`2.Be(TEnum expected, String because, Object[] becauseArgs)
   at TestIT.ApiTests.Tests.SecurityTests.Authorization_UserCannotAccessOtherUsersTests() in /home/kolev95/examtest1/TestIT.ApiTests/Tests/SecurityTests.cs:line 46
--- End of stack trace from previous location ---</StackTrace>
        </ErrorInfo>
      </Output>
    </UnitTestResult>
    <UnitTestResult executionId="600ec2d7-e66c-4fe9-9cf2-4572534ae7f0" testId="959ff67b-bff2-8510-8b98-811b5986bf73" testName="TestIT.ApiTests.Tests.NewQuestionTypeTests.MultiSelect_Creation_WithMultipleCorrectAnswers_Succeeds" computerName="DESKTOP-13D0C24" duration="00:00:05.6119151" startTime="2026-03-13T15:03:51.5092108+02:00" endTime="2026-03-13T15:03:51.5092109+02:00" testType="13cdc9d9-ddb5-4fa4-a97d-d965ccfc6d4b" outcome="Passed" testListId="8c84fa94-04c1-424b-9868-57a2d4851a1d" relativeResultsDirectory="600ec2d7-e66c-4fe9-9cf2-4572534ae7f0">
      <Output>
        <StdOut>POST auth/login/  →  200 OK
PATCH tests/patch-q-77d7f8ea-805a563a/questions/38408/  →  200 OK
POST auth/register/  →  201 Created</StdOut>
      </Output>
    </UnitTestResult>
    <UnitTestResult executionId="25613a0e-0e59-4313-8fa9-aa1d0f8a4958" testId="8613c665-de93-a74e-339f-2cd3fd388f2f" testName="TestIT.ApiTests.Tests.PatchTests.PatchCompany_ByNonMember_DeniesAccess" computerName="DESKTOP-13D0C24" duration="00:00:10.5703043" startTime="2026-03-13T15:03:18.5808904+02:00" endTime="2026-03-13T15:03:18.5808905+02:00" testType="13cdc9d9-ddb5-4fa4-a97d-d965ccfc6d4b" outcome="Failed" testListId="8c84fa94-04c1-424b-9868-57a2d4851a1d" relativeResultsDirectory="25613a0e-0e59-4313-8fa9-aa1d0f8a4958">
      <Output>
        <ErrorInfo>
          <Message>Expected response.StatusCode to be HttpStatusCode.Forbidden {value: 403} because authenticated non-member must receive 403 Forbidden when patching another user's company, but found HttpStatusCode.NotFound {value: 404}.</Message>
          <StackTrace>   at FluentAssertions.Execution.LateBoundTestFramework.Throw(String message)
   at FluentAssertions.Execution.DefaultAssertionStrategy.HandleFailure(String message)
   at FluentAssertions.Execution.AssertionChain.FailWith(Func`1 getFailureReason)
   at FluentAssertions.Primitives.EnumAssertions`2.Be(TEnum expected, String because, Object[] becauseArgs)
   at TestIT.ApiTests.Tests.PatchTests.PatchCompany_ByNonMember_DeniesAccess() in /home/kolev95/examtest1/TestIT.ApiTests/Tests/PatchTests.cs:line 310
--- End of stack trace from previous location ---</StackTrace>
        </ErrorInfo>
      </Output>
    </UnitTestResult>
    <UnitTestResult executionId="51e11aac-6c89-492f-af58-340ae91c9d10" testId="93806483-d1aa-660b-e8c9-d98d8ad5bb1b" testName="TestIT.ApiTests.Tests.FolderTests.FolderUpdate_NonExistentId_ReturnsNotFound" computerName="DESKTOP-13D0C24" duration="00:00:02.2215455" startTime="2026-03-13T15:04:19.8893352+02:00" endTime="2026-03-13T15:04:19.8893352+02:00" testType="13cdc9d9-ddb5-4fa4-a97d-d965ccfc6d4b" outcome="Passed" testListId="8c84fa94-04c1-424b-9868-57a2d4851a1d" relativeResultsDirectory="51e11aac-6c89-492f-af58-340ae91c9d10">
      <Output>
        <StdOut>POST tests/datacheck-d2e61fb5-669e6635/questions/  →  201 Created
POST tests/datacheck-d2e61fb5-669e6635/questions/  →  201 Created
POST tests/showafter-4152fbfa-880cda54/questions/  →  201 Created
POST auth/register/  →  201 Created
POST tests/resdetail-1af568ab-87b3c00e/questions/  →  201 Created
POST companies/  →  201 Created
POST tests/ms-correctpluswrong-eba3252f-e9b36657/attempts/  →  201 Created
PUT tests/showafter-4152fbfa-880cda54/attempts/17951/  →  200 OK
PUT companies/12515/folders/99999/  →  404 NotFound</StdOut>
      </Output>
    </UnitTestResult>
    <UnitTestResult executionId="869ff190-489a-4095-a1ac-ab28f55e963a" testId="1c3552c6-d109-7c26-74d9-173991d99834" testName="TestIT.ApiTests.Tests.NewQuestionTypeTests.ExactAnswer_Creation_CorrectAnswerExceedsMaxLength_RejectsRequest" computerName="DESKTOP-13D0C24" duration="00:00:08.5478904" startTime="2026-03-13T15:03:05.7038992+02:00" endTime="2026-03-13T15:03:05.7038993+02:00" testType="13cdc9d9-ddb5-4fa4-a97d-d965ccfc6d4b" outcome="Passed" testListId="8c84fa94-04c1-424b-9868-57a2d4851a1d" relativeResultsDirectory="869ff190-489a-4095-a1ac-ab28f55e963a">
      <Output>
        <StdOut>PUT tests/updatesec-be288709-ad8e05c6/  →  404 NotFound</StdOut>
      </Output>
    </UnitTestResult>
    <UnitTestResult executionId="8fdea9c6-0776-4c41-a173-0fb818a0057e" testId="b41febf1-bfef-088f-e589-0d773957e991" testName="TestIT.ApiTests.Tests.CompanyTests.MemberListing_NewCompany_CreatorIsOnlyAdmin" computerName="DESKTOP-13D0C24" duration="00:00:07.9568821" startTime="2026-03-13T15:03:27.7773303+02:00" endTime="2026-03-13T15:03:27.7773304+02:00" testType="13cdc9d9-ddb5-4fa4-a97d-d965ccfc6d4b" outcome="Passed" testListId="8c84fa94-04c1-424b-9868-57a2d4851a1d" relativeResultsDirectory="8fdea9c6-0776-4c41-a173-0fb818a0057e" />
    <UnitTestResult executionId="d9273fc4-d463-4fac-9d65-1a7284dcf9ec" testId="8056ac32-972e-1b73-bdbb-d9926551f533" testName="TestIT.ApiTests.Tests.FolderTests.FolderUpdate_WithEmptyName_ReturnsBadRequest" computerName="DESKTOP-13D0C24" duration="00:00:01.7211789" startTime="2026-03-13T15:04:37.6214942+02:00" endTime="2026-03-13T15:04:37.6214942+02:00" testType="13cdc9d9-ddb5-4fa4-a97d-d965ccfc6d4b" outcome="Passed" testListId="8c84fa94-04c1-424b-9868-57a2d4851a1d" relativeResultsDirectory="d9273fc4-d463-4fac-9d65-1a7284dcf9ec">
      <Output>
        <StdOut>POST auth/login/  →  200 OK
POST invites/XrADbJ9VIfT8IRr5z11Jn3v-y2PzHRBFJU4L48fEaZ4/accept/  →  200 OK
GET companies/12521/members/  →  200 OK
POST auth/login/  →  200 OK
POST companies/12524/folders/  →  201 Created
PUT companies/12524/folders/4602/  →  400 BadRequest</StdOut>
      </Output>
    </UnitTestResult>
    <UnitTestResult executionId="b5f151d4-707f-4212-a14f-309f8bcbca07" testId="3adad54e-5a9b-d888-980b-0b6b61a398f7" testName="TestIT.ApiTests.Tests.TestTakingTests.ShowAnswersAfter_WhenFalse_DoesNotRevealCorrectAnswers" computerName="DESKTOP-13D0C24" duration="00:00:10.5605008" startTime="2026-03-13T15:03:45.3222956+02:00" endTime="2026-03-13T15:03:45.3222956+02:00" testType="13cdc9d9-ddb5-4fa4-a97d-d965ccfc6d4b" outcome="Passed" testListId="8c84fa94-04c1-424b-9868-57a2d4851a1d" relativeResultsDirectory="b5f151d4-707f-4212-a14f-309f8bcbca07">
      <Output>
        <StdOut>POST tests/perfsubmit-670b2dae-1e8a7b96/attempts/  →  201 Created
POST tests/analyticsschema-6e7e346d-c8fee587/attempts/  →  201 Created
POST auth/login/  →  200 OK
PATCH auth/me/  →  200 OK
GET analytics/tests/analyticspass-9576c428-4b54177b/  →  200 OK
POST auth/register/  →  201 Created
GET tests/ea-mixed-cd5c32a8-57090f03/results/  →  200 OK
POST auth/register/  →  201 Created
POST auth/register/  →  201 Created
POST tests/  →  201 Created
POST tests/  →  201 Created
POST auth/login/  →  200 OK
POST tests/  →  201 Created
PATCH tests/decrementtest-2fa70a90-06bb0aea/  →  200 OK
POST tests/resdetailauth-37413c7b-941a6ef0/attempts/  →  201 Created
POST tests/  →  201 Created
GET tests/hideanswers-f7a46c8a-639356e4/take/  →  200 OK</StdOut>
      </Output>
    </UnitTestResult>
    <UnitTestResult executionId="cd93433c-c1fe-4abf-87fd-193ff4537855" testId="2c937220-4464-7e23-c769-cee316d6de4f" testName="TestIT.ApiTests.Tests.FolderTests.FolderCreation_InAnotherUsersCompany_DeniesAccess" computerName="DESKTOP-13D0C24" duration="00:00:03.3651201" startTime="2026-03-13T15:04:32.1815355+02:00" endTime="2026-03-13T15:04:32.1815356+02:00" testType="13cdc9d9-ddb5-4fa4-a97d-d965ccfc6d4b" outcome="Failed" testListId="8c84fa94-04c1-424b-9868-57a2d4851a1d" relativeResultsDirectory="cd93433c-c1fe-4abf-87fd-193ff4537855">
      <Output>
        <StdOut>POST auth/login/  →  200 OK
POST tests/datacheck-10c7574f-35e708ba/questions/  →  201 Created
GET companies/12518/members/  →  200 OK
GET tests/datacheck-10c7574f-35e708ba/take/  →  200 OK
POST auth/register/  →  201 Created
POST auth/login/  →  200 OK
POST auth/register/  →  201 Created
POST companies/  →  201 Created</StdOut>
        <ErrorInfo>
          <Message>Expected response.StatusCode to be HttpStatusCode.Forbidden {value: 403} because authenticated non-member must receive 403 Forbidden, not 404 which would hide the company's existence, but found HttpStatusCode.NotFound {value: 404}.</Message>
          <StackTrace>   at FluentAssertions.Execution.LateBoundTestFramework.Throw(String message)
   at FluentAssertions.Execution.DefaultAssertionStrategy.HandleFailure(String message)
   at FluentAssertions.Execution.AssertionChain.FailWith(Func`1 getFailureReason)
   at FluentAssertions.Primitives.EnumAssertions`2.Be(TEnum expected, String because, Object[] becauseArgs)
   at TestIT.ApiTests.Tests.FolderTests.FolderCreation_InAnotherUsersCompany_DeniesAccess() in /home/kolev95/examtest1/TestIT.ApiTests/Tests/FolderTests.cs:line 319
--- End of stack trace from previous location ---</StackTrace>
        </ErrorInfo>
      </Output>
    </UnitTestResult>
    <UnitTestResult executionId="060b1593-786c-4954-aa69-fa10e930544f" testId="ffac2b0e-a226-7db7-b26a-0354c0960996" testName="TestIT.ApiTests.Tests.EdgeCaseTests.CreateTest_SpecialCharactersInTitle_ShouldWork" computerName="DESKTOP-13D0C24" duration="00:00:04.0959445" startTime="2026-03-13T15:03:36.1904625+02:00" endTime="2026-03-13T15:03:36.1904625+02:00" testType="13cdc9d9-ddb5-4fa4-a97d-d965ccfc6d4b" outcome="Passed" testListId="8c84fa94-04c1-424b-9868-57a2d4851a1d" relativeResultsDirectory="060b1593-786c-4954-aa69-fa10e930544f">
      <Output>
        <StdOut>GET analytics/tests/analyticspass-9576c428-4b54177b/  →  200 OK
GET tests/perfsubmit-670b2dae-1e8a7b96/take/  →  200 OK
POST companies/12497/invites/  →  201 Created
POST companies/  →  201 Created
POST tests/analyticspass-9576c428-4b54177b/attempts/  →  201 Created
POST tests/analyticspass-9576c428-4b54177b/attempts/17915/submit/  →  200 OK</StdOut>
      </Output>
    </UnitTestResult>
    <UnitTestResult executionId="e357c5ae-f348-47f2-b59f-a59249d82f57" testId="6d114593-1e5f-e1a4-636a-1fc5f7e57350" testName="TestIT.ApiTests.Tests.FolderTests.TestFolderAssignment_Unassign_DecrementsTestCount" computerName="DESKTOP-13D0C24" duration="00:00:11.0206313" startTime="2026-03-13T15:03:45.9603628+02:00" endTime="2026-03-13T15:03:45.9603629+02:00" testType="13cdc9d9-ddb5-4fa4-a97d-d965ccfc6d4b" outcome="Passed" testListId="8c84fa94-04c1-424b-9868-57a2d4851a1d" relativeResultsDirectory="e357c5ae-f348-47f2-b59f-a59249d82f57" />
    <UnitTestResult executionId="b8941ff6-b570-4af1-b9b4-68bdc8779950" testId="73a9b760-310d-a9e9-e0ff-3ee88a7457a1" testName="TestIT.ApiTests.Tests.IntegrationTests.AuthorStudentLifecycle_AuthorCreatesStudentTakesAuthorViewsAnalytics" computerName="DESKTOP-13D0C24" duration="00:00:44.3328759" startTime="2026-03-13T15:02:59.9927217+02:00" endTime="2026-03-13T15:02:59.9927218+02:00" testType="13cdc9d9-ddb5-4fa4-a97d-d965ccfc6d4b" outcome="Passed" testListId="8c84fa94-04c1-424b-9868-57a2d4851a1d" relativeResultsDirectory="b8941ff6-b570-4af1-b9b4-68bdc8779950">
      <Output>
        <StdOut>POST companies/  →  201 Created</StdOut>
      </Output>
    </UnitTestResult>
    <UnitTestResult executionId="3025afd0-2949-4e95-a834-70cd5690a82b" testId="9cca334f-0e84-d153-5a32-080a6c3dd39d" testName="TestIT.ApiTests.Tests.LatestFeatureTests.ExactAnswer_Update_ChangesCorrectAnswer_NewAnswerIsScored" computerName="DESKTOP-13D0C24" duration="00:00:07.9687816" startTime="2026-03-13T15:04:09.8994866+02:00" endTime="2026-03-13T15:04:09.8994867+02:00" testType="13cdc9d9-ddb5-4fa4-a97d-d965ccfc6d4b" outcome="Passed" testListId="8c84fa94-04c1-424b-9868-57a2d4851a1d" relativeResultsDirectory="3025afd0-2949-4e95-a834-70cd5690a82b">
      <Output>
        <StdOut>POST tests/  →  201 Created
POST auth/register/  →  201 Created
DELETE companies/12508/folders/4594/  →  204 NoContent
POST tests/ea-case-f1214616-b4c6a04e/attempts/  →  201 Created
POST tests/datacheck-a3e7275d-32959a28/questions/  →  201 Created
POST tests/datacheck-a3e7275d-32959a28/questions/  →  201 Created</StdOut>
      </Output>
    </UnitTestResult>
    <UnitTestResult executionId="f001f39e-581c-4384-9d4d-e423b1f01c47" testId="2076740d-0684-ea94-a4c5-0be8c46cc270" testName="TestIT.ApiTests.Tests.LatestFeatureTests.MultiSelect_MixedTest_WithMultipleChoiceQuestion_EachScoredIndependently" computerName="DESKTOP-13D0C24" duration="00:00:20.0833532" startTime="2026-03-13T15:02:22.5153376+02:00" endTime="2026-03-13T15:02:22.5153380+02:00" testType="13cdc9d9-ddb5-4fa4-a97d-d965ccfc6d4b" outcome="Passed" testListId="8c84fa94-04c1-424b-9868-57a2d4851a1d" relativeResultsDirectory="f001f39e-581c-4384-9d4d-e423b1f01c47">
      <Output>
        <StdOut>POST tests/anonstart-a726f22d-d923cea4/attempts/  →  201 Created
POST auth/register/  →  201 Created
POST auth/register/  →  201 Created</StdOut>
      </Output>
    </UnitTestResult>
    <UnitTestResult executionId="0f469af0-ccb6-4e5a-a5e8-50b1785e1e6a" testId="f4140b70-f410-8a92-ae83-fc4cc40eeed5" testName="TestIT.ApiTests.Tests.FolderTests.TestResponse_DetailEndpoint_IncludesFolderAndUpdatedAt" computerName="DESKTOP-13D0C24" duration="00:00:16.7476008" startTime="2026-03-13T15:02:28.3638782+02:00" endTime="2026-03-13T15:02:28.3638784+02:00" testType="13cdc9d9-ddb5-4fa4-a97d-d965ccfc6d4b" outcome="Passed" testListId="8c84fa94-04c1-424b-9868-57a2d4851a1d" relativeResultsDirectory="0f469af0-ccb6-4e5a-a5e8-50b1785e1e6a">
      <Output>
        <StdOut>POST auth/register/  →  201 Created
POST tests/scorable-8044f5ea-166d6af2/questions/  →  201 Created</StdOut>
      </Output>
    </UnitTestResult>
    <UnitTestResult executionId="43f217a5-e363-49b1-80fc-c0024178113b" testId="3249fa9d-d0b0-f52d-6f94-5a3aa8815b3c" testName="TestIT.ApiTests.Tests.LatestFeatureTests.MultiSelect_Update_ChangesCorrectAnswers_NewScoringApplied" computerName="DESKTOP-13D0C24" duration="00:00:08.5431128" startTime="2026-03-13T15:03:22.0384646+02:00" endTime="2026-03-13T15:03:22.0384646+02:00" testType="13cdc9d9-ddb5-4fa4-a97d-d965ccfc6d4b" outcome="Passed" testListId="8c84fa94-04c1-424b-9868-57a2d4851a1d" relativeResultsDirectory="43f217a5-e363-49b1-80fc-c0024178113b">
      <Output>
        <StdOut>POST tests/  →  201 Created
POST auth/login/  →  200 OK
POST companies/  →  201 Created
POST auth/register/  →  201 Created
POST auth/login/  →  200 OK
POST tests/  →  201 Created
GET tests/ms-allcorrect-5f7a59aa-1a15f707/results/  →  200 OK
PATCH auth/me/  →  200 OK
POST auth/login/  →  200 OK
POST auth/register/  →  201 Created
GET auth/me/  →  200 OK
POST auth/login/  →  200 OK
PUT tests/ms-update-68646dfb-2535ff3b/questions/38389/  →  200 OK</StdOut>
      </Output>
    </UnitTestResult>
    <UnitTestResult executionId="5f835193-4731-4309-83ca-a181a70770f5" testId="6ef94195-d023-b4ba-c817-3f962088524a" testName="TestIT.ApiTests.Tests.AuthenticationTests.Registration_WithValidCredentials_CreatesUserAccount" computerName="DESKTOP-13D0C24" duration="00:00:02.2326744" startTime="2026-03-13T15:02:00.4866048+02:00" endTime="2026-03-13T15:02:00.4866048+02:00" testType="13cdc9d9-ddb5-4fa4-a97d-d965ccfc6d4b" outcome="Passed" testListId="8c84fa94-04c1-424b-9868-57a2d4851a1d" relativeResultsDirectory="5f835193-4731-4309-83ca-a181a70770f5">
      <Output>
        <StdOut>POST companies/  →  201 Created
POST tests/  →  201 Created</StdOut>
      </Output>
    </UnitTestResult>
    <UnitTestResult executionId="3485478e-109d-4b6d-a6eb-eea3d4e18d37" testId="3da51cd3-867f-dfcb-efa4-9a9ad5412802" testName="TestIT.ApiTests.Tests.EdgeCaseTests.CreateTest_EmptyPassword_ShouldWork" computerName="DESKTOP-13D0C24" duration="00:00:27.2159865" startTime="2026-03-13T15:03:00.5118486+02:00" endTime="2026-03-13T15:03:00.5118487+02:00" testType="13cdc9d9-ddb5-4fa4-a97d-d965ccfc6d4b" outcome="Passed" testListId="8c84fa94-04c1-424b-9868-57a2d4851a1d" relativeResultsDirectory="3485478e-109d-4b6d-a6eb-eea3d4e18d37">
      <Output>
        <StdOut>POST auth/register/  →  201 Created
POST auth/register/  →  201 Created
POST auth/register/  →  201 Created
POST tests/ea-empty-f171ef83-41c74dd5/attempts/17898/submit/  →  200 OK
POST auth/login/  →  200 OK
POST tests/student-test-2e67bf9c-6d13fa99/attempts/  →  201 Created
POST auth/login/  →  200 OK
POST auth/login/  →  200 OK
POST tests/student-test-2e67bf9c-6d13fa99/attempts/17900/submit/  →  200 OK
GET tests/datacheck-1669ad7b-7280c0f6/results/  →  404 NotFound
POST auth/register/  →  201 Created
POST companies/12480/folders/  →  201 Created</StdOut>
      </Output>
    </UnitTestResult>
    <UnitTestResult executionId="c7972561-61b6-4de2-af42-7863d6fb0e5c" testId="fb56f5b7-03e5-c2a2-2e23-6c9e59e8a30d" testName="TestIT.ApiTests.Tests.EdgeCaseTests.CreateTest_ZeroTimeLimit_ShouldBeAllowed" computerName="DESKTOP-13D0C24" duration="00:00:02.1139166" startTime="2026-03-13T15:04:10.4613099+02:00" endTime="2026-03-13T15:04:10.4613100+02:00" testType="13cdc9d9-ddb5-4fa4-a97d-d965ccfc6d4b" outcome="Passed" testListId="8c84fa94-04c1-424b-9868-57a2d4851a1d" relativeResultsDirectory="c7972561-61b6-4de2-af42-7863d6fb0e5c">
      <Output>
        <StdOut>GET tests/datacheck-a3e7275d-32959a28/results/  →  200 OK
POST tests/ea-update-77d20703-de375459/attempts/  →  201 Created
GET tests/company/12509/guardtest-a1de1a-b0f4f6fb/  →  404 NotFound
GET companies/12510/folders/  →  200 OK
PUT tests/ea-update-77d20703-de375459/attempts/17944/  →  200 OK
POST tests/showanswers-0556d3c9-06de5ef0/attempts/  →  201 Created
POST tests/ea-update-77d20703-de375459/attempts/17944/submit/  →  200 OK
POST tests/  →  201 Created
GET tests/ea-update-77d20703-de375459/results/  →  200 OK
PUT tests/showanswers-0556d3c9-06de5ef0/attempts/17945/  →  200 OK
POST tests/  →  201 Created</StdOut>
      </Output>
    </UnitTestResult>
    <UnitTestResult executionId="e22d1cc0-adf8-4a91-a822-3653e9b8ce4b" testId="32d85165-0938-343b-1cbc-cca5aaa54579" testName="TestIT.ApiTests.Tests.AuthenticationTests.Login_WithInvalidCredentials_DeniesAccess" computerName="DESKTOP-13D0C24" duration="00:00:02.2469421" startTime="2026-03-13T15:02:11.4411411+02:00" endTime="2026-03-13T15:02:11.4411413+02:00" testType="13cdc9d9-ddb5-4fa4-a97d-d965ccfc6d4b" outcome="Passed" testListId="8c84fa94-04c1-424b-9868-57a2d4851a1d" relativeResultsDirectory="e22d1cc0-adf8-4a91-a822-3653e9b8ce4b">
      <Output>
        <StdOut>POST tests/company/12466/  →  403 Forbidden
POST tests/stress-b2dbc58d-1b9b7599/questions/  →  201 Created</StdOut>
      </Output>
    </UnitTestResult>
    <UnitTestResult executionId="a8aee209-bc50-43f7-a46b-bc4a624d6f7c" testId="d7269d3a-81fa-ad8f-62c1-1d12652b4b09" testName="TestIT.ApiTests.Tests.CoverageTests.GetPublicTests_Unauthenticated_Returns200" computerName="DESKTOP-13D0C24" duration="00:00:00.8588421" startTime="2026-03-13T15:04:29.3110636+02:00" endTime="2026-03-13T15:04:29.3110637+02:00" testType="13cdc9d9-ddb5-4fa4-a97d-d965ccfc6d4b" outcome="Passed" testListId="8c84fa94-04c1-424b-9868-57a2d4851a1d" relativeResultsDirectory="a8aee209-bc50-43f7-a46b-bc4a624d6f7c">
      <Output>
        <StdOut>POST auth/login/  →  200 OK</StdOut>
      </Output>
    </UnitTestResult>
    <UnitTestResult executionId="c3ecca94-c4a4-4649-835c-1a96c1684684" testId="c505ae2a-88b6-5b8d-adbe-d303278fcb02" testName="TestIT.ApiTests.Tests.CompanyTests.CompanyTestListing_AsAdmin_ReturnsCompanyTests" computerName="DESKTOP-13D0C24" duration="00:00:31.1123449" startTime="2026-03-13T15:03:02.1420502+02:00" endTime="2026-03-13T15:03:02.1420502+02:00" testType="13cdc9d9-ddb5-4fa4-a97d-d965ccfc6d4b" outcome="Passed" testListId="8c84fa94-04c1-424b-9868-57a2d4851a1d" relativeResultsDirectory="c3ecca94-c4a4-4649-835c-1a96c1684684" />
    <UnitTestResult executionId="4b7653fb-0add-4ff5-8eb6-01c197117d77" testId="3870bcbb-3ab9-e215-2bde-108419f2d75d" testName="TestIT.ApiTests.Tests.IntegrationTests.CrossCompanySecurity_UserBCannotAccessUserACompany" computerName="DESKTOP-13D0C24" duration="00:00:15.5801233" startTime="2026-03-13T15:03:28.8910470+02:00" endTime="2026-03-13T15:03:28.8910471+02:00" testType="13cdc9d9-ddb5-4fa4-a97d-d965ccfc6d4b" outcome="Passed" testListId="8c84fa94-04c1-424b-9868-57a2d4851a1d" relativeResultsDirectory="4b7653fb-0add-4ff5-8eb6-01c197117d77">
      <Output>
        <StdOut>GET tests/edgecase-noanswerssubmit-dbc92df1-2ddc5b3b/results/  →  200 OK
PUT tests/scorable-d59c7409-c2c5187a/attempts/17906/  →  200 OK
POST companies/  →  201 Created
GET tests/ms-allcorrect-5f7a59aa-1a15f707/take/  →  200 OK</StdOut>
      </Output>
    </UnitTestResult>
    <UnitTestResult executionId="48f1a4a3-34c8-4b3d-b51e-4e22c54e3a68" testId="c81093c3-d854-5679-ac8f-37c161dd7066" testName="TestIT.ApiTests.Tests.FolderTests.FolderDeletion_WithAssignedTest_TestRecordRemainsIntact" computerName="DESKTOP-13D0C24" duration="00:00:01.9385696" startTime="2026-03-13T15:04:39.5605274+02:00" endTime="2026-03-13T15:04:39.5605275+02:00" testType="13cdc9d9-ddb5-4fa4-a97d-d965ccfc6d4b" outcome="Passed" testListId="8c84fa94-04c1-424b-9868-57a2d4851a1d" relativeResultsDirectory="48f1a4a3-34c8-4b3d-b51e-4e22c54e3a68">
      <Output>
        <StdOut>POST auth/login/  →  200 OK
POST companies/12525/folders/  →  201 Created
PATCH tests/occupiedtest-cb6cd15c-a22db3bf/  →  200 OK
DELETE companies/12525/folders/4603/  →  204 NoContent</StdOut>
      </Output>
    </UnitTestResult>
    <UnitTestResult executionId="1048768b-246d-4c63-8e82-b5b41e3a5bc8" testId="55fd053a-3a19-3e5f-dd47-f15e2aa87372" testName="TestIT.ApiTests.Tests.FolderTests.FolderDeletion_WithValidId_RemovesFolder" computerName="DESKTOP-13D0C24" duration="00:00:06.6082146" startTime="2026-03-13T15:04:04.0805486+02:00" endTime="2026-03-13T15:04:04.0805487+02:00" testType="13cdc9d9-ddb5-4fa4-a97d-d965ccfc6d4b" outcome="Passed" testListId="8c84fa94-04c1-424b-9868-57a2d4851a1d" relativeResultsDirectory="1048768b-246d-4c63-8e82-b5b41e3a5bc8" />
    <UnitTestResult executionId="510bf614-3503-4f38-8ecb-8e3b4e46e3b9" testId="a8b7bc2f-1023-77db-f56a-c74be8c48cee" testName="TestIT.ApiTests.Tests.CoverageTests.RemoveMember_AsAdmin_RemovesMemberSuccessfully" computerName="DESKTOP-13D0C24" duration="00:00:05.4539749" startTime="2026-03-13T15:04:28.4520813+02:00" endTime="2026-03-13T15:04:28.4520814+02:00" testType="13cdc9d9-ddb5-4fa4-a97d-d965ccfc6d4b" outcome="Passed" testListId="8c84fa94-04c1-424b-9868-57a2d4851a1d" relativeResultsDirectory="510bf614-3503-4f38-8ecb-8e3b4e46e3b9">
      <Output>
        <StdOut>POST tests/  →  201 Created
POST tests/wrongpw-92ebc146-7cd017f1/verify-password/  →  400 BadRequest</StdOut>
      </Output>
    </UnitTestResult>
    <UnitTestResult executionId="a756a7db-b061-4ca4-b6c9-8f6c7ca565c0" testId="e50eadb6-8a24-7505-a091-974cd9591b16" testName="TestIT.ApiTests.Tests.SecurityTests.Authentication_NoToken_DeniesProtectedEndpoints" computerName="DESKTOP-13D0C24" duration="00:00:02.0828180" startTime="2026-03-13T15:03:39.8949928+02:00" endTime="2026-03-13T15:03:39.8949929+02:00" testType="13cdc9d9-ddb5-4fa4-a97d-d965ccfc6d4b" outcome="Passed" testListId="8c84fa94-04c1-424b-9868-57a2d4851a1d" relativeResultsDirectory="a756a7db-b061-4ca4-b6c9-8f6c7ca565c0">
      <Output>
        <StdOut>POST auth/login/  →  200 OK</StdOut>
      </Output>
    </UnitTestResult>
    <UnitTestResult executionId="cbb21da5-f5f9-422e-8c2d-4c74c66a96d2" testId="7ea34c97-b276-91ad-a88b-275a437e02ec" testName="TestIT.ApiTests.Tests.MissingCoverageTests.CompanyFolders_ByNonMember_DeniesAccess" computerName="DESKTOP-13D0C24" duration="00:00:09.8808584" startTime="2026-03-13T15:03:53.6012801+02:00" endTime="2026-03-13T15:03:53.6012802+02:00" testType="13cdc9d9-ddb5-4fa4-a97d-d965ccfc6d4b" outcome="Passed" testListId="8c84fa94-04c1-424b-9868-57a2d4851a1d" relativeResultsDirectory="cbb21da5-f5f9-422e-8c2d-4c74c66a96d2">
      <Output>
        <StdOut>POST auth/login/  →  200 OK
POST tests/  →  201 Created
GET companies/12502/folders/4591/  →  200 OK
POST auth/login/  →  200 OK
POST tests/  →  201 Created</StdOut>
      </Output>
    </UnitTestResult>
    <UnitTestResult executionId="9f42afd8-17b8-4033-81fa-e4487edec690" testId="4fa5d943-0d43-8021-8f93-080fff07b688" testName="TestIT.ApiTests.Tests.DataIntegrityTests.Immutability_SubmittedAttempts_CannotBeModified" computerName="DESKTOP-13D0C24" duration="00:00:01.7041390" startTime="2026-03-13T15:04:28.9130016+02:00" endTime="2026-03-13T15:04:28.9130017+02:00" testType="13cdc9d9-ddb5-4fa4-a97d-d965ccfc6d4b" outcome="Failed" testListId="8c84fa94-04c1-424b-9868-57a2d4851a1d" relativeResultsDirectory="9f42afd8-17b8-4033-81fa-e4487edec690">
      <Output>
        <StdOut>GET companies/12518/members/  →  200 OK
PUT tests/datacheck-10c7574f-35e708ba/attempts/17958/  →  200 OK</StdOut>
        <ErrorInfo>
          <Message>Expected response.StatusCode to be HttpStatusCode.BadRequest {value: 400} because updating a submitted attempt must be rejected with 400 Bad Request, but found HttpStatusCode.Unauthorized {value: 401}.</Message>
          <StackTrace>   at FluentAssertions.Execution.LateBoundTestFramework.Throw(String message)
   at FluentAssertions.Execution.DefaultAssertionStrategy.HandleFailure(String message)
   at FluentAssertions.Execution.AssertionChain.FailWith(Func`1 getFailureReason)
   at FluentAssertions.Primitives.EnumAssertions`2.Be(TEnum expected, String because, Object[] becauseArgs)
   at TestIT.ApiTests.Tests.DataIntegrityTests.Immutability_SubmittedAttempts_CannotBeModified() in /home/kolev95/examtest1/TestIT.ApiTests/Tests/DataIntegrityTests.cs:line 401
--- End of stack trace from previous location ---</StackTrace>
        </ErrorInfo>
      </Output>
    </UnitTestResult>
    <UnitTestResult executionId="fa715543-097f-4ab7-8bb3-745285a7bb63" testId="ee04b3ab-771a-9fc7-c081-b98d9dbf2886" testName="TestIT.ApiTests.Tests.SchemaValidationTests.Schema_QuestionResponse_HasRequiredFields" computerName="DESKTOP-13D0C24" duration="00:00:09.8171392" startTime="2026-03-13T15:02:10.4206348+02:00" endTime="2026-03-13T15:02:10.4206350+02:00" testType="13cdc9d9-ddb5-4fa4-a97d-d965ccfc6d4b" outcome="Passed" testListId="8c84fa94-04c1-424b-9868-57a2d4851a1d" relativeResultsDirectory="fa715543-097f-4ab7-8bb3-745285a7bb63">
      <Output>
        <StdOut>POST companies/12468/folders/  →  201 Created
GET tests/company/12470/compdetail-e80428-2cb52d4d/  →  200 OK
POST auth/register/  →  201 Created
GET tests/analyticsdist-85f102aa-6ae19885/take/  →  200 OK</StdOut>
      </Output>
    </UnitTestResult>
    <UnitTestResult executionId="85bec111-0d9c-492e-bc95-a382738eda93" testId="b2400711-d714-679d-a2bc-e91e3d287469" testName="TestIT.ApiTests.Tests.AnalyticsTests.Analytics_CompletionRate_ReflectsAbandonedAttempts" computerName="DESKTOP-13D0C24" duration="00:00:35.3875686" startTime="2026-03-13T15:03:08.0182769+02:00" endTime="2026-03-13T15:03:08.0182770+02:00" testType="13cdc9d9-ddb5-4fa4-a97d-d965ccfc6d4b" outcome="Passed" testListId="8c84fa94-04c1-424b-9868-57a2d4851a1d" relativeResultsDirectory="85bec111-0d9c-492e-bc95-a382738eda93">
      <Output>
        <StdOut>DELETE tests/datacheck-1669ad7b-7280c0f6/  →  204 NoContent
POST auth/login/  →  200 OK
POST auth/register/  →  201 Created
POST companies/  →  201 Created
POST tests/reorder-8b67a399-bba74eb1/questions/  →  201 Created
POST tests/perfresults-f2a39532-beea47f9/questions/  →  201 Created</StdOut>
      </Output>
    </UnitTestResult>
    <UnitTestResult executionId="235ac8e9-f119-4107-9327-734cb96f7757" testId="06ca81bf-4105-5157-47b8-8f9b331168f8" testName="TestIT.ApiTests.Tests.TestTakingTests.TestAccess_PublicTest_AllowsAnonymousAccess" computerName="DESKTOP-13D0C24" duration="00:00:32.6039620" startTime="2026-03-13T15:02:58.7651484+02:00" endTime="2026-03-13T15:02:58.7651484+02:00" testType="13cdc9d9-ddb5-4fa4-a97d-d965ccfc6d4b" outcome="Passed" testListId="8c84fa94-04c1-424b-9868-57a2d4851a1d" relativeResultsDirectory="235ac8e9-f119-4107-9327-734cb96f7757">
      <Output>
        <StdOut>GET tests/  →  200 OK
POST companies/12477/folders/  →  201 Created
POST tests/math-test-c10d8ed9/questions/  →  201 Created
POST auth/login/  →  200 OK
POST tests/  →  201 Created
PATCH tests/nofolder-accee49e-3da2ba92/  →  400 BadRequest
POST auth/register/  →  201 Created
GET tests/resultschema-1086f35c-400d56ce/results/  →  200 OK
POST auth/register/  →  201 Created</StdOut>
      </Output>
    </UnitTestResult>
    <UnitTestResult executionId="5b92d070-68f2-467b-a863-53627485955d" testId="def0097c-f5a6-eace-bc25-d03060eee23d" testName="TestIT.ApiTests.Tests.SchemaValidationTests.Schema_AnalyticsResponse_HasRequiredFields" computerName="DESKTOP-13D0C24" duration="00:00:09.4827977" startTime="2026-03-13T15:03:36.1891387+02:00" endTime="2026-03-13T15:03:36.1891388+02:00" testType="13cdc9d9-ddb5-4fa4-a97d-d965ccfc6d4b" outcome="Passed" testListId="8c84fa94-04c1-424b-9868-57a2d4851a1d" relativeResultsDirectory="5b92d070-68f2-467b-a863-53627485955d">
      <Output>
        <StdOut>GET companies/12495/members/  →  200 OK
POST auth/login/  →  200 OK
POST tests/  →  201 Created
GET companies/12496/folders/  →  200 OK</StdOut>
      </Output>
    </UnitTestResult>
    <UnitTestResult executionId="d43f50ba-5d2d-4233-941e-01cd31afab15" testId="825dce9f-13bc-8a8f-095d-14e06863a4da" testName="TestIT.ApiTests.Tests.SecurityTests.InputValidation_XSSInQuestionText_IsSanitized" computerName="DESKTOP-13D0C24" duration="00:00:03.8950422" startTime="2026-03-13T15:03:46.5565957+02:00" endTime="2026-03-13T15:03:46.5565958+02:00" testType="13cdc9d9-ddb5-4fa4-a97d-d965ccfc6d4b" outcome="Failed" testListId="8c84fa94-04c1-424b-9868-57a2d4851a1d" relativeResultsDirectory="d43f50ba-5d2d-4233-941e-01cd31afab15">
      <Output>
        <StdOut>POST tests/  →  201 Created
POST tests/  →  201 Created
POST tests/resdetailauth-37413c7b-941a6ef0/questions/  →  201 Created
POST tests/company-test-20fdd153-76338ca9/attempts/17922/submit/  →  200 OK
PUT tests/hideanswers-f7a46c8a-639356e4/attempts/17921/  →  200 OK
POST tests/hideanswers-f7a46c8a-639356e4/attempts/17921/submit/  →  200 OK
GET companies/12502/folders/4591/  →  200 OK
POST auth/login/  →  200 OK
POST tests/  →  201 Created
POST tests/ea-create-1c265776-d7a53887/questions/  →  201 Created</StdOut>
        <ErrorInfo>
          <Message>Expected response.StatusCode to be HttpStatusCode.Created {value: 201} because the API must store XSS payloads as-is and rely on the frontend to escape on render, but found HttpStatusCode.BadRequest {value: 400}.</Message>
          <StackTrace>   at FluentAssertions.Execution.LateBoundTestFramework.Throw(String message)
   at FluentAssertions.Execution.DefaultAssertionStrategy.HandleFailure(String message)
   at FluentAssertions.Execution.AssertionChain.FailWith(Func`1 getFailureReason)
   at FluentAssertions.Primitives.EnumAssertions`2.Be(TEnum expected, String because, Object[] becauseArgs)
   at TestIT.ApiTests.Tests.SecurityTests.InputValidation_XSSInQuestionText_IsSanitized() in /home/kolev95/examtest1/TestIT.ApiTests/Tests/SecurityTests.cs:line 247
--- End of stack trace from previous location ---</StackTrace>
        </ErrorInfo>
      </Output>
    </UnitTestResult>
    <UnitTestResult executionId="e1d6f837-9dcf-4782-9d1b-15fc8c8ce871" testId="894c6cce-f89b-189a-70d9-dfdb39c452da" testName="TestIT.ApiTests.Tests.SchemaValidationTests.Schema_LoginResponse_HasRequiredFieldsOnly" computerName="DESKTOP-13D0C24" duration="00:00:06.9489798" startTime="2026-03-13T15:03:04.6543506+02:00" endTime="2026-03-13T15:03:04.6543507+02:00" testType="13cdc9d9-ddb5-4fa4-a97d-d965ccfc6d4b" outcome="Passed" testListId="8c84fa94-04c1-424b-9868-57a2d4851a1d" relativeResultsDirectory="e1d6f837-9dcf-4782-9d1b-15fc8c8ce871">
      <Output>
        <StdOut>DELETE tests/test-to-delete-4c5d45a2/  →  204 NoContent
GET analytics/tests/student-test-2e67bf9c-6d13fa99/  →  200 OK
POST auth/login/  →  200 OK
POST tests/  →  201 Created
POST tests/company/12481/  →  201 Created
POST auth/register/  →  201 Created
GET tests/company/12481/  →  200 OK
POST auth/login/  →  200 OK
POST tests/perfresults-f2a39532-beea47f9/attempts/17901/submit/  →  200 OK
POST auth/register/  →  201 Created</StdOut>
      </Output>
    </UnitTestResult>
    <UnitTestResult executionId="15c783a9-d2c3-4cee-bdd7-2291a7068583" testId="5c144c15-bb71-80c2-e6c8-ce6d4b63f52f" testName="TestIT.ApiTests.Tests.EdgeCaseTests.Register_EmailWithPlus_ShouldWork" computerName="DESKTOP-13D0C24" duration="00:00:02.6629915" startTime="2026-03-13T15:03:38.8536309+02:00" endTime="2026-03-13T15:03:38.8536309+02:00" testType="13cdc9d9-ddb5-4fa4-a97d-d965ccfc6d4b" outcome="Passed" testListId="8c84fa94-04c1-424b-9868-57a2d4851a1d" relativeResultsDirectory="15c783a9-d2c3-4cee-bdd7-2291a7068583">
      <Output>
        <StdOut>POST auth/register/  →  201 Created
POST tests/datacheck-cc396e26-7c33ee52/attempts/17919/submit/  →  200 OK
GET tests/  →  401 Unauthorized
PUT tests/ea-wrong-75aeb3fd-b4220625/attempts/17920/  →  200 OK
POST auth/register/  →  201 Created</StdOut>
      </Output>
    </UnitTestResult>
    <UnitTestResult executionId="1057f594-34b6-483d-b9aa-2218ca45d979" testId="0ccbea05-b4a1-95f2-1c4a-0ed2b048cc68" testName="TestIT.ApiTests.Tests.LatestFeatureTests.ExactAnswer_Analytics_TotalAttemptsReflectsTextSubmissions" computerName="DESKTOP-13D0C24" duration="00:00:14.1937961" startTime="2026-03-13T15:04:01.9304570+02:00" endTime="2026-03-13T15:04:01.9304571+02:00" testType="13cdc9d9-ddb5-4fa4-a97d-d965ccfc6d4b" outcome="Passed" testListId="8c84fa94-04c1-424b-9868-57a2d4851a1d" relativeResultsDirectory="1057f594-34b6-483d-b9aa-2218ca45d979">
      <Output>
        <StdOut>POST tests/  →  400 BadRequest
POST auth/register/  →  201 Created
POST auth/login/  →  200 OK
POST auth/login/  →  200 OK
POST auth/register/  →  201 Created
POST tests/ms-create-cf531fe4-4e68171e/questions/  →  201 Created</StdOut>
      </Output>
    </UnitTestResult>
    <UnitTestResult executionId="442d0514-32c3-4b54-85c2-a324831ca774" testId="c669d17a-45bc-c1b9-b99c-5dcc56174da9" testName="TestIT.ApiTests.Tests.MissingCoverageTests.TestListing_AsAuthor_DoesNotIncludeOtherUsersTests" computerName="DESKTOP-13D0C24" duration="00:00:15.7937896" startTime="2026-03-13T15:02:25.7127044+02:00" endTime="2026-03-13T15:02:25.7127046+02:00" testType="13cdc9d9-ddb5-4fa4-a97d-d965ccfc6d4b" outcome="Passed" testListId="8c84fa94-04c1-424b-9868-57a2d4851a1d" relativeResultsDirectory="442d0514-32c3-4b54-85c2-a324831ca774">
      <Output>
        <StdOut>POST auth/register/  →  201 Created
PUT tests/updateq-f1ac550b-e1efde52/questions/38254/  →  200 OK
POST tests/company/12467/  →  403 Forbidden</StdOut>
      </Output>
    </UnitTestResult>
    <UnitTestResult executionId="257812cb-c200-44b1-910c-4ea98055767d" testId="49f7c86b-7181-85f5-2a83-f61ed2039fc3" testName="TestIT.ApiTests.Tests.SecurityTests.Authorization_UserCannotDeleteOtherUsersTests" computerName="DESKTOP-13D0C24" duration="00:00:06.7966081" startTime="2026-03-13T15:03:58.7093938+02:00" endTime="2026-03-13T15:03:58.7093938+02:00" testType="13cdc9d9-ddb5-4fa4-a97d-d965ccfc6d4b" outcome="Failed" testListId="8c84fa94-04c1-424b-9868-57a2d4851a1d" relativeResultsDirectory="257812cb-c200-44b1-910c-4ea98055767d">
      <Output>
        <StdOut>POST auth/login/  →  200 OK
GET tests/resdetailauth-37413c7b-941a6ef0/results/17925/  →  404 NotFound
POST auth/login/  →  200 OK
POST auth/register/  →  201 Created
POST tests/scorable-d40b08c4-42249e17/questions/  →  201 Created
POST auth/register/  →  201 Created
POST auth/login/  →  200 OK
POST auth/login/  →  200 OK
POST tests/multiselect-c4d9074d-7bf90f5d/questions/  →  201 Created
POST auth/login/  →  200 OK
GET tests/multiselect-c4d9074d-7bf90f5d/take/  →  200 OK
PUT tests/scorable-d40b08c4-42249e17/attempts/17936/  →  200 OK
POST auth/login/  →  200 OK
POST tests/edgecase-noanswers-87ae60d0-b50b38b0/questions/  →  400 BadRequest
POST tests/ea-hideca-7649c0c5-51b1cdf0/questions/  →  201 Created
POST auth/login/  →  200 OK</StdOut>
        <ErrorInfo>
          <Message>Expected response.StatusCode to be HttpStatusCode.Forbidden {value: 403} because authenticated non-owner must receive 403 Forbidden when deleting another user's test, but found HttpStatusCode.NotFound {value: 404}.</Message>
          <StackTrace>   at FluentAssertions.Execution.LateBoundTestFramework.Throw(String message)
   at FluentAssertions.Execution.DefaultAssertionStrategy.HandleFailure(String message)
   at FluentAssertions.Execution.AssertionChain.FailWith(Func`1 getFailureReason)
   at FluentAssertions.Primitives.EnumAssertions`2.Be(TEnum expected, String because, Object[] becauseArgs)
   at TestIT.ApiTests.Tests.SecurityTests.Authorization_UserCannotDeleteOtherUsersTests() in /home/kolev95/examtest1/TestIT.ApiTests/Tests/SecurityTests.cs:line 118
--- End of stack trace from previous location ---</StackTrace>
        </ErrorInfo>
      </Output>
    </UnitTestResult>
    <UnitTestResult executionId="2946b0f0-1205-4194-b90d-0c64edb7d7b9" testId="2ba6dde9-41ec-e8aa-c291-33997dce13d5" testName="TestIT.ApiTests.Tests.TestTakingTests.PasswordVerification_WithCorrectPassword_GrantsAccess" computerName="DESKTOP-13D0C24" duration="00:00:06.4457509" startTime="2026-03-13T15:04:04.0627115+02:00" endTime="2026-03-13T15:04:04.0627116+02:00" testType="13cdc9d9-ddb5-4fa4-a97d-d965ccfc6d4b" outcome="Passed" testListId="8c84fa94-04c1-424b-9868-57a2d4851a1d" relativeResultsDirectory="2946b0f0-1205-4194-b90d-0c64edb7d7b9">
      <Output>
        <StdOut>POST tests/analyticsstats-10c2b2f6-fca8df5f/attempts/  →  201 Created</StdOut>
      </Output>
    </UnitTestResult>
    <UnitTestResult executionId="86e76987-7f78-4df1-8173-22bd063be05a" testId="6aeba8c3-911e-0c27-412b-6c5bfa1d8c4e" testName="TestIT.ApiTests.Tests.AuthenticationTests.Registration_WithMissingRequiredFields_RejectsRequest" computerName="DESKTOP-13D0C24" duration="00:00:02.4580109" startTime="2026-03-13T15:02:18.3837524+02:00" endTime="2026-03-13T15:02:18.3837525+02:00" testType="13cdc9d9-ddb5-4fa4-a97d-d965ccfc6d4b" outcome="Passed" testListId="8c84fa94-04c1-424b-9868-57a2d4851a1d" relativeResultsDirectory="86e76987-7f78-4df1-8173-22bd063be05a">
      <Output>
        <StdOut>GET tests/non-existent-slug-12345/  →  404 NotFound
POST tests/analyticsdist-85f102aa-6ae19885/attempts/17843/submit/  →  200 OK
DELETE tests/company/12472/guarddel-95501f-1115c0de/  →  404 NotFound</StdOut>
      </Output>
    </UnitTestResult>
    <UnitTestResult executionId="ab9371f2-f68a-4dab-8a20-23ab391c36e2" testId="11a9d361-b83c-c4f2-07ac-f3fca0c19c0d" testName="TestIT.ApiTests.Tests.TestTakingTests.AttemptSubmission_AlreadySubmitted_PreventsDoubleSubmission" computerName="DESKTOP-13D0C24" duration="00:00:11.1071445" startTime="2026-03-13T15:03:57.6167488+02:00" endTime="2026-03-13T15:03:57.6167488+02:00" testType="13cdc9d9-ddb5-4fa4-a97d-d965ccfc6d4b" outcome="Passed" testListId="8c84fa94-04c1-424b-9868-57a2d4851a1d" relativeResultsDirectory="ab9371f2-f68a-4dab-8a20-23ab391c36e2">
      <Output>
        <StdOut>POST tests/ms-allwrong-b4f4b10c-e60a78b9/attempts/17924/submit/  →  200 OK
POST tests/  →  201 Created
GET tests/resdetailauth-37413c7b-941a6ef0/results/  →  200 OK
POST tests/xsssec-6d3af89e-191af76e/questions/  →  400 BadRequest
POST auth/register/  →  201 Created
POST auth/login/  →  200 OK
GET tests/datacheck-3006b78e-ef0f2237/results/  →  200 OK
POST tests/  →  201 Created
GET analytics/tests/analyticsauth-6063532d-0a490718/  →  404 NotFound</StdOut>
      </Output>
    </UnitTestResult>
    <UnitTestResult executionId="449aa243-2930-48c1-b1ed-4ce432f40fc2" testId="44610fa2-498b-78f7-19ab-1ee1b24dc334" testName="TestIT.ApiTests.Tests.LatestFeatureTests.TestFolderAssignment_ToNonExistentFolder_ReturnsBadRequest" computerName="DESKTOP-13D0C24" duration="00:00:21.3222684" startTime="2026-03-13T15:02:43.8382806+02:00" endTime="2026-03-13T15:02:43.8382813+02:00" testType="13cdc9d9-ddb5-4fa4-a97d-d965ccfc6d4b" outcome="Passed" testListId="8c84fa94-04c1-424b-9868-57a2d4851a1d" relativeResultsDirectory="449aa243-2930-48c1-b1ed-4ce432f40fc2">
      <Output>
        <StdOut>POST companies/12473/invites/  →  201 Created
POST tests/student-test-2e67bf9c-6d13fa99/questions/  →  201 Created
POST auth/register/  →  201 Created</StdOut>
      </Output>
    </UnitTestResult>
    <UnitTestResult executionId="4c7f0e6c-421e-44bc-825d-97cfbd602796" testId="5f5171d2-04b0-231c-ebb5-4998630eeeeb" testName="TestIT.ApiTests.Tests.CompanyTests.CompanyUpdate_WithValidData_UpdatesCompanySuccessfully" computerName="DESKTOP-13D0C24" duration="00:00:06.2280452" startTime="2026-03-13T15:03:41.0744847+02:00" endTime="2026-03-13T15:03:41.0744848+02:00" testType="13cdc9d9-ddb5-4fa4-a97d-d965ccfc6d4b" outcome="Passed" testListId="8c84fa94-04c1-424b-9868-57a2d4851a1d" relativeResultsDirectory="4c7f0e6c-421e-44bc-825d-97cfbd602796">
      <Output>
        <StdOut>POST tests/datacheck-cc396e26-7c33ee52/attempts/  →  201 Created
POST tests/  →  201 Created
GET auth/me/  →  200 OK
POST companies/12500/folders/  →  400 BadRequest
POST auth/refresh/  →  401 Unauthorized
POST tests/analyticsschema-6e7e346d-c8fee587/attempts/17918/submit/  →  200 OK
POST auth/register/  →  201 Created
POST tests/datacheck-cc396e26-7c33ee52/attempts/  →  201 Created
POST auth/register/  →  201 Created
GET tests/public/  →  200 OK
POST auth/login/  →  200 OK
POST auth/login/  →  200 OK
POST auth/register/  →  201 Created
POST auth/login/  →  200 OK
POST auth/register/  →  201 Created</StdOut>
      </Output>
    </UnitTestResult>
    <UnitTestResult executionId="32e79d64-6755-4e9a-bc9d-f7620fa0f719" testId="5625b1e8-61b6-a2fc-56a6-359ea15df749" testName="TestIT.ApiTests.Tests.MissingCoverageTests.ResultDetail_AsUnauthenticatedUser_DeniesAccess" computerName="DESKTOP-13D0C24" duration="00:00:19.5948639" startTime="2026-03-13T15:02:08.7052476+02:00" endTime="2026-03-13T15:02:08.7052477+02:00" testType="13cdc9d9-ddb5-4fa4-a97d-d965ccfc6d4b" outcome="Passed" testListId="8c84fa94-04c1-424b-9868-57a2d4851a1d" relativeResultsDirectory="32e79d64-6755-4e9a-bc9d-f7620fa0f719" />
    <UnitTestResult executionId="b46577c4-7cbd-4515-a42d-1477279e2d52" testId="55355296-5793-64f8-f808-c9d7907080bd" testName="TestIT.ApiTests.Tests.MissingCoverageTests.ProfileUpdate_ChangesPersistAcrossRequests" computerName="DESKTOP-13D0C24" duration="00:00:07.6735204" startTime="2026-03-13T15:03:21.4904680+02:00" endTime="2026-03-13T15:03:21.4904681+02:00" testType="13cdc9d9-ddb5-4fa4-a97d-d965ccfc6d4b" outcome="Passed" testListId="8c84fa94-04c1-424b-9868-57a2d4851a1d" relativeResultsDirectory="b46577c4-7cbd-4515-a42d-1477279e2d52">
      <Output>
        <StdOut>POST tests/  →  201 Created
POST auth/register/  →  201 Created
POST tests/  →  201 Created
POST invites/FwZ4oZQYlhZnocRocy6clWBB42-OJUB9iUAyZb9OCVs/accept/  →  200 OK
GET tests/getq-56aa9244-dc1f9ea5/questions/38387/  →  200 OK
POST tests/  →  201 Created
POST tests/analyticsdiff-89dc82d1-b9def6ad/attempts/  →  201 Created
POST auth/register/  →  201 Created</StdOut>
      </Output>
    </UnitTestResult>
    <UnitTestResult executionId="cf8a2c77-e95e-4e84-a4f0-0749663a8de6" testId="e505b07f-3531-b8a9-cd2f-0b18f3391145" testName="TestIT.ApiTests.Tests.CleanupTests.AccountCleanup_AllTrackedAccounts_DeletesSuccessfully" computerName="DESKTOP-13D0C24" duration="00:04:21.4442122" startTime="2026-03-13T15:09:24.5084779+02:00" endTime="2026-03-13T15:09:24.5084779+02:00" testType="13cdc9d9-ddb5-4fa4-a97d-d965ccfc6d4b" outcome="Passed" testListId="8c84fa94-04c1-424b-9868-57a2d4851a1d" relativeResultsDirectory="cf8a2c77-e95e-4e84-a4f0-0749663a8de6">
      <Output>
        <StdOut>Testing account-based cleanup (CASCADE DELETE)...

POST auth/login/  →  200 OK
POST auth/login/  →  200 OK
POST auth/login/  →  200 OK
POST tests/  →  201 Created
Tracked accounts before: 271, after adding 3: 274
POST auth/login/  →  200 OK
DELETE auth/me/  →  204 NoContent
DELETE auth/me/  →  204 NoContent
POST auth/login/  →  200 OK
DELETE auth/me/  →  204 NoContent
DELETE auth/me/  →  204 NoContent
POST auth/login/  →  200 OK
POST auth/login/  →  200 OK
POST auth/login/  →  200 OK
DELETE auth/me/  →  204 NoContent
DELETE auth/me/  →  204 NoContent
POST auth/login/  →  200 OK
DELETE auth/me/  →  204 NoContent
DELETE auth/me/  →  204 NoContent
POST auth/login/  →  200 OK
POST auth/login/  →  200 OK
POST auth/login/  →  200 OK
DELETE auth/me/  →  204 NoContent
DELETE auth/me/  →  204 NoContent
POST auth/login/  →  200 OK
DELETE auth/me/  →  204 NoContent
DELETE auth/me/  →  204 NoContent
POST auth/login/  →  200 OK
POST auth/login/  →  200 OK
POST auth/login/  →  200 OK
DELETE auth/me/  →  204 NoContent
DELETE auth/me/  →  204 NoContent
POST auth/login/  →  200 OK
DELETE auth/me/  →  204 NoContent
DELETE auth/me/  →  204 NoContent
POST auth/login/  →  200 OK
POST auth/login/  →  200 OK
POST auth/login/  →  200 OK
DELETE auth/me/  →  204 NoContent
DELETE auth/me/  →  204 NoContent
POST auth/login/  →  200 OK
DELETE auth/me/  →  204 NoContent
DELETE auth/me/  →  204 NoContent
POST auth/login/  →  200 OK
POST auth/login/  →  200 OK
POST auth/login/  →  200 OK
DELETE auth/me/  →  204 NoContent
DELETE auth/me/  →  204 NoContent
POST auth/login/  →  200 OK
DELETE auth/me/  →  204 NoContent
DELETE auth/me/  →  204 NoContent
POST auth/login/  →  200 OK
POST auth/login/  →  200 OK
POST auth/login/  →  200 OK
DELETE auth/me/  →  204 NoContent
DELETE auth/me/  →  204 NoContent
POST auth/login/  →  200 OK
DELETE auth/me/  →  204 NoContent
DELETE auth/me/  →  204 NoContent
POST auth/login/  →  200 OK
POST auth/login/  →  200 OK
POST auth/login/  →  200 OK
DELETE auth/me/  →  204 NoContent
DELETE auth/me/  →  204 NoContent
POST auth/login/  →  200 OK
DELETE auth/me/  →  204 NoContent
DELETE auth/me/  →  204 NoContent
POST auth/login/  →  200 OK
POST auth/login/  →  200 OK
POST auth/login/  →  200 OK
DELETE auth/me/  →  204 NoContent
DELETE auth/me/  →  204 NoContent
POST auth/login/  →  200 OK
DELETE auth/me/  →  204 NoContent
DELETE auth/me/  →  204 NoContent
POST auth/login/  →  200 OK
POST auth/login/  →  200 OK
POST auth/login/  →  200 OK
DELETE auth/me/  →  204 NoContent
DELETE auth/me/  →  204 NoContent
POST auth/login/  →  200 OK
DELETE auth/me/  →  204 NoContent
DELETE auth/me/  →  204 NoContent
POST auth/login/  →  200 OK
POST auth/login/  →  200 OK
POST auth/login/  →  200 OK
DELETE auth/me/  →  204 NoContent
DELETE auth/me/  →  204 NoContent
POST auth/login/  →  200 OK
DELETE auth/me/  →  204 NoContent
DELETE auth/me/  →  204 NoContent
POST auth/login/  →  200 OK
POST auth/login/  →  200 OK
POST auth/login/  →  200 OK
DELETE auth/me/  →  204 NoContent
DELETE auth/me/  →  204 NoContent
POST auth/login/  →  200 OK
DELETE auth/me/  →  204 NoContent
DELETE auth/me/  →  204 NoContent
POST auth/login/  →  200 OK
POST auth/login/  →  200 OK
POST auth/login/  →  200 OK
DELETE auth/me/  →  204 NoContent
DELETE auth/me/  →  204 NoContent
POST auth/login/  →  200 OK
DELETE auth/me/  →  204 NoContent
POST auth/login/  →  200 OK
POST auth/login/  →  200 OK
DELETE auth/me/  →  204 NoContent
DELETE auth/me/  →  204 NoContent
POST auth/login/  →  200 OK
DELETE auth/me/  →  204 NoContent
POST auth/login/  →  200 OK
DELETE auth/me/  →  204 NoContent
DELETE auth/me/  →  204 NoContent
POST auth/login/  →  200 OK
DELETE auth/me/  →  204 NoContent
DELETE auth/me/  →  204 NoContent
POST auth/login/  →  200 OK
POST auth/login/  →  200 OK
POST auth/login/  →  200 OK
DELETE auth/me/  →  204 NoContent
DELETE auth/me/  →  204 NoContent
POST auth/login/  →  200 OK
DELETE auth/me/  →  204 NoContent
DELETE auth/me/  →  204 NoContent
POST auth/login/  →  200 OK
POST auth/login/  →  200 OK
POST auth/login/  →  200 OK
DELETE auth/me/  →  204 NoContent
DELETE auth/me/  →  204 NoContent
POST auth/login/  →  401 Unauthorized
DELETE auth/me/  →  204 NoContent
POST auth/login/  →  200 OK
DELETE auth/me/  →  204 NoContent
DELETE auth/me/  →  204 NoContent
POST auth/login/  →  200 OK
POST auth/login/  →  200 OK
POST auth/login/  →  200 OK
DELETE auth/me/  →  204 NoContent
DELETE auth/me/  →  204 NoContent
POST auth/login/  →  200 OK
DELETE auth/me/  →  204 NoContent
DELETE auth/me/  →  204 NoContent
POST auth/login/  →  200 OK
POST auth/login/  →  200 OK
POST auth/login/  →  200 OK
DELETE auth/me/  →  204 NoContent
DELETE auth/me/  →  204 NoContent
POST auth/login/  →  200 OK
DELETE auth/me/  →  204 NoContent
DELETE auth/me/  →  204 NoContent
POST auth/login/  →  200 OK
POST auth/login/  →  200 OK
POST auth/login/  →  200 OK
DELETE auth/me/  →  204 NoContent
DELETE auth/me/  →  204 NoContent
POST auth/login/  →  200 OK
DELETE auth/me/  →  204 NoContent
DELETE auth/me/  →  204 NoContent
POST auth/login/  →  200 OK
POST auth/login/  →  200 OK
POST auth/login/  →  200 OK
DELETE auth/me/  →  204 NoContent
DELETE auth/me/  →  204 NoContent
POST auth/login/  →  200 OK
DELETE auth/me/  →  204 NoContent
DELETE auth/me/  →  204 NoContent
POST auth/login/  →  200 OK
POST auth/login/  →  200 OK
POST auth/login/  →  200 OK
DELETE auth/me/  →  204 NoContent
DELETE auth/me/  →  204 NoContent
POST auth/login/  →  200 OK
DELETE auth/me/  →  204 NoContent
DELETE auth/me/  →  204 NoContent
POST auth/login/  →  200 OK
POST auth/login/  →  200 OK
POST auth/login/  →  200 OK
DELETE auth/me/  →  204 NoContent
DELETE auth/me/  →  204 NoContent
POST auth/login/  →  200 OK
DELETE auth/me/  →  204 NoContent
DELETE auth/me/  →  204 NoContent
POST auth/login/  →  200 OK
POST auth/login/  →  200 OK
POST auth/login/  →  200 OK
DELETE auth/me/  →  204 NoContent
DELETE auth/me/  →  204 NoContent
POST auth/login/  →  200 OK
DELETE auth/me/  →  204 NoContent
DELETE auth/me/  →  204 NoContent
POST auth/login/  →  200 OK
POST auth/login/  →  200 OK
POST auth/login/  →  200 OK
DELETE auth/me/  →  204 NoContent
DELETE auth/me/  →  204 NoContent
POST auth/login/  →  200 OK
DELETE auth/me/  →  204 NoContent
DELETE auth/me/  →  204 NoContent
POST auth/login/  →  200 OK
POST auth/login/  →  200 OK
POST auth/login/  →  200 OK
DELETE auth/me/  →  204 NoContent
DELETE auth/me/  →  204 NoContent
POST auth/login/  →  200 OK
DELETE auth/me/  →  204 NoContent
DELETE auth/me/  →  204 NoContent
POST auth/login/  →  200 OK
POST auth/login/  →  200 OK
POST auth/login/  →  200 OK
DELETE auth/me/  →  204 NoContent
DELETE auth/me/  →  204 NoContent
POST auth/login/  →  200 OK
DELETE auth/me/  →  204 NoContent
DELETE auth/me/  →  204 NoContent
POST auth/login/  →  200 OK
POST auth/login/  →  200 OK
POST auth/login/  →  200 OK
DELETE auth/me/  →  204 NoContent
DELETE auth/me/  →  204 NoContent
POST auth/login/  →  200 OK
DELETE auth/me/  →  204 NoContent
DELETE auth/me/  →  204 NoContent
POST auth/login/  →  200 OK
POST auth/login/  →  200 OK
POST auth/login/  →  200 OK
DELETE auth/me/  →  204 NoContent
DELETE auth/me/  →  204 NoContent
POST auth/login/  →  200 OK
DELETE auth/me/  →  204 NoContent
DELETE auth/me/  →  204 NoContent
POST auth/login/  →  200 OK
POST auth/login/  →  200 OK
POST auth/login/  →  200 OK
DELETE auth/me/  →  204 NoContent
DELETE auth/me/  →  204 NoContent
POST auth/login/  →  200 OK
DELETE auth/me/  →  204 NoContent
DELETE auth/me/  →  204 NoContent
POST auth/login/  →  200 OK
POST auth/login/  →  200 OK
POST auth/login/  →  200 OK
DELETE auth/me/  →  204 NoContent
DELETE auth/me/  →  204 NoContent
POST auth/login/  →  200 OK
DELETE auth/me/  →  204 NoContent
DELETE auth/me/  →  204 NoContent
POST auth/login/  →  200 OK
POST auth/login/  →  200 OK
POST auth/login/  →  200 OK
DELETE auth/me/  →  204 NoContent
DELETE auth/me/  →  204 NoContent
POST auth/login/  →  200 OK
DELETE auth/me/  →  204 NoContent
DELETE auth/me/  →  204 NoContent
POST auth/login/  →  200 OK
POST auth/login/  →  200 OK
POST auth/login/  →  200 OK
DELETE auth/me/  →  204 NoContent
DELETE auth/me/  →  204 NoContent
POST auth/login/  →  200 OK
DELETE auth/me/  →  204 NoContent
DELETE auth/me/  →  204 NoContent
POST auth/login/  →  200 OK
POST auth/login/  →  200 OK
POST auth/login/  →  200 OK
DELETE auth/me/  →  204 NoContent
DELETE auth/me/  →  204 NoContent
POST auth/login/  →  200 OK
DELETE auth/me/  →  204 NoContent
DELETE auth/me/  →  204 NoContent
POST auth/login/  →  200 OK
POST auth/login/  →  200 OK
POST auth/login/  →  200 OK
DELETE auth/me/  →  204 NoContent
DELETE auth/me/  →  204 NoContent
DELETE auth/me/  →  204 NoContent
POST auth/login/  →  200 OK
DELETE auth/me/  →  204 NoContent
DELETE auth/me/  →  204 NoContent
POST auth/login/  →  200 OK
POST auth/login/  →  200 OK
POST auth/login/  →  200 OK
DELETE auth/me/  →  204 NoContent
DELETE auth/me/  →  204 NoContent
POST auth/login/  →  200 OK
DELETE auth/me/  →  204 NoContent
DELETE auth/me/  →  204 NoContent
POST auth/login/  →  200 OK
POST auth/login/  →  200 OK
POST auth/login/  →  200 OK
DELETE auth/me/  →  204 NoContent
DELETE auth/me/  →  204 NoContent
POST auth/login/  →  200 OK
DELETE auth/me/  →  204 NoContent
DELETE auth/me/  →  204 NoContent
POST auth/login/  →  200 OK
POST auth/login/  →  200 OK
POST auth/login/  →  200 OK
DELETE auth/me/  →  204 NoContent
DELETE auth/me/  →  204 NoContent
POST auth/login/  →  200 OK
DELETE auth/me/  →  204 NoContent
DELETE auth/me/  →  204 NoContent
POST auth/login/  →  200 OK
POST auth/login/  →  200 OK
POST auth/login/  →  200 OK
DELETE auth/me/  →  204 NoContent
DELETE auth/me/  →  204 NoContent
POST auth/login/  →  200 OK
DELETE auth/me/  →  204 NoContent
DELETE auth/me/  →  204 NoContent
POST auth/login/  →  200 OK
POST auth/login/  →  200 OK
POST auth/login/  →  200 OK
DELETE auth/me/  →  204 NoContent
DELETE auth/me/  →  204 NoContent
POST auth/login/  →  200 OK
DELETE auth/me/  →  204 NoContent
DELETE auth/me/  →  204 NoContent
POST auth/login/  →  200 OK
POST auth/login/  →  200 OK
POST auth/login/  →  200 OK
DELETE auth/me/  →  204 NoContent
POST auth/login/  →  200 OK

✓ Successfully cleaned up 324 test accounts
  Duration: 267.82s
  Errors: 2</StdOut>
      </Output>
    </UnitTestResult>
    <UnitTestResult executionId="ce66a568-e8ce-47d7-8eb8-831019bc9023" testId="3baacd78-3c1f-518c-eeba-6bb753c01014" testName="TestIT.ApiTests.Tests.TestsManagementTests.TestCreation_WithMissingTitle_RejectsRequest" computerName="DESKTOP-13D0C24" duration="00:00:05.8389737" startTime="2026-03-13T15:03:22.0102615+02:00" endTime="2026-03-13T15:03:22.0102616+02:00" testType="13cdc9d9-ddb5-4fa4-a97d-d965ccfc6d4b" outcome="Passed" testListId="8c84fa94-04c1-424b-9868-57a2d4851a1d" relativeResultsDirectory="ce66a568-e8ce-47d7-8eb8-831019bc9023">
      <Output>
        <StdOut>POST auth/login/  →  200 OK
POST auth/login/  →  200 OK
GET companies/12490/  →  404 NotFound
PATCH companies/12488/  →  404 NotFound</StdOut>
      </Output>
    </UnitTestResult>
    <UnitTestResult executionId="87b361bc-b59e-4f50-85b4-55a3f02beef6" testId="96d4f4ed-37d0-dd4e-7e42-1e7b57bfed8f" testName="TestIT.ApiTests.Tests.CoverageTests.UpdateMemberRole_ByNonAdmin_DeniesAccess" computerName="DESKTOP-13D0C24" duration="00:00:06.2612151" startTime="2026-03-13T15:04:36.8818396+02:00" endTime="2026-03-13T15:04:36.8818397+02:00" testType="13cdc9d9-ddb5-4fa4-a97d-d965ccfc6d4b" outcome="Passed" testListId="8c84fa94-04c1-424b-9868-57a2d4851a1d" relativeResultsDirectory="87b361bc-b59e-4f50-85b4-55a3f02beef6">
      <Output>
        <StdOut>POST companies/  →  201 Created
POST auth/register/  →  201 Created
POST tests/datacheck-f2812ab3-493e97d2/questions/  →  201 Created
POST auth/login/  →  200 OK
POST companies/12520/folders/  →  404 NotFound
POST auth/register/  →  201 Created
POST companies/12522/folders/  →  201 Created
POST invites/KpLjjzVofkVNwJLQAdTr9FyTO71Y6FrUPCIKlMcSkHI/accept/  →  200 OK
POST auth/register/  →  201 Created
PUT companies/12521/members/36634/  →  403 Forbidden</StdOut>
      </Output>
    </UnitTestResult>
    <UnitTestResult executionId="a4dc2340-5c56-46c7-ae0b-877d5d83f68e" testId="b5453b63-3c26-e157-290b-1e85fd1e8b2d" testName="TestIT.ApiTests.Tests.DataIntegrityTests.DataConsistency_AttemptCountAccurate_AfterMultipleSubmissions" computerName="DESKTOP-13D0C24" duration="00:00:23.6723849" startTime="2026-03-13T15:03:39.5036255+02:00" endTime="2026-03-13T15:03:39.5036256+02:00" testType="13cdc9d9-ddb5-4fa4-a97d-d965ccfc6d4b" outcome="Passed" testListId="8c84fa94-04c1-424b-9868-57a2d4851a1d" relativeResultsDirectory="a4dc2340-5c56-46c7-ae0b-877d5d83f68e" />
    <UnitTestResult executionId="d7bc3b36-cb81-4438-8a05-cdfe2c7c00a0" testId="225b50ed-8032-9e30-e9c2-119c6c93efed" testName="TestIT.ApiTests.Tests.PatchTests.PatchProfile_LastNameOnly_UpdatesLastNamePreservesFirstName" computerName="DESKTOP-13D0C24" duration="00:00:08.6468398" startTime="2026-03-13T15:02:18.4667138+02:00" endTime="2026-03-13T15:02:18.4667140+02:00" testType="13cdc9d9-ddb5-4fa4-a97d-d965ccfc6d4b" outcome="Passed" testListId="8c84fa94-04c1-424b-9868-57a2d4851a1d" relativeResultsDirectory="d7bc3b36-cb81-4438-8a05-cdfe2c7c00a0">
      <Output>
        <StdOut>POST tests/  →  201 Created</StdOut>
      </Output>
    </UnitTestResult>
    <UnitTestResult executionId="5fd512f4-a082-4c4a-bcc3-1270588c11a2" testId="d8f7bb9b-7dea-39b0-e475-b08d7ed1d3c7" testName="TestIT.ApiTests.Tests.TestTakingTests.AttemptStart_AsAnonymousUser_CreatesAttemptSuccessfully" computerName="DESKTOP-13D0C24" duration="00:00:12.8962181" startTime="2026-03-13T15:02:02.2787885+02:00" endTime="2026-03-13T15:02:02.2787887+02:00" testType="13cdc9d9-ddb5-4fa4-a97d-d965ccfc6d4b" outcome="Passed" testListId="8c84fa94-04c1-424b-9868-57a2d4851a1d" relativeResultsDirectory="5fd512f4-a082-4c4a-bcc3-1270588c11a2" />
    <UnitTestResult executionId="481d14a5-83b2-4b6d-a059-400a1b78b6bc" testId="7fb2ba57-83ed-b238-7006-e583df11d3e3" testName="TestIT.ApiTests.Tests.AnalyticsTests.Analytics_AverageScore_ReflectsSubmissionScores" computerName="DESKTOP-13D0C24" duration="00:00:10.1375952" startTime="2026-03-13T15:04:11.5209219+02:00" endTime="2026-03-13T15:04:11.5209219+02:00" testType="13cdc9d9-ddb5-4fa4-a97d-d965ccfc6d4b" outcome="Passed" testListId="8c84fa94-04c1-424b-9868-57a2d4851a1d" relativeResultsDirectory="481d14a5-83b2-4b6d-a059-400a1b78b6bc">
      <Output>
        <StdOut>POST companies/12508/folders/  →  201 Created
PATCH tests/patch-qown-06fe9e69-108f1399/questions/38416/  →  404 NotFound</StdOut>
      </Output>
    </UnitTestResult>
    <UnitTestResult executionId="ec717f9a-325f-4d88-8a07-38ad7644acab" testId="49cacc94-9b4e-2c6f-23b2-8da420a8ec16" testName="TestIT.ApiTests.Tests.EdgeCaseTests.CreateTest_VeryLongPassword_ShouldHandleGracefully" computerName="DESKTOP-13D0C24" duration="00:00:05.6367583" startTime="2026-03-13T15:03:32.0945429+02:00" endTime="2026-03-13T15:03:32.0945430+02:00" testType="13cdc9d9-ddb5-4fa4-a97d-d965ccfc6d4b" outcome="Failed" testListId="8c84fa94-04c1-424b-9868-57a2d4851a1d" relativeResultsDirectory="ec717f9a-325f-4d88-8a07-38ad7644acab">
      <Output>
        <ErrorInfo>
          <Message>Expected response.StatusCode to be HttpStatusCode.BadRequest {value: 400} because a 500-character test password must be rejected; the API must enforce a maximum password length, but found HttpStatusCode.Created {value: 201}.</Message>
          <StackTrace>   at FluentAssertions.Execution.LateBoundTestFramework.Throw(String message)
   at FluentAssertions.Execution.DefaultAssertionStrategy.HandleFailure(String message)
   at FluentAssertions.Execution.AssertionChain.FailWith(Func`1 getFailureReason)
   at FluentAssertions.Primitives.EnumAssertions`2.Be(TEnum expected, String because, Object[] becauseArgs)
[...]
[xUnit.net 00:02:15.10]         --- End of stack trace from previous location ---
[xUnit.net 00:02:15.10]       Output:
[xUnit.net 00:02:15.10]         GET analytics/tests/ea-analytics-ac92142e-c30d6a74/  →  200 OK
[xUnit.net 00:02:15.10]         POST auth/register/  →  201 Created
[xUnit.net 00:02:15.10]         POST tests/ea-case-f1214616-b4c6a04e/questions/  →  201 Created
[xUnit.net 00:02:15.10]         POST auth/register/  →  201 Created
[xUnit.net 00:02:15.10]         POST auth/login/  →  200 OK
[xUnit.net 00:02:15.10]         POST auth/register/  →  201 Created
[xUnit.net 00:02:15.10]         POST auth/register/  →  201 Created
[xUnit.net 00:02:15.10]         POST tests/  →  201 Created
[xUnit.net 00:02:15.10]         POST tests/analyticsavg-8743bf56-9cbe1828/questions/  →  201 Created
[xUnit.net 00:02:15.10]         PATCH auth/me/  →  200 OK
[xUnit.net 00:02:15.10]         POST tests/datacheck-a3e7275d-32959a28/attempts/  →  201 Created
[xUnit.net 00:02:15.10]         PUT tests/ea-update-77d20703-de375459/questions/38422/  →  200 OK
[xUnit.net 00:02:15.10]         POST auth/register/  →  201 Created
[xUnit.net 00:02:15.10]         POST auth/login/  →  200 OK
[xUnit.net 00:02:24.59]       Expected response.StatusCode to be HttpStatusCode.BadRequest {value: 400} because exceeding max_attempts must return 400 Bad Request (quota exceeded), not 403 Forbidden. Response: {"error":"Maximum attempts reached"}, but found HttpStatusCode.Forbidden {value: 403}.
[xUnit.net 00:02:24.59]       Stack Trace:
[xUnit.net 00:02:24.59]            at FluentAssertions.Execution.LateBoundTestFramework.Throw(String message)
[xUnit.net 00:02:24.59]            at FluentAssertions.Execution.DefaultAssertionStrategy.HandleFailure(String message)
[xUnit.net 00:02:24.59]            at FluentAssertions.Execution.AssertionChain.FailWith(Func`1 getFailureReason)
[xUnit.net 00:02:24.59]            at FluentAssertions.Primitives.EnumAssertions`2.Be(TEnum expected, String because, Object[] becauseArgs)
[xUnit.net 00:02:24.59]         /home/kolev95/examtest1/TestIT.ApiTests/Tests/TestTakingTests.cs(366,0): at TestIT.ApiTests.Tests.TestTakingTests.MaxAttempts_OnceExhausted_BlocksFurtherAttempts()
[xUnit.net 00:02:24.59]         --- End of stack trace from previous location ---
[xUnit.net 00:02:24.59]       Output:
[xUnit.net 00:02:24.59]         POST companies/  →  201 Created
[xUnit.net 00:02:24.59]         POST tests/  →  400 BadRequest
[xUnit.net 00:02:24.59]         GET tests/public/  →  200 OK
[xUnit.net 00:02:24.59]         PUT tests/datacheck-d3f3577f-2cc905e4/questions/38424/  →  200 OK
[xUnit.net 00:02:24.59]         GET tests/datacheck-d3f3577f-2cc905e4/results/  →  200 OK
[xUnit.net 00:02:24.59]         POST tests/maxattempts-b8186434-b9500f43/questions/  →  201 Created
[xUnit.net 00:02:24.59]         POST tests/  →  201 Created
[xUnit.net 00:02:24.59]         POST tests/maxattempts-b8186434-b9500f43/attempts/  →  201 Created
[xUnit.net 00:02:24.59]         POST auth/login/  →  200 OK
[xUnit.net 00:02:24.59]         POST tests/maxattempts-b8186434-b9500f43/attempts/  →  403 Forbidden
[xUnit.net 00:02:26.30]       Expected doc.RootElement.TryGetProperty("score", out _) to be True because when show_answers_after=true the submit response must include a 'score' field so the taker can see their result immediately, but found False.
[xUnit.net 00:02:26.30]       Stack Trace:
[xUnit.net 00:02:26.30]            at FluentAssertions.Execution.LateBoundTestFramework.Throw(String message)
[xUnit.net 00:02:26.30]            at FluentAssertions.Execution.DefaultAssertionStrategy.HandleFailure(String message)
[xUnit.net 00:02:26.30]            at FluentAssertions.Execution.AssertionChain.FailWith(Func`1 getFailureReason)
[xUnit.net 00:02:26.30]            at FluentAssertions.Primitives.BooleanAssertions`1.BeTrue(String because, Object[] becauseArgs)
[xUnit.net 00:02:26.30]         /home/kolev95/examtest1/TestIT.ApiTests/Tests/MissingCoverageTests.cs(148,0): at TestIT.ApiTests.Tests.MissingCoverageTests.ShowAnswersAfter_WhenTrue_SubmitResponseIncludesScore()
[xUnit.net 00:02:26.30]         --- End of stack trace from previous location ---
[xUnit.net 00:02:26.30]       Output:
[xUnit.net 00:02:26.30]         GET tests/ms-partial-eb200285-5f9e13db/results/  →  200 OK
[xUnit.net 00:02:26.30]         GET companies/12514/folders/  →  200 OK
[xUnit.net 00:02:26.30]         POST tests/maxattempts-b8186434-b9500f43/attempts/  →  201 Created
[xUnit.net 00:02:26.30]         PATCH tests/unassigntest-1a4deda5-649d6e9f/  →  200 OK
[xUnit.net 00:02:26.30]         POST auth/login/  →  200 OK
[xUnit.net 00:02:30.15]       Expected response.StatusCode to be HttpStatusCode.Forbidden {value: 403} because authenticated non-member must receive 403 Forbidden when listing another user's folders, but found HttpStatusCode.NotFound {value: 404}.
[xUnit.net 00:02:30.15]       Stack Trace:
[xUnit.net 00:02:30.15]            at FluentAssertions.Execution.LateBoundTestFramework.Throw(String message)
[xUnit.net 00:02:30.15]            at FluentAssertions.Execution.DefaultAssertionStrategy.HandleFailure(String message)
[xUnit.net 00:02:30.15]            at FluentAssertions.Execution.AssertionChain.FailWith(Func`1 getFailureReason)
[xUnit.net 00:02:30.15]            at FluentAssertions.Primitives.EnumAssertions`2.Be(TEnum expected, String because, Object[] becauseArgs)
[xUnit.net 00:02:30.15]         /home/kolev95/examtest1/TestIT.ApiTests/Tests/FolderTests.cs(374,0): at TestIT.ApiTests.Tests.FolderTests.FolderListing_AnotherUsersCompany_DeniesAccess()
[xUnit.net 00:02:30.15]         --- End of stack trace from previous location ---
[xUnit.net 00:02:30.15]       Output:
[xUnit.net 00:02:30.15]         POST tests/showafter-4152fbfa-880cda54/attempts/17951/submit/  →  200 OK
[xUnit.net 00:02:30.15]         POST tests/ms-correctpluswrong-eba3252f-e9b36657/attempts/17952/submit/  →  200 OK
[xUnit.net 00:02:30.15]         POST tests/datacheck-d2e61fb5-669e6635/questions/  →  201 Created
[xUnit.net 00:02:30.15]         GET tests/ms-correctpluswrong-eba3252f-e9b36657/results/  →  200 OK
[xUnit.net 00:02:30.15]         GET tests/resdetail-1af568ab-87b3c00e/results/17953/  →  200 OK
[xUnit.net 00:02:30.15]         POST tests/scorable-ae173ccd-922369df/questions/  →  201 Created
[xUnit.net 00:02:30.15]         POST tests/  →  201 Created
[xUnit.net 00:02:30.15]         POST tests/scorable-ae173ccd-922369df/attempts/  →  201 Created
[xUnit.net 00:02:30.15]         PUT tests/scorable-ae173ccd-922369df/attempts/17954/  →  200 OK
[xUnit.net 00:02:30.15]         POST companies/  →  201 Created
[xUnit.net 00:02:30.15]         POST auth/login/  →  200 OK
[xUnit.net 00:02:30.15]         PUT tests/datacheck-d2e61fb5-669e6635/attempts/17955/  →  200 OK
[xUnit.net 00:02:30.15]         POST tests/datacheck-d2e61fb5-669e6635/attempts/17955/submit/  →  200 OK
[xUnit.net 00:02:30.15]         POST auth/login/  →  200 OK
[xUnit.net 00:02:35.24]       Expected response.StatusCode to be HttpStatusCode.BadRequest {value: 400} because updating a submitted attempt must be rejected with 400 Bad Request, but found HttpStatusCode.Unauthorized {value: 401}.
[xUnit.net 00:02:35.24]       Stack Trace:
[xUnit.net 00:02:35.24]            at FluentAssertions.Execution.LateBoundTestFramework.Throw(String message)
[xUnit.net 00:02:35.24]            at FluentAssertions.Execution.DefaultAssertionStrategy.HandleFailure(String message)
[xUnit.net 00:02:35.24]            at FluentAssertions.Execution.AssertionChain.FailWith(Func`1 getFailureReason)
[xUnit.net 00:02:35.24]            at FluentAssertions.Primitives.EnumAssertions`2.Be(TEnum expected, String because, Object[] becauseArgs)
[xUnit.net 00:02:35.24]         /home/kolev95/examtest1/TestIT.ApiTests/Tests/DataIntegrityTests.cs(401,0): at TestIT.ApiTests.Tests.DataIntegrityTests.Immutability_SubmittedAttempts_CannotBeModified()
[xUnit.net 00:02:35.24]         --- End of stack trace from previous location ---
[xUnit.net 00:02:35.24]       Output:
[xUnit.net 00:02:35.24]         GET companies/12518/members/  →  200 OK
[xUnit.net 00:02:35.24]         PUT tests/datacheck-10c7574f-35e708ba/attempts/17958/  →  200 OK
[xUnit.net 00:02:37.20]       Expected response.StatusCode to be HttpStatusCode.Forbidden {value: 403} because authenticated non-member must receive 403 Forbidden, not 404 which would hide the company's existence, but found HttpStatusCode.NotFound {value: 404}.
[xUnit.net 00:02:37.20]       Stack Trace:
[xUnit.net 00:02:37.20]            at FluentAssertions.Execution.LateBoundTestFramework.Throw(String message)
[xUnit.net 00:02:37.20]            at FluentAssertions.Execution.DefaultAssertionStrategy.HandleFailure(String message)
[xUnit.net 00:02:37.20]            at FluentAssertions.Execution.AssertionChain.FailWith(Func`1 getFailureReason)
[xUnit.net 00:02:37.20]            at FluentAssertions.Primitives.EnumAssertions`2.Be(TEnum expected, String because, Object[] becauseArgs)
[xUnit.net 00:02:37.20]         /home/kolev95/examtest1/TestIT.ApiTests/Tests/FolderTests.cs(319,0): at TestIT.ApiTests.Tests.FolderTests.FolderCreation_InAnotherUsersCompany_DeniesAccess()
[xUnit.net 00:02:37.20]         --- End of stack trace from previous location ---
[xUnit.net 00:02:37.20]       Output:
[xUnit.net 00:02:37.20]         POST auth/login/  →  200 OK
[xUnit.net 00:02:37.20]         POST tests/datacheck-10c7574f-35e708ba/questions/  →  201 Created
[xUnit.net 00:02:37.20]         GET companies/12518/members/  →  200 OK
[xUnit.net 00:02:37.20]         GET tests/datacheck-10c7574f-35e708ba/take/  →  200 OK
[xUnit.net 00:02:37.20]         POST auth/register/  →  201 Created
[xUnit.net 00:02:37.20]         POST auth/login/  →  200 OK
[xUnit.net 00:02:37.20]         POST auth/register/  →  201 Created
[xUnit.net 00:02:37.20]         POST companies/  →  201 Created
[xUnit.net 00:02:52.57]       Expected loginAttempt.StatusCode to be HttpStatusCode.BadRequest {value: 400} because login must fail with 400 after account deletion (invalid credentials), but found HttpStatusCode.Unauthorized {value: 401}.
[xUnit.net 00:02:52.57]       Stack Trace:
[xUnit.net 00:02:52.57]            at FluentAssertions.Execution.LateBoundTestFramework.Throw(String message)
[xUnit.net 00:02:52.57]            at FluentAssertions.Execution.DefaultAssertionStrategy.HandleFailure(String message)
[xUnit.net 00:02:52.57]            at FluentAssertions.Execution.AssertionChain.FailWith(Func`1 getFailureReason)
[xUnit.net 00:02:52.57]            at FluentAssertions.Primitives.EnumAssertions`2.Be(TEnum expected, String because, Object[] becauseArgs)
[xUnit.net 00:02:52.57]         /home/kolev95/examtest1/TestIT.ApiTests/Tests/CleanupTests.cs(279,0): at TestIT.ApiTests.Tests.CleanupTests.AccountCleanup_WithCascadeData_DeletesEverything()
[xUnit.net 00:02:52.57]         --- End of stack trace from previous location ---
[xUnit.net 00:02:52.57]       Output:
[xUnit.net 00:02:52.57]         Testing CASCADE DELETE with account cleanup...
[xUnit.net 00:02:52.57]         
[xUnit.net 00:02:52.57]         POST auth/register/  →  201 Created
[xUnit.net 00:02:52.57]         POST tests/  →  201 Created
[xUnit.net 00:02:52.57]         Created account 'cleanup_cascade_1b538220@example.com' with:
[xUnit.net 00:02:52.57]           - 2 tests
[xUnit.net 00:02:52.57]           - 3 questions total
[xUnit.net 00:02:52.57]         
[xUnit.net 00:02:52.57]         POST auth/login/  →  200 OK
[xUnit.net 00:02:56.20]       Expected loginAttempt.StatusCode to be HttpStatusCode.BadRequest {value: 400} because login must return 400 after account deletion (invalid credentials), but found HttpStatusCode.Unauthorized {value: 401}.
[xUnit.net 00:02:56.20]       Stack Trace:
[xUnit.net 00:02:56.20]            at FluentAssertions.Execution.LateBoundTestFramework.Throw(String message)
[xUnit.net 00:02:56.20]            at FluentAssertions.Execution.DefaultAssertionStrategy.HandleFailure(String message)
[xUnit.net 00:02:56.20]            at FluentAssertions.Execution.AssertionChain.FailWith(Func`1 getFailureReason)
[xUnit.net 00:02:56.20]            at FluentAssertions.Primitives.EnumAssertions`2.Be(TEnum expected, String because, Object[] becauseArgs)
[xUnit.net 00:02:56.20]         /home/kolev95/examtest1/TestIT.ApiTests/Tests/CleanupTests.cs(338,0): at TestIT.ApiTests.Tests.CleanupTests.Diagnostic_VerifyDeleteEndpoint_Works()
[xUnit.net 00:02:56.20]         --- End of stack trace from previous location ---
[xUnit.net 00:02:56.20]       Output:
[xUnit.net 00:02:56.20]         === Verifying DELETE /auth/me/ Endpoint ===
[xUnit.net 00:02:56.20]         
[xUnit.net 00:02:56.20]         DELETE /auth/me/ returned: NoContent
[xUnit.net 00:02:56.20]         ✓ DELETE endpoint works correctly
[xUnit.net 00:02:56.20]         POST auth/login/  →  401 Unauthorized
[xUnit.net 00:07:21.02]   Finished:    TestIT.ApiTests
</StdOut>
    </Output>
    <RunInfos>
      <RunInfo computerName="DESKTOP-13D0C24" outcome="Error" timestamp="2026-03-13T15:02:06.5524131+02:00">
        <Text>[xUnit.net 00:00:17.76]     TestIT.ApiTests.Tests.PatchTests.PatchTest_ByNonOwner_DeniesAccess [FAIL]</Text>
      </RunInfo>
      <RunInfo computerName="DESKTOP-13D0C24" outcome="Error" timestamp="2026-03-13T15:02:18.2773537+02:00">
        <Text>[xUnit.net 00:00:28.27]     TestIT.ApiTests.Tests.CoverageTests.DeleteCompanyTest_AsNonMember_DeniesAccess [FAIL]</Text>
      </RunInfo>
      <RunInfo computerName="DESKTOP-13D0C24" outcome="Error" timestamp="2026-03-13T15:02:20.3388904+02:00">
        <Text>[xUnit.net 00:00:30.34]     TestIT.ApiTests.Tests.SecurityTests.Authorization_UserCannotAccessOtherUsersTestResults [FAIL]</Text>
      </RunInfo>
      <RunInfo computerName="DESKTOP-13D0C24" outcome="Error" timestamp="2026-03-13T15:02:58.2259384+02:00">
        <Text>[xUnit.net 00:01:06.99]     TestIT.ApiTests.Tests.SecurityTests.Authorization_UserCannotUpdateOtherUsersTests [FAIL]</Text>
      </RunInfo>
      <RunInfo computerName="DESKTOP-13D0C24" outcome="Error" timestamp="2026-03-13T15:03:01.0591643+02:00">
        <Text>[xUnit.net 00:01:09.82]     TestIT.ApiTests.Tests.MissingCoverageTests.TestVisibility_WhenChangedFromPublicToPrivate_DisappearsFromPublicListing [FAIL]</Text>
      </RunInfo>
      <RunInfo computerName="DESKTOP-13D0C24" outcome="Error" timestamp="2026-03-13T15:03:04.7681222+02:00">
        <Text>[xUnit.net 00:01:13.53]     TestIT.ApiTests.Tests.PerformanceTests.Latency_GetResults_RespondsFast [FAIL]</Text>
      </RunInfo>
      <RunInfo computerName="DESKTOP-13D0C24" outcome="Error" timestamp="2026-03-13T15:03:10.3077596+02:00">
        <Text>[xUnit.net 00:01:19.07]     TestIT.ApiTests.Tests.PerformanceTests.Latency_GetProfile_RespondsFast [FAIL]</Text>
      </RunInfo>
      <RunInfo computerName="DESKTOP-13D0C24" outcome="Error" timestamp="2026-03-13T15:03:17.4819502+02:00">
        <Text>[xUnit.net 00:01:26.24]     TestIT.ApiTests.Tests.SecurityTests.Authorization_UserCannotAccessOtherCompaniesData [FAIL]</Text>
      </RunInfo>
      <RunInfo computerName="DESKTOP-13D0C24" outcome="Error" timestamp="2026-03-13T15:03:18.5810238+02:00">
        <Text>[xUnit.net 00:01:27.34]     TestIT.ApiTests.Tests.PatchTests.PatchCompany_ByNonMember_DeniesAccess [FAIL]</Text>
      </RunInfo>
      <RunInfo computerName="DESKTOP-13D0C24" outcome="Error" timestamp="2026-03-13T15:03:32.0945517+02:00">
        <Text>[xUnit.net 00:01:39.61]     TestIT.ApiTests.Tests.EdgeCaseTests.CreateTest_VeryLongPassword_ShouldHandleGracefully [FAIL]</Text>
      </RunInfo>
      <RunInfo computerName="DESKTOP-13D0C24" outcome="Error" timestamp="2026-03-13T15:03:36.1625718+02:00">
        <Text>[xUnit.net 00:01:43.68]     TestIT.ApiTests.Tests.SecurityTests.Authorization_UserCannotAccessOtherUsersTests [FAIL]</Text>
      </RunInfo>
      <RunInfo computerName="DESKTOP-13D0C24" outcome="Error" timestamp="2026-03-13T15:03:43.7205929+02:00">
        <Text>[xUnit.net 00:01:51.23]     TestIT.ApiTests.Tests.MissingCoverageTests.AnonymousAttempt_EmptyAnonymousName_BehavesGracefully [FAIL]</Text>
      </RunInfo>
      <RunInfo computerName="DESKTOP-13D0C24" outcome="Error" timestamp="2026-03-13T15:03:46.5560255+02:00">
        <Text>[xUnit.net 00:01:54.07]     TestIT.ApiTests.Tests.SecurityTests.InputValidation_XSSInQuestionText_IsSanitized [FAIL]</Text>
      </RunInfo>
      <RunInfo computerName="DESKTOP-13D0C24" outcome="Error" timestamp="2026-03-13T15:03:50.5823256+02:00">
        <Text>[xUnit.net 00:01:58.10]     TestIT.ApiTests.Tests.AnalyticsTests.Analytics_AsNonAuthor_DeniesAccessToOtherUsersTest [FAIL]</Text>
      </RunInfo>
      <RunInfo computerName="DESKTOP-13D0C24" outcome="Error" timestamp="2026-03-13T15:03:51.1313672+02:00">
        <Text>[xUnit.net 00:01:58.65]     TestIT.ApiTests.Tests.CoverageTests.GetResultDetail_ByNonAuthor_DeniesAccess [FAIL]</Text>
      </RunInfo>
      <RunInfo computerName="DESKTOP-13D0C24" outcome="Error" timestamp="2026-03-13T15:03:58.7088998+02:00">
        <Text>[xUnit.net 00:02:05.04]     TestIT.ApiTests.Tests.SecurityTests.Authorization_UserCannotDeleteOtherUsersTests [FAIL]</Text>
      </RunInfo>
      <RunInfo computerName="DESKTOP-13D0C24" outcome="Error" timestamp="2026-03-13T15:04:01.3426150+02:00">
        <Text>[xUnit.net 00:02:07.67]     TestIT.ApiTests.Tests.CoverageTests.PatchCompanyTest_AsNonMember_DeniesAccess [FAIL]</Text>
      </RunInfo>
      <RunInfo computerName="DESKTOP-13D0C24" outcome="Error" timestamp="2026-03-13T15:04:02.9602174+02:00">
        <Text>[xUnit.net 00:02:09.28]     TestIT.ApiTests.Tests.PatchTests.PatchQuestion_ByNonOwner_DeniesAccess [FAIL]</Text>
      </RunInfo>
      <RunInfo computerName="DESKTOP-13D0C24" outcome="Error" timestamp="2026-03-13T15:04:08.7692606+02:00">
        <Text>[xUnit.net 00:02:15.10]     TestIT.ApiTests.Tests.CoverageTests.GetCompanyTestDetail_AsNonMember_DeniesAccess [FAIL]</Text>
      </RunInfo>
      <RunInfo computerName="DESKTOP-13D0C24" outcome="Error" timestamp="2026-03-13T15:04:18.2642046+02:00">
        <Text>[xUnit.net 00:02:24.59]     TestIT.ApiTests.Tests.TestTakingTests.MaxAttempts_OnceExhausted_BlocksFurtherAttempts [FAIL]</Text>
      </RunInfo>
      <RunInfo computerName="DESKTOP-13D0C24" outcome="Error" timestamp="2026-03-13T15:04:19.9727742+02:00">
        <Text>[xUnit.net 00:02:26.30]     TestIT.ApiTests.Tests.MissingCoverageTests.ShowAnswersAfter_WhenTrue_SubmitResponseIncludesScore [FAIL]</Text>
      </RunInfo>
      <RunInfo computerName="DESKTOP-13D0C24" outcome="Error" timestamp="2026-03-13T15:04:23.8209394+02:00">
        <Text>[xUnit.net 00:02:30.15]     TestIT.ApiTests.Tests.FolderTests.FolderListing_AnotherUsersCompany_DeniesAccess [FAIL]</Text>
      </RunInfo>
      <RunInfo computerName="DESKTOP-13D0C24" outcome="Error" timestamp="2026-03-13T15:04:28.9129621+02:00">
        <Text>[xUnit.net 00:02:35.24]     TestIT.ApiTests.Tests.DataIntegrityTests.Immutability_SubmittedAttempts_CannotBeModified [FAIL]</Text>
      </RunInfo>
      <RunInfo computerName="DESKTOP-13D0C24" outcome="Error" timestamp="2026-03-13T15:04:32.1813561+02:00">
        <Text>[xUnit.net 00:02:37.20]     TestIT.ApiTests.Tests.FolderTests.FolderCreation_InAnotherUsersCompany_DeniesAccess [FAIL]</Text>
      </RunInfo>
      <RunInfo computerName="DESKTOP-13D0C24" outcome="Error" timestamp="2026-03-13T15:04:47.5494217+02:00">
        <Text>[xUnit.net 00:02:52.57]     TestIT.ApiTests.Tests.CleanupTests.AccountCleanup_WithCascadeData_DeletesEverything [FAIL]</Text>
      </RunInfo>
      <RunInfo computerName="DESKTOP-13D0C24" outcome="Error" timestamp="2026-03-13T15:04:51.1808945+02:00">
        <Text>[xUnit.net 00:02:56.20]     TestIT.ApiTests.Tests.CleanupTests.Diagnostic_VerifyDeleteEndpoint_Works [FAIL]</Text>
      </RunInfo>
    </RunInfos>
  </ResultSummary>
</TestRun>