<?xml version="1.0" encoding="utf-8"?>
<TestRun id="59f653ad-0a95-4093-8169-2aa75a3752eb" name="@DESKTOP-13D0C24 2026-03-20 10:49:24" xmlns="http://microsoft.com/schemas/VisualStudio/TeamTest/2010">
  <Times creation="2026-03-20T10:49:24.4510168+02:00" queuing="2026-03-20T10:49:24.4510168+02:00" start="2026-03-20T10:49:08.3861617+02:00" finish="2026-03-20T10:56:12.1428239+02:00" />
  <TestSettings name="default" id="f1ddd1a2-3ab7-42c9-9940-1c5739ecbdf8">
    <Deployment runDeploymentRoot="_DESKTOP-13D0C24_2026-03-20_10_49_24" />
  </TestSettings>
  <Results>
    <UnitTestResult executionId="c7c8d96d-5373-471b-a5fa-5d5e6c3b2176" testId="32169170-bd3c-38c5-0365-32968a987468" testName="TestIT.ApiTests.Tests.TestsManagementTests.TestUpdate_WithValidData_UpdatesTestSuccessfully" computerName="DESKTOP-13D0C24" duration="00:00:06.3573261" startTime="2026-03-20T10:51:01.5572465+02:00" endTime="2026-03-20T10:51:01.5572466+02:00" testType="13cdc9d9-ddb5-4fa4-a97d-d965ccfc6d4b" outcome="Passed" testListId="8c84fa94-04c1-424b-9868-57a2d4851a1d" relativeResultsDirectory="c7c8d96d-5373-471b-a5fa-5d5e6c3b2176" />
    <UnitTestResult executionId="49def0ba-6b0c-4d3d-af49-104aee9921cf" testId="1ea56524-8a93-07ae-73e8-1c9f32693c18" testName="TestIT.ApiTests.Tests.FolderTests.TestFolderAssignment_UpdatesFolderTestCount" computerName="DESKTOP-13D0C24" duration="00:00:01.9131983" startTime="2026-03-20T10:52:08.6853890+02:00" endTime="2026-03-20T10:52:08.6853891+02:00" testType="13cdc9d9-ddb5-4fa4-a97d-d965ccfc6d4b" outcome="Passed" testListId="8c84fa94-04c1-424b-9868-57a2d4851a1d" relativeResultsDirectory="49def0ba-6b0c-4d3d-af49-104aee9921cf">
      <Output>
        <StdOut>POST auth/register/  →  201 Created
POST tests/  →  201 Created
POST tests/fliptest-cf31456e-750e4f29/attempts/  →  201 Created
GET tests/fliptest-cf31456e-750e4f29/results/  →  200 OK
GET companies/15129/folders/5749/  →  200 OK
GET companies/15129/folders/5749/  →  200 OK</StdOut>
      </Output>
    </UnitTestResult>
    <UnitTestResult executionId="f0e50b8b-cddd-4d56-9f34-d0b4abc11d4f" testId="8056ac32-972e-1b73-bdbb-d9926551f533" testName="TestIT.ApiTests.Tests.FolderTests.FolderUpdate_WithEmptyName_ReturnsBadRequest" computerName="DESKTOP-13D0C24" duration="00:00:01.4504791" startTime="2026-03-20T10:52:11.8924258+02:00" endTime="2026-03-20T10:52:11.8924259+02:00" testType="13cdc9d9-ddb5-4fa4-a97d-d965ccfc6d4b" outcome="Passed" testListId="8c84fa94-04c1-424b-9868-57a2d4851a1d" relativeResultsDirectory="f0e50b8b-cddd-4d56-9f34-d0b4abc11d4f">
      <Output>
        <StdOut>POST auth/login/  →  200 OK
POST auth/login/  →  200 OK</StdOut>
      </Output>
    </UnitTestResult>
    <UnitTestResult executionId="63855df7-1b26-4416-9e81-a96f1f8ecb68" testId="8613c665-de93-a74e-339f-2cd3fd388f2f" testName="TestIT.ApiTests.Tests.PatchTests.PatchCompany_ByNonMember_DeniesAccess" computerName="DESKTOP-13D0C24" duration="00:00:12.6869984" startTime="2026-03-20T10:50:50.3219630+02:00" endTime="2026-03-20T10:50:50.3219631+02:00" testType="13cdc9d9-ddb5-4fa4-a97d-d965ccfc6d4b" outcome="Passed" testListId="8c84fa94-04c1-424b-9868-57a2d4851a1d" relativeResultsDirectory="63855df7-1b26-4416-9e81-a96f1f8ecb68">
      <Output>
        <StdOut>POST tests/  →  201 Created
POST auth/login/  →  200 OK
GET tests/datacheck-aadbc62b-ce0588a2/take/  →  200 OK
GET tests/company/15091/cascadetest-4e7560-c7ddcca7/  →  200 OK
POST tests/datacheck-aadbc62b-ce0588a2/attempts/  →  201 Created
POST auth/register/  →  201 Created
GET auth/me/  →  200 OK
POST tests/scorable-bc74cbea-2290e505/attempts/  →  201 Created
POST auth/login/  →  200 OK
POST auth/register/  →  201 Created
POST tests/  →  201 Created
POST auth/register/  →  201 Created
POST auth/login/  →  200 OK
POST auth/register/  →  201 Created
POST auth/login/  →  200 OK
POST companies/  →  201 Created
POST tests/ms-allcorrect-1010f86a-ae117529/questions/  →  201 Created
PATCH tests/reassigntest-2941dc55-543d1033/  →  200 OK
POST auth/login/  →  200 OK
POST companies/  →  201 Created
POST tests/scorable-bc74cbea-2290e505/attempts/21477/submit/  →  200 OK
POST tests/  →  201 Created
POST tests/  →  201 Created</StdOut>
      </Output>
    </UnitTestResult>
    <UnitTestResult executionId="e4ac9ad7-8629-4572-bf72-f79ed073a902" testId="0788fd44-45f1-da10-becf-7930694746b1" testName="TestIT.ApiTests.Tests.FolderTests.FolderListing_AnotherUsersCompany_DeniesAccess" computerName="DESKTOP-13D0C24" duration="00:00:05.0185861" startTime="2026-03-20T10:51:57.8254293+02:00" endTime="2026-03-20T10:51:57.8254294+02:00" testType="13cdc9d9-ddb5-4fa4-a97d-d965ccfc6d4b" outcome="Passed" testListId="8c84fa94-04c1-424b-9868-57a2d4851a1d" relativeResultsDirectory="e4ac9ad7-8629-4572-bf72-f79ed073a902">
      <Output>
        <StdOut>POST tests/scorable-958a5f89-72413331/attempts/  →  201 Created
POST auth/register/  →  201 Created
POST tests/singleq-9143aed1-d6a27a80/questions/  →  201 Created
POST tests/  →  201 Created
GET tests/singleq-9143aed1-d6a27a80/take/  →  200 OK
POST tests/singleq-9143aed1-d6a27a80/attempts/21532/submit/  →  200 OK
POST auth/register/  →  201 Created
POST auth/login/  →  200 OK
POST auth/login/  →  200 OK
GET companies/15124/folders/  →  404 NotFound</StdOut>
      </Output>
    </UnitTestResult>
    <UnitTestResult executionId="ccafe81a-9a93-41c0-b3e6-56829c8d39e7" testId="6ebc53a5-2ab8-2d07-9b9c-d1def24586e2" testName="TestIT.ApiTests.Tests.QuestionManagementTests.QuestionUpdate_WithValidData_UpdatesQuestionSuccessfully" computerName="DESKTOP-13D0C24" duration="00:00:10.8427494" startTime="2026-03-20T10:49:36.2395799+02:00" endTime="2026-03-20T10:49:36.2395802+02:00" testType="13cdc9d9-ddb5-4fa4-a97d-d965ccfc6d4b" outcome="Passed" testListId="8c84fa94-04c1-424b-9868-57a2d4851a1d" relativeResultsDirectory="ccafe81a-9a93-41c0-b3e6-56829c8d39e7">
      <Output>
        <StdOut>POST tests/  →  201 Created
POST tests/perfattempt-e07aa2a2-99dd27ab/attempts/  →  201 Created</StdOut>
      </Output>
    </UnitTestResult>
    <UnitTestResult executionId="11bd6123-27b2-4edf-b6b1-7f2df25f35ae" testId="09c1983e-ebea-f330-4d91-d57e123d1921" testName="TestIT.ApiTests.Tests.PerformanceTests.Latency_CreateTest_RespondsFast" computerName="DESKTOP-13D0C24" duration="00:00:06.7147601" startTime="2026-03-20T10:50:45.0080882+02:00" endTime="2026-03-20T10:50:45.0080883+02:00" testType="13cdc9d9-ddb5-4fa4-a97d-d965ccfc6d4b" outcome="Passed" testListId="8c84fa94-04c1-424b-9868-57a2d4851a1d" relativeResultsDirectory="11bd6123-27b2-4edf-b6b1-7f2df25f35ae">
      <Output>
        <StdOut>GET auth/me/  →  200 OK</StdOut>
      </Output>
    </UnitTestResult>
    <UnitTestResult executionId="b2f215ea-3375-42b6-b397-f034eeacb948" testId="265728e7-60d9-d1d7-4be6-dedce7f99119" testName="TestIT.ApiTests.Tests.DataIntegrityTests.DataConsistency_ConcurrentAttempts_AllScoredCorrectly" computerName="DESKTOP-13D0C24" duration="00:00:10.6780503" startTime="2026-03-20T10:51:20.4186422+02:00" endTime="2026-03-20T10:51:20.4186422+02:00" testType="13cdc9d9-ddb5-4fa4-a97d-d965ccfc6d4b" outcome="Passed" testListId="8c84fa94-04c1-424b-9868-57a2d4851a1d" relativeResultsDirectory="b2f215ea-3375-42b6-b397-f034eeacb948">
      <Output>
        <StdOut>POST tests/  →  201 Created
POST tests/hideanswers-f3449905-b78c5c6a/questions/  →  201 Created
POST auth/login/  →  401 Unauthorized
POST tests/  →  201 Created
POST tests/company-test-168cf6b3-f377df07/attempts/21495/submit/  →  200 OK
POST auth/register/  →  201 Created
POST tests/resdetailauth-d5b7680b-781b70f5/attempts/  →  201 Created
POST auth/login/  →  200 OK
POST tests/hideanswers-f3449905-b78c5c6a/attempts/21494/submit/  →  200 OK
POST tests/patch-q-2459718f-8ec982a2/questions/  →  201 Created</StdOut>
      </Output>
    </UnitTestResult>
    <UnitTestResult executionId="02abc1b2-4c46-48fe-90fc-5566d4c39b05" testId="1815a298-cf0b-8622-9116-a1a52a39085e" testName="TestIT.ApiTests.Tests.CleanupTests.ManualCleanup_DeleteOldTestData_7Days" computerName="DESKTOP-13D0C24" duration="00:00:01.4704048" startTime="2026-03-20T10:52:22.4577904+02:00" endTime="2026-03-20T10:52:22.4577905+02:00" testType="13cdc9d9-ddb5-4fa4-a97d-d965ccfc6d4b" outcome="Passed" testListId="8c84fa94-04c1-424b-9868-57a2d4851a1d" relativeResultsDirectory="02abc1b2-4c46-48fe-90fc-5566d4c39b05">
      <Output>
        <StdOut>Deleting test data older than 7 days...

Deleted 0 old tests (older than 7 days)</StdOut>
      </Output>
    </UnitTestResult>
    <UnitTestResult executionId="8f8a9032-d89e-4d22-a404-7387c0e67ebf" testId="0946c642-b60c-4060-89b4-dd66a12e6f68" testName="TestIT.ApiTests.Tests.MissingCoverageTests.InviteCreation_WithInstructorRole_CreatesInstructorInvite" computerName="DESKTOP-13D0C24" duration="00:00:13.7980950" startTime="2026-03-20T10:50:55.2401010+02:00" endTime="2026-03-20T10:50:55.2401012+02:00" testType="13cdc9d9-ddb5-4fa4-a97d-d965ccfc6d4b" outcome="Passed" testListId="8c84fa94-04c1-424b-9868-57a2d4851a1d" relativeResultsDirectory="8f8a9032-d89e-4d22-a404-7387c0e67ebf">
      <Output>
        <StdOut>POST tests/  →  201 Created
POST auth/login/  →  200 OK
PUT tests/datacheck-aadbc62b-ce0588a2/attempts/21476/  →  200 OK
GET tests/  →  200 OK</StdOut>
      </Output>
    </UnitTestResult>
    <UnitTestResult executionId="e3303f2d-5e43-4f19-b120-9e24c534b3be" testId="06baf47a-26c1-a2c0-0192-3510d160d8f7" testName="TestIT.ApiTests.Tests.LatestFeatureTests.ExactAnswer_MixedTest_WithMultipleChoiceQuestion_ScoresCorrectly" computerName="DESKTOP-13D0C24" duration="00:00:14.2617268" startTime="2026-03-20T10:51:12.6854706+02:00" endTime="2026-03-20T10:51:12.6854707+02:00" testType="13cdc9d9-ddb5-4fa4-a97d-d965ccfc6d4b" outcome="Passed" testListId="8c84fa94-04c1-424b-9868-57a2d4851a1d" relativeResultsDirectory="e3303f2d-5e43-4f19-b120-9e24c534b3be">
      <Output>
        <StdOut>POST auth/login/  →  200 OK
GET tests/takeschema-a4d2f40b-d9daebc8/take/  →  200 OK
POST companies/15103/folders/  →  201 Created
POST auth/register/  →  201 Created
POST auth/register/  →  201 Created</StdOut>
      </Output>
    </UnitTestResult>
    <UnitTestResult executionId="e7158137-70f3-49f9-8fda-7491dabe71d2" testId="6ef94195-d023-b4ba-c817-3f962088524a" testName="TestIT.ApiTests.Tests.AuthenticationTests.Registration_WithValidCredentials_CreatesUserAccount" computerName="DESKTOP-13D0C24" duration="00:00:01.0738896" startTime="2026-03-20T10:49:25.4462886+02:00" endTime="2026-03-20T10:49:25.4462887+02:00" testType="13cdc9d9-ddb5-4fa4-a97d-d965ccfc6d4b" outcome="Passed" testListId="8c84fa94-04c1-424b-9868-57a2d4851a1d" relativeResultsDirectory="e7158137-70f3-49f9-8fda-7491dabe71d2">
      <Output>
        <StdOut>POST tests/  →  201 Created
POST companies/  →  201 Created
POST tests/  →  201 Created
POST companies/  →  201 Created
POST tests/resultac-e57e2a69-a56e906c/questions/  →  201 Created</StdOut>
      </Output>
    </UnitTestResult>
    <UnitTestResult executionId="60b4a41e-6cf2-4c35-96c5-b9b2735e840b" testId="1c3552c6-d109-7c26-74d9-173991d99834" testName="TestIT.ApiTests.Tests.NewQuestionTypeTests.ExactAnswer_Creation_CorrectAnswerExceedsMaxLength_RejectsRequest" computerName="DESKTOP-13D0C24" duration="00:00:09.2473364" startTime="2026-03-20T10:50:34.9884964+02:00" endTime="2026-03-20T10:50:34.9884965+02:00" testType="13cdc9d9-ddb5-4fa4-a97d-d965ccfc6d4b" outcome="Passed" testListId="8c84fa94-04c1-424b-9868-57a2d4851a1d" relativeResultsDirectory="60b4a41e-6cf2-4c35-96c5-b9b2735e840b">
      <Output>
        <StdOut>POST tests/perfresults-4fdcfc90-fedddbd3/questions/  →  201 Created
GET tests/public/  →  200 OK
POST tests/perfresults-4fdcfc90-fedddbd3/attempts/  →  201 Created
POST auth/register/  →  201 Created
POST auth/login/  →  200 OK
POST companies/15086/folders/  →  201 Created
POST tests/  →  201 Created</StdOut>
      </Output>
    </UnitTestResult>
    <UnitTestResult executionId="8a24c44d-c72b-4006-85be-33562c308f93" testId="54dcd4b7-ea78-7f57-250e-c3569887e961" testName="TestIT.ApiTests.Tests.SchemaValidationTests.Schema_CompanyResponse_HasRequiredFields" computerName="DESKTOP-13D0C24" duration="00:00:07.9466796" startTime="2026-03-20T10:49:46.6468159+02:00" endTime="2026-03-20T10:49:46.6468161+02:00" testType="13cdc9d9-ddb5-4fa4-a97d-d965ccfc6d4b" outcome="Passed" testListId="8c84fa94-04c1-424b-9868-57a2d4851a1d" relativeResultsDirectory="8a24c44d-c72b-4006-85be-33562c308f93">
      <Output>
        <StdOut>POST auth/login/  →  200 OK
POST auth/register/  →  201 Created
POST auth/login/  →  200 OK
POST auth/register/  →  201 Created
POST auth/login/  →  400 BadRequest
POST auth/login/  →  200 OK
POST auth/login/  →  200 OK</StdOut>
      </Output>
    </UnitTestResult>
    <UnitTestResult executionId="07562fa5-d704-4b77-890e-17f74bc216b1" testId="fb56f5b7-03e5-c2a2-2e23-6c9e59e8a30d" testName="TestIT.ApiTests.Tests.EdgeCaseTests.CreateTest_ZeroTimeLimit_ShouldBeAllowed" computerName="DESKTOP-13D0C24" duration="00:00:01.8042287" startTime="2026-03-20T10:51:42.8113571+02:00" endTime="2026-03-20T10:51:42.8113572+02:00" testType="13cdc9d9-ddb5-4fa4-a97d-d965ccfc6d4b" outcome="Passed" testListId="8c84fa94-04c1-424b-9868-57a2d4851a1d" relativeResultsDirectory="07562fa5-d704-4b77-890e-17f74bc216b1">
      <Output>
        <StdOut>POST companies/  →  201 Created
POST auth/register/  →  201 Created
POST tests/ea-update-3131ac18-27901deb/attempts/  →  201 Created
POST auth/register/  →  201 Created
GET tests/showanswers-0db90b0b-ca3f2a9b/take/  →  200 OK
POST tests/analyticsavg-e0ee0404-d76bc9bf/attempts/21521/submit/  →  200 OK
POST tests/  →  201 Created</StdOut>
      </Output>
    </UnitTestResult>
    <UnitTestResult executionId="3f821efe-545c-431a-b979-ec91a3aebf13" testId="a611a340-b1e4-3f9c-0420-d62d9c055ffb" testName="TestIT.ApiTests.Tests.FolderTests.FolderDeletion_ByNonOwner_DeniesAccess" computerName="DESKTOP-13D0C24" duration="00:00:11.4703269" startTime="2026-03-20T10:51:32.3031390+02:00" endTime="2026-03-20T10:51:32.3031391+02:00" testType="13cdc9d9-ddb5-4fa4-a97d-d965ccfc6d4b" outcome="Passed" testListId="8c84fa94-04c1-424b-9868-57a2d4851a1d" relativeResultsDirectory="3f821efe-545c-431a-b979-ec91a3aebf13">
      <Output>
        <StdOut>PATCH tests/patch-q-2459718f-8ec982a2/questions/45580/  →  200 OK
GET tests/datacheck-c4aebbb3-9f644168/results/  →  200 OK
POST auth/login/  →  200 OK
POST auth/login/  →  200 OK
POST auth/register/  →  201 Created
GET analytics/tests/analyticsauth-b13daded-f103a2d0/  →  404 NotFound</StdOut>
      </Output>
    </UnitTestResult>
    <UnitTestResult executionId="f6c8951f-3465-4f83-80b9-1cc177e9c119" testId="dae74f3f-b74a-7d34-81b3-60f24b0a24cb" testName="TestIT.ApiTests.Tests.InviteTests.InviteAcceptance_WithValidToken_AddsUserToCompany" computerName="DESKTOP-13D0C24" duration="00:00:17.3011930" startTime="2026-03-20T10:50:49.2278635+02:00" endTime="2026-03-20T10:50:49.2278636+02:00" testType="13cdc9d9-ddb5-4fa4-a97d-d965ccfc6d4b" outcome="Passed" testListId="8c84fa94-04c1-424b-9868-57a2d4851a1d" relativeResultsDirectory="f6c8951f-3465-4f83-80b9-1cc177e9c119">
      <Output>
        <StdOut>POST tests/reorder-9970f3ae-7b2d0137/questions/reorder/  →  200 OK</StdOut>
      </Output>
    </UnitTestResult>
    <UnitTestResult executionId="b21c0519-3c06-4cdf-8e49-f9bb6272e34f" testId="7000926f-e730-41d7-f4ab-c4c4334bcb0f" testName="TestIT.ApiTests.Tests.PerformanceTests.Latency_GetProfile_RespondsFast" computerName="DESKTOP-13D0C24" duration="00:00:05.3348173" startTime="2026-03-20T10:50:38.2931039+02:00" endTime="2026-03-20T10:50:38.2931040+02:00" testType="13cdc9d9-ddb5-4fa4-a97d-d965ccfc6d4b" outcome="Passed" testListId="8c84fa94-04c1-424b-9868-57a2d4851a1d" relativeResultsDirectory="b21c0519-3c06-4cdf-8e49-f9bb6272e34f">
      <Output>
        <StdOut>POST auth/register/  →  201 Created
POST auth/register/  →  201 Created
GET analytics/tests/analyticscompletion-db443104-c8a07e1a/  →  200 OK</StdOut>
      </Output>
    </UnitTestResult>
    <UnitTestResult executionId="2981d9bf-5cc8-4bbb-b522-9d621bf7d708" testId="63089914-3851-a444-bda7-883635304cba" testName="TestIT.ApiTests.Tests.CompanyTests.CompanyCreation_WhenUnauthenticated_DeniesAccess" computerName="DESKTOP-13D0C24" duration="00:00:02.1107461" startTime="2026-03-20T10:50:36.0843407+02:00" endTime="2026-03-20T10:50:36.0843408+02:00" testType="13cdc9d9-ddb5-4fa4-a97d-d965ccfc6d4b" outcome="Passed" testListId="8c84fa94-04c1-424b-9868-57a2d4851a1d" relativeResultsDirectory="2981d9bf-5cc8-4bbb-b522-9d621bf7d708" />
    <UnitTestResult executionId="5f71364a-95d1-4ed4-97c2-db73af127b91" testId="7e6b1057-686c-7797-fb19-ecf58ff0757c" testName="TestIT.ApiTests.Tests.PerformanceTests.Latency_SubmitAttempt_RespondsFast" computerName="DESKTOP-13D0C24" duration="00:00:12.8903772" startTime="2026-03-20T10:51:07.1921895+02:00" endTime="2026-03-20T10:51:07.1921896+02:00" testType="13cdc9d9-ddb5-4fa4-a97d-d965ccfc6d4b" outcome="Passed" testListId="8c84fa94-04c1-424b-9868-57a2d4851a1d" relativeResultsDirectory="5f71364a-95d1-4ed4-97c2-db73af127b91">
      <Output>
        <StdOut>POST companies/15098/invites/  →  201 Created
POST auth/login/  →  200 OK
POST tests/scorable-b20e84df-80afd82b/questions/  →  201 Created
POST tests/datacheck-dd9c2dbe-3b8fd993/questions/  →  201 Created
POST auth/register/  →  201 Created
POST auth/register/  →  201 Created
POST tests/takeschema-a4d2f40b-d9daebc8/questions/  →  201 Created
POST auth/register/  →  201 Created
POST auth/login/  →  200 OK
POST tests/  →  201 Created
POST auth/register/  →  400 BadRequest
POST auth/login/  →  200 OK
POST auth/register/  →  201 Created
POST auth/login/  →  200 OK
POST tests/datacheck-dd9c2dbe-3b8fd993/attempts/  →  201 Created
POST auth/register/  →  201 Created
POST auth/login/  →  200 OK
GET tests/useratest-b7a9d47f-e13f54c8/  →  404 NotFound
POST tests/  →  201 Created
POST companies/  →  201 Created
GET auth/me/  →  200 OK</StdOut>
      </Output>
    </UnitTestResult>
    <UnitTestResult executionId="4c2e3e1f-d860-4027-9a03-a51030063dd0" testId="4fa5d943-0d43-8021-8f93-080fff07b688" testName="TestIT.ApiTests.Tests.DataIntegrityTests.Immutability_SubmittedAttempts_CannotBeModified" computerName="DESKTOP-13D0C24" duration="00:00:03.8818895" startTime="2026-03-20T10:52:03.1801498+02:00" endTime="2026-03-20T10:52:03.1801499+02:00" testType="13cdc9d9-ddb5-4fa4-a97d-d965ccfc6d4b" outcome="Passed" testListId="8c84fa94-04c1-424b-9868-57a2d4851a1d" relativeResultsDirectory="4c2e3e1f-d860-4027-9a03-a51030063dd0">
      <Output>
        <StdOut>POST auth/register/  →  201 Created
POST auth/login/  →  200 OK
POST tests/  →  201 Created
GET tests/datacheck-1929dd28-a51134fe/results/  →  200 OK</StdOut>
      </Output>
    </UnitTestResult>
    <UnitTestResult executionId="b98afa99-11f4-46a8-8d07-7737bfd1bfa9" testId="acb99e3b-8d50-6386-b398-576fbbe4adc1" testName="TestIT.ApiTests.Tests.EdgeCaseTests.GetTest_VeryLongSlug_ShouldHandleGracefully" computerName="DESKTOP-13D0C24" duration="00:00:01.8438417" startTime="2026-03-20T10:51:50.2781467+02:00" endTime="2026-03-20T10:51:50.2781468+02:00" testType="13cdc9d9-ddb5-4fa4-a97d-d965ccfc6d4b" outcome="Passed" testListId="8c84fa94-04c1-424b-9868-57a2d4851a1d" relativeResultsDirectory="b98afa99-11f4-46a8-8d07-7737bfd1bfa9">
      <Output>
        <StdOut>POST tests/datacheck-6bb595fc-1d6fccb3/questions/  →  201 Created
POST auth/login/  →  200 OK
POST companies/  →  201 Created
PATCH tests/ownertest-2e74b4fa-56c56195/  →  404 NotFound
POST tests/datacheck-6bb595fc-1d6fccb3/questions/  →  201 Created
POST tests/datacheck-6bb595fc-1d6fccb3/questions/  →  201 Created
POST auth/register/  →  201 Created
POST auth/login/  →  200 OK
POST auth/login/  →  200 OK
GET tests/aaaaaaaaaaaaaaaaaaaaaaaaaaaaaaaaaaaaaaaaaaaaaaaaaaaaaaaaaaaaaaaaaaaaaaaaaaaaaaaaaaaaaaaaaaaaaaaaaaaaaaaaaaaaaaaaaaaaaaaaaaaaaaaaaaaaaaaaaaaaaaaaaaaaaaaaaaaaaaaaaaaaaaaaaaaaaaaaaaaaaaaaaaaaaaaaaaaaaaaaaaaaaaaaaaaaaaaaaaaaaaaaaaaaaaaaaaaaaaaaaaaaaaaaaaaaaaaaaaaaaaaaaaaaaaaaaaaaaaaaaaaaaaaaaaaaaaaaaaaaaaaaaaaaaaaaaaaaaaaaaaaaaaaaaaaaaaaaaaaaaaaaaaaaaaaaaaaaaaaaaaaaaaaaaaaaaaaaaaaaaaaaaaaaaaaaaaaaaaaaaaaaaaaaaaaaaaaaaaaaaaaaaaaaaaaaaaaaaaaaaaaaaaaaaaaaaaaaaaaaaaaaaaaaaaaaaaaaaaaaaaaaaaaaaaaaaaaaaaaa/  →  404 NotFound</StdOut>
      </Output>
    </UnitTestResult>
    <UnitTestResult executionId="a594220a-c6ed-4ca4-a366-c3156d9e5ae1" testId="40c10e96-051f-8beb-b496-c67625b818d4" testName="TestIT.ApiTests.Tests.AnalyticsTests.Analytics_AsNonAuthor_DeniesAccessToOtherUsersTest" computerName="DESKTOP-13D0C24" duration="00:00:09.6114550" startTime="2026-03-20T10:51:24.6644123+02:00" endTime="2026-03-20T10:51:24.6644124+02:00" testType="13cdc9d9-ddb5-4fa4-a97d-d965ccfc6d4b" outcome="Passed" testListId="8c84fa94-04c1-424b-9868-57a2d4851a1d" relativeResultsDirectory="a594220a-c6ed-4ca4-a366-c3156d9e5ae1">
      <Output>
        <StdOut>PATCH tests/decrementtest-4e67ffae-90f6a5a2/  →  200 OK
POST tests/  →  201 Created
POST tests/  →  201 Created
POST tests/  →  201 Created
POST tests/xsssec-dc31ab24-0e540000/questions/  →  400 BadRequest
POST auth/login/  →  200 OK
POST tests/  →  400 BadRequest
GET tests/ms-allwrong-ca09b363-6ccd9ce5/take/  →  200 OK
POST auth/register/  →  201 Created
POST auth/register/  →  201 Created</StdOut>
      </Output>
    </UnitTestResult>
    <UnitTestResult executionId="c1324ebc-1430-4d97-b17e-7d14adec6a2b" testId="f177ca1c-7730-f9b3-bf94-113fcdbd65ff" testName="TestIT.ApiTests.Tests.FolderTests.FolderCreation_ThreeLevelsDeep_CorrectParentChain" computerName="DESKTOP-13D0C24" duration="00:00:40.2948972" startTime="2026-03-20T10:50:36.2180873+02:00" endTime="2026-03-20T10:50:36.2180873+02:00" testType="13cdc9d9-ddb5-4fa4-a97d-d965ccfc6d4b" outcome="Passed" testListId="8c84fa94-04c1-424b-9868-57a2d4851a1d" relativeResultsDirectory="c1324ebc-1430-4d97-b17e-7d14adec6a2b">
      <Output>
        <StdOut>POST tests/math-test-464fa3fb/questions/  →  201 Created</StdOut>
      </Output>
    </UnitTestResult>
    <UnitTestResult executionId="f7db86b0-b0c3-4fca-906f-5f92e8263527" testId="603e0a48-7ccf-9423-210b-265968122d9a" testName="TestIT.ApiTests.Tests.ListOrderingTests.TestList_ContainsAllCreatedTests" computerName="DESKTOP-13D0C24" duration="00:00:12.2913105" startTime="2026-03-20T10:50:58.4441519+02:00" endTime="2026-03-20T10:50:58.4441520+02:00" testType="13cdc9d9-ddb5-4fa4-a97d-d965ccfc6d4b" outcome="Passed" testListId="8c84fa94-04c1-424b-9868-57a2d4851a1d" relativeResultsDirectory="f7db86b0-b0c3-4fca-906f-5f92e8263527">
      <Output>
        <StdOut>POST tests/  →  201 Created
POST auth/register/  →  201 Created
POST companies/  →  201 Created</StdOut>
      </Output>
    </UnitTestResult>
    <UnitTestResult executionId="fcfbb07d-5617-4e86-aa05-d80bea1c334c" testId="04ebd39f-70db-b170-804a-722eae676d16" testName="TestIT.ApiTests.Tests.CascadingDeleteTests.FolderDeletion_UnlinksAssignedTest_FolderFieldBecomesNull" computerName="DESKTOP-13D0C24" duration="00:00:40.5483669" startTime="2026-03-20T10:50:30.1098536+02:00" endTime="2026-03-20T10:50:30.1098537+02:00" testType="13cdc9d9-ddb5-4fa4-a97d-d965ccfc6d4b" outcome="Passed" testListId="8c84fa94-04c1-424b-9868-57a2d4851a1d" relativeResultsDirectory="fcfbb07d-5617-4e86-aa05-d80bea1c334c">
      <Output>
        <StdOut>POST auth/login/  →  200 OK
GET auth/me/  →  401 Unauthorized
POST auth/login/  →  200 OK
POST tests/  →  201 Created
POST auth/login/  →  200 OK
GET tests/scorable-74071e1c-f91e60dd/results/  →  200 OK
POST tests/  →  201 Created
GET tests/deleteqverify-cdb57855-eebba980/  →  200 OK
POST auth/register/  →  201 Created
POST tests/  →  201 Created
PUT tests/datacheck-58a77dc2-e95e2ee3/attempts/21468/  →  200 OK
POST tests/datacheck-58a77dc2-e95e2ee3/attempts/21468/submit/  →  200 OK</StdOut>
      </Output>
    </UnitTestResult>
    <UnitTestResult executionId="a83a365e-16fc-4b40-8826-86e22f85cc1b" testId="137867d8-c461-6719-d5e5-fb12e7639559" testName="TestIT.ApiTests.Tests.TestsManagementTests.TestListing_AsAuthor_ReturnsOwnTests" computerName="DESKTOP-13D0C24" duration="00:00:07.5511162" startTime="2026-03-20T10:50:37.6629669+02:00" endTime="2026-03-20T10:50:37.6629670+02:00" testType="13cdc9d9-ddb5-4fa4-a97d-d965ccfc6d4b" outcome="Passed" testListId="8c84fa94-04c1-424b-9868-57a2d4851a1d" relativeResultsDirectory="a83a365e-16fc-4b40-8826-86e22f85cc1b">
      <Output>
        <StdOut>POST tests/analyticscompletion-db443104-c8a07e1a/questions/  →  201 Created
GET tests/public/  →  200 OK
POST auth/register/  →  201 Created
GET tests/perfresults-4fdcfc90-fedddbd3/results/  →  200 OK
POST auth/login/  →  200 OK
POST auth/login/  →  200 OK
POST tests/datacheck-aadbc62b-ce0588a2/questions/  →  201 Created
POST tests/scorable-bc74cbea-2290e505/questions/  →  201 Created
POST companies/15089/folders/  →  201 Created
POST tests/datacheck-aadbc62b-ce0588a2/questions/  →  201 Created
POST tests/company/15091/  →  201 Created</StdOut>
      </Output>
    </UnitTestResult>
    <UnitTestResult executionId="c89192bf-0185-4f2c-9550-761e28193cbd" testId="adf250b4-9979-f27f-6908-1f584f3fc900" testName="TestIT.ApiTests.Tests.CoverageTests.GetResultDetail_ByNonAuthor_DeniesAccess" computerName="DESKTOP-13D0C24" duration="00:00:15.0575614" startTime="2026-03-20T10:51:23.0241496+02:00" endTime="2026-03-20T10:51:23.0241497+02:00" testType="13cdc9d9-ddb5-4fa4-a97d-d965ccfc6d4b" outcome="Passed" testListId="8c84fa94-04c1-424b-9868-57a2d4851a1d" relativeResultsDirectory="c89192bf-0185-4f2c-9550-761e28193cbd" />
    <UnitTestResult executionId="fed488b2-df12-4c7e-af36-9631fec31684" testId="2076740d-0684-ea94-a4c5-0be8c46cc270" testName="TestIT.ApiTests.Tests.LatestFeatureTests.MultiSelect_MixedTest_WithMultipleChoiceQuestion_EachScoredIndependently" computerName="DESKTOP-13D0C24" duration="00:00:23.0354754" startTime="2026-03-20T10:49:52.1447015+02:00" endTime="2026-03-20T10:49:52.1447015+02:00" testType="13cdc9d9-ddb5-4fa4-a97d-d965ccfc6d4b" outcome="Passed" testListId="8c84fa94-04c1-424b-9868-57a2d4851a1d" relativeResultsDirectory="fed488b2-df12-4c7e-af36-9631fec31684" />
    <UnitTestResult executionId="8203a885-7d2b-4b8b-87f2-12f345976a48" testId="47805376-b1c9-eabb-0da4-08a11b14c1ef" testName="TestIT.ApiTests.Tests.EdgeCaseTests.CreateTest_NullDescription_ShouldWork" computerName="DESKTOP-13D0C24" duration="00:00:07.2725667" startTime="2026-03-20T10:49:53.7589206+02:00" endTime="2026-03-20T10:49:53.7589208+02:00" testType="13cdc9d9-ddb5-4fa4-a97d-d965ccfc6d4b" outcome="Passed" testListId="8c84fa94-04c1-424b-9868-57a2d4851a1d" relativeResultsDirectory="8203a885-7d2b-4b8b-87f2-12f345976a48">
      <Output>
        <StdOut>GET tests/resultsorder-2c8ac2d9-72dc1961/results/  →  200 OK
POST auth/register/  →  201 Created
POST companies/  →  201 Created
POST tests/ms-mixed-ef1cc31d-aad9d99d/attempts/21464/submit/  →  200 OK
GET tests/ms-mixed-ef1cc31d-aad9d99d/results/  →  200 OK
POST auth/login/  →  200 OK
POST auth/login/  →  200 OK
POST auth/register/  →  201 Created</StdOut>
      </Output>
    </UnitTestResult>
    <UnitTestResult executionId="94eeec09-0e73-41b0-9bd8-a7e1905410d9" testId="d4d2e508-84b0-9ddf-76dd-ba7946b5577c" testName="TestIT.ApiTests.Tests.SecurityTests.DataExposure_PasswordNotReturned_InProfileEndpoint" computerName="DESKTOP-13D0C24" duration="00:00:07.5423240" startTime="2026-03-20T10:50:56.3724421+02:00" endTime="2026-03-20T10:50:56.3724422+02:00" testType="13cdc9d9-ddb5-4fa4-a97d-d965ccfc6d4b" outcome="Passed" testListId="8c84fa94-04c1-424b-9868-57a2d4851a1d" relativeResultsDirectory="94eeec09-0e73-41b0-9bd8-a7e1905410d9">
      <Output>
        <StdOut>POST auth/register/  →  201 Created
POST auth/login/  →  200 OK
POST auth/register/  →  201 Created</StdOut>
      </Output>
    </UnitTestResult>
    <UnitTestResult executionId="aef98464-ecd8-4842-91fd-d8f173401bd9" testId="1b7cd94c-796b-e706-e791-c95f988105e5" testName="TestIT.ApiTests.Tests.PatchTests.PatchTest_Unauthenticated_DeniesAccess" computerName="DESKTOP-13D0C24" duration="00:00:06.5582026" startTime="2026-03-20T10:51:27.4658233+02:00" endTime="2026-03-20T10:51:27.4658234+02:00" testType="13cdc9d9-ddb5-4fa4-a97d-d965ccfc6d4b" outcome="Passed" testListId="8c84fa94-04c1-424b-9868-57a2d4851a1d" relativeResultsDirectory="aef98464-ecd8-4842-91fd-d8f173401bd9">
      <Output>
        <StdOut>POST companies/15111/invites/  →  201 Created
POST auth/login/  →  200 OK
POST auth/login/  →  200 OK
POST tests/ms-allwrong-ca09b363-6ccd9ce5/attempts/21507/submit/  →  200 OK
GET tests/ms-allwrong-ca09b363-6ccd9ce5/results/  →  200 OK</StdOut>
      </Output>
    </UnitTestResult>
    <UnitTestResult executionId="ce81486d-c1e9-4b85-9fa3-b9fb074bf366" testId="f5cdb9c4-334b-3611-935f-65e4e006d7b3" testName="TestIT.ApiTests.Tests.CoverageTests.GetCompanyTestDetail_AsMember_ReturnsTestData" computerName="DESKTOP-13D0C24" duration="00:00:14.4050697" startTime="2026-03-20T10:49:27.5394859+02:00" endTime="2026-03-20T10:49:27.5394861+02:00" testType="13cdc9d9-ddb5-4fa4-a97d-d965ccfc6d4b" outcome="Passed" testListId="8c84fa94-04c1-424b-9868-57a2d4851a1d" relativeResultsDirectory="ce81486d-c1e9-4b85-9fa3-b9fb074bf366">
      <Output>
        <StdOut>POST auth/register/  →  201 Created
POST auth/register/  →  201 Created
POST auth/register/  →  201 Created
POST auth/register/  →  201 Created
POST auth/register/  →  201 Created
POST auth/register/  →  201 Created
POST auth/register/  →  201 Created
POST auth/login/  →  200 OK
POST auth/login/  →  200 OK
POST companies/  →  201 Created
POST tests/  →  201 Created
POST companies/  →  201 Created</StdOut>
      </Output>
    </UnitTestResult>
    <UnitTestResult executionId="4b568da3-09e0-4069-9dbe-590a5a075a35" testId="b996985d-7c5d-6f28-d7ef-6f35de1c77e3" testName="TestIT.ApiTests.Tests.TestTakingTests.TestAccess_PasswordProtected_BlocksWithoutPassword" computerName="DESKTOP-13D0C24" duration="00:00:03.4605302" startTime="2026-03-20T10:52:03.1810978+02:00" endTime="2026-03-20T10:52:03.1810979+02:00" testType="13cdc9d9-ddb5-4fa4-a97d-d965ccfc6d4b" outcome="Passed" testListId="8c84fa94-04c1-424b-9868-57a2d4851a1d" relativeResultsDirectory="4b568da3-09e0-4069-9dbe-590a5a075a35">
      <Output>
        <StdOut>POST auth/register/  →  201 Created
POST tests/  →  201 Created
GET tests/datacheck-1929dd28-a51134fe/take/  →  200 OK
POST tests/  →  201 Created
POST tests/  →  201 Created
POST invites/kdnJmmOCMy7bKjXhTY-pi5oEl40TCuvI7T7Nvvnno1c/accept/  →  200 OK
DELETE companies/15125/members/45223/  →  204 NoContent
GET tests/pwprotected-58387ca4-27253bd1/take/  →  403 Forbidden</StdOut>
      </Output>
    </UnitTestResult>
    <UnitTestResult executionId="42ebe194-10d8-4802-abf1-d05a4c94f10a" testId="045d2e3d-eb7a-16cf-d601-8e24772c0f67" testName="TestIT.ApiTests.Tests.SecurityTests.Authorization_UserCannotAccessOtherUsersTests" computerName="DESKTOP-13D0C24" duration="00:00:10.7038260" startTime="2026-03-20T10:51:07.0764750+02:00" endTime="2026-03-20T10:51:07.0764751+02:00" testType="13cdc9d9-ddb5-4fa4-a97d-d965ccfc6d4b" outcome="Passed" testListId="8c84fa94-04c1-424b-9868-57a2d4851a1d" relativeResultsDirectory="42ebe194-10d8-4802-abf1-d05a4c94f10a">
      <Output>
        <StdOut>POST auth/login/  →  200 OK
POST tests/company/15101/  →  201 Created
POST auth/register/  →  201 Created
POST auth/login/  →  200 OK
POST tests/datacheck-dd9c2dbe-3b8fd993/attempts/21481/submit/  →  200 OK
POST auth/register/  →  201 Created</StdOut>
      </Output>
    </UnitTestResult>
    <UnitTestResult executionId="2b673e74-2a67-47b2-ad63-b8d243856c17" testId="8f38639a-2c2e-0e5b-6ff3-b93eafa1ddf9" testName="TestIT.ApiTests.Tests.TestsManagementTests.TestDetails_WithNonExistentSlug_ReturnsNotFound" computerName="DESKTOP-13D0C24" duration="00:00:07.4211256" startTime="2026-03-20T10:49:41.7867972+02:00" endTime="2026-03-20T10:49:41.7867974+02:00" testType="13cdc9d9-ddb5-4fa4-a97d-d965ccfc6d4b" outcome="Passed" testListId="8c84fa94-04c1-424b-9868-57a2d4851a1d" relativeResultsDirectory="2b673e74-2a67-47b2-ad63-b8d243856c17">
      <Output>
        <StdOut>POST tests/  →  201 Created
POST tests/  →  201 Created
POST auth/login/  →  200 OK
POST invites/A3xaZ7rsc8Xc_XdP9xBwUezxGQZTsbRCleiCrAHlqqw/accept/  →  200 OK</StdOut>
      </Output>
    </UnitTestResult>
    <UnitTestResult executionId="18d023d2-767e-45c0-b880-22ce4fe2c0a5" testId="44610fa2-498b-78f7-19ab-1ee1b24dc334" testName="TestIT.ApiTests.Tests.LatestFeatureTests.TestFolderAssignment_ToNonExistentFolder_ReturnsBadRequest" computerName="DESKTOP-13D0C24" duration="00:00:27.8390785" startTime="2026-03-20T10:50:21.5873300+02:00" endTime="2026-03-20T10:50:21.5873300+02:00" testType="13cdc9d9-ddb5-4fa4-a97d-d965ccfc6d4b" outcome="Passed" testListId="8c84fa94-04c1-424b-9868-57a2d4851a1d" relativeResultsDirectory="18d023d2-767e-45c0-b880-22ce4fe2c0a5">
      <Output>
        <StdOut>POST companies/  →  201 Created
POST tests/  →  201 Created
GET companies/15078/invites/  →  200 OK
POST tests/  →  201 Created</StdOut>
      </Output>
    </UnitTestResult>
    <UnitTestResult executionId="12325dea-ead9-4f87-b7e4-7bf34e6d6dd9" testId="d43d91a9-b2d4-65b1-611d-733a979afe62" testName="TestIT.ApiTests.Tests.LatestFeatureTests.FolderDetail_WithValidId_ReturnsAllExpectedFields" computerName="DESKTOP-13D0C24" duration="00:00:14.9311969" startTime="2026-03-20T10:49:27.4935995+02:00" endTime="2026-03-20T10:49:27.4935998+02:00" testType="13cdc9d9-ddb5-4fa4-a97d-d965ccfc6d4b" outcome="Passed" testListId="8c84fa94-04c1-424b-9868-57a2d4851a1d" relativeResultsDirectory="12325dea-ead9-4f87-b7e4-7bf34e6d6dd9" />
    <UnitTestResult executionId="63fecc32-a871-46fe-bd25-836c9583d88e" testId="d6b579fd-218f-325b-768b-7696505f7820" testName="TestIT.ApiTests.Tests.MissingCoverageTests.TokenRefresh_WithInvalidToken_DeniesAccess" computerName="DESKTOP-13D0C24" duration="00:00:02.1156985" startTime="2026-03-20T10:50:57.3565364+02:00" endTime="2026-03-20T10:50:57.3565365+02:00" testType="13cdc9d9-ddb5-4fa4-a97d-d965ccfc6d4b" outcome="Passed" testListId="8c84fa94-04c1-424b-9868-57a2d4851a1d" relativeResultsDirectory="63fecc32-a871-46fe-bd25-836c9583d88e">
      <Output>
        <StdOut>POST auth/register/  →  201 Created
POST auth/register/  →  201 Created
POST companies/  →  201 Created</StdOut>
      </Output>
    </UnitTestResult>
    <UnitTestResult executionId="bd90210c-e3c0-4724-bb26-8d0f5a1227bd" testId="017a703d-f63e-ef97-bf87-7b92d43cc499" testName="TestIT.ApiTests.Tests.EdgeCaseTests.SaveAnswers_EmptyAnswersList_ShouldWork" computerName="DESKTOP-13D0C24" duration="00:00:13.5743405" startTime="2026-03-20T10:49:46.4860617+02:00" endTime="2026-03-20T10:49:46.4860619+02:00" testType="13cdc9d9-ddb5-4fa4-a97d-d965ccfc6d4b" outcome="Passed" testListId="8c84fa94-04c1-424b-9868-57a2d4851a1d" relativeResultsDirectory="bd90210c-e3c0-4724-bb26-8d0f5a1227bd">
      <Output>
        <StdOut>POST tests/resultsorder-2c8ac2d9-72dc1961/attempts/  →  201 Created
POST tests/  →  201 Created
POST auth/login/  →  200 OK
POST tests/updateq-9872e1ba-78014946/questions/  →  201 Created
POST tests/resultssec-a66bfefa-fc4e2b1d/attempts/  →  201 Created
POST tests/resultsorder-2c8ac2d9-72dc1961/attempts/  →  201 Created</StdOut>
      </Output>
    </UnitTestResult>
    <UnitTestResult executionId="5251442f-2c02-43ca-9890-415387cfea12" testId="f3c5d1b5-7646-8c47-ecb1-9e83e8d2be08" testName="TestIT.ApiTests.Tests.NewQuestionTypeTests.MultiSelect_Scoring_CorrectPlusWrongAnswers_ScoresZero" computerName="DESKTOP-13D0C24" duration="00:00:04.1701191" startTime="2026-03-20T10:51:52.7352259+02:00" endTime="2026-03-20T10:51:52.7352260+02:00" testType="13cdc9d9-ddb5-4fa4-a97d-d965ccfc6d4b" outcome="Passed" testListId="8c84fa94-04c1-424b-9868-57a2d4851a1d" relativeResultsDirectory="5251442f-2c02-43ca-9890-415387cfea12">
      <Output>
        <StdOut>POST tests/datacheck-6bb595fc-1d6fccb3/questions/  →  201 Created
POST auth/register/  →  201 Created
POST tests/datacheck-6bb595fc-1d6fccb3/questions/  →  201 Created
POST tests/  →  201 Created
POST auth/register/  →  201 Created
POST tests/resdetail-8f986a38-fd1bf736/attempts/21527/submit/  →  200 OK
GET tests/ms-correctpluswrong-1d5d03e4-fd5cef09/take/  →  200 OK
POST tests/scorable-958a5f89-72413331/questions/  →  201 Created</StdOut>
      </Output>
    </UnitTestResult>
    <UnitTestResult executionId="bef4f0f8-f013-41bd-937e-3f65cb28b9df" testId="3f151d07-3058-1f50-8b25-20739b907c0a" testName="TestIT.ApiTests.Tests.CoverageTests.GetPublicTests_LinkOnlyTest_DoesNotAppearInList" computerName="DESKTOP-13D0C24" duration="00:00:09.2677922" startTime="2026-03-20T10:49:55.3440945+02:00" endTime="2026-03-20T10:49:55.3440947+02:00" testType="13cdc9d9-ddb5-4fa4-a97d-d965ccfc6d4b" outcome="Passed" testListId="8c84fa94-04c1-424b-9868-57a2d4851a1d" relativeResultsDirectory="bef4f0f8-f013-41bd-937e-3f65cb28b9df" />
    <UnitTestResult executionId="04bb3721-e5a6-47e3-923a-b9e4ba331af3" testId="5625b1e8-61b6-a2fc-56a6-359ea15df749" testName="TestIT.ApiTests.Tests.MissingCoverageTests.ResultDetail_AsUnauthenticatedUser_DeniesAccess" computerName="DESKTOP-13D0C24" duration="00:00:21.9112910" startTime="2026-03-20T10:49:35.0206651+02:00" endTime="2026-03-20T10:49:35.0206653+02:00" testType="13cdc9d9-ddb5-4fa4-a97d-d965ccfc6d4b" outcome="Passed" testListId="8c84fa94-04c1-424b-9868-57a2d4851a1d" relativeResultsDirectory="04bb3721-e5a6-47e3-923a-b9e4ba331af3" />
    <UnitTestResult executionId="8c6b31ec-9d77-466d-8338-fb173d5551a4" testId="788d51dc-3cb7-33f7-d267-a7497f988e6a" testName="TestIT.ApiTests.Tests.SecurityTests.DataExposure_DetailedErrorMessages_DoNotLeakSensitiveInfo" computerName="DESKTOP-13D0C24" duration="00:00:01.8989657" startTime="2026-03-20T10:51:13.1930202+02:00" endTime="2026-03-20T10:51:13.1930203+02:00" testType="13cdc9d9-ddb5-4fa4-a97d-d965ccfc6d4b" outcome="Passed" testListId="8c84fa94-04c1-424b-9868-57a2d4851a1d" relativeResultsDirectory="8c6b31ec-9d77-466d-8338-fb173d5551a4">
      <Output>
        <StdOut>POST auth/login/  →  200 OK
POST auth/login/  →  200 OK
POST auth/login/  →  200 OK
POST companies/  →  201 Created
POST companies/15105/invites/  →  201 Created
POST auth/login/  →  200 OK
POST tests/ea-wrong-db241f91-59be81ae/attempts/21492/submit/  →  200 OK
GET tests/ea-mixed-a1439d91-67c3db1d/results/  →  200 OK
POST auth/login/  →  200 OK
POST tests/  →  201 Created
POST tests/  →  201 Created</StdOut>
      </Output>
    </UnitTestResult>
    <UnitTestResult executionId="72654a74-eb56-4147-a3e6-06addb3541b4" testId="df7a4aaf-6617-01ea-3a61-1dbfd3c480dc" testName="TestIT.ApiTests.Tests.StressTests.StressTest_ConcurrentUserRegistrations_HandlesLoad" computerName="DESKTOP-13D0C24" duration="00:00:26.2409974" startTime="2026-03-20T10:50:26.6872043+02:00" endTime="2026-03-20T10:50:26.6872044+02:00" testType="13cdc9d9-ddb5-4fa4-a97d-d965ccfc6d4b" outcome="Passed" testListId="8c84fa94-04c1-424b-9868-57a2d4851a1d" relativeResultsDirectory="72654a74-eb56-4147-a3e6-06addb3541b4">
      <Output>
        <StdOut>POST auth/login/  →  200 OK
POST tests/resultschema-ebd254f8-96a850a5/attempts/  →  201 Created
POST auth/login/  →  200 OK
POST tests/  →  201 Created</StdOut>
      </Output>
    </UnitTestResult>
    <UnitTestResult executionId="da18a63b-af17-4fbb-b4fa-0fc3e8171179" testId="e7c12d76-45ec-f908-638a-72828852975f" testName="TestIT.ApiTests.Tests.NewQuestionTypeTests.ExactAnswer_Scoring_WrongText_ScoresZero" computerName="DESKTOP-13D0C24" duration="00:00:10.7800585" startTime="2026-03-20T10:51:13.4160551+02:00" endTime="2026-03-20T10:51:13.4160552+02:00" testType="13cdc9d9-ddb5-4fa4-a97d-d965ccfc6d4b" outcome="Passed" testListId="8c84fa94-04c1-424b-9868-57a2d4851a1d" relativeResultsDirectory="da18a63b-af17-4fbb-b4fa-0fc3e8171179">
      <Output>
        <StdOut>POST auth/login/  →  200 OK
GET tests/scorable-b20e84df-80afd82b/results/  →  200 OK
POST companies/  →  201 Created
POST tests/company/15105/  →  201 Created
POST tests/  →  201 Created</StdOut>
      </Output>
    </UnitTestResult>
    <UnitTestResult executionId="77158e5d-6d2a-406c-8b2a-8f4d629cb4e4" testId="89c2591c-53e4-6511-c896-d4b1a8cc2079" testName="TestIT.ApiTests.Tests.InviteTests.InviteCreation_DuplicatePendingInvite_RejectsRequest" computerName="DESKTOP-13D0C24" duration="00:00:21.8094335" startTime="2026-03-20T10:49:34.9154280+02:00" endTime="2026-03-20T10:49:34.9154281+02:00" testType="13cdc9d9-ddb5-4fa4-a97d-d965ccfc6d4b" outcome="Passed" testListId="8c84fa94-04c1-424b-9868-57a2d4851a1d" relativeResultsDirectory="77158e5d-6d2a-406c-8b2a-8f4d629cb4e4">
      <Output>
        <StdOut>POST auth/register/  →  201 Created
POST auth/register/  →  201 Created
POST auth/register/  →  201 Created
POST auth/login/  →  200 OK
POST auth/login/  →  200 OK
GET tests/invalid!!!slug###/  →  404 NotFound
POST tests/  →  201 Created</StdOut>
      </Output>
    </UnitTestResult>
    <UnitTestResult executionId="40c68d56-447e-4f29-934b-d83e48f4b293" testId="407f9576-2185-fe9b-66da-4d570e6cf7f8" testName="TestIT.ApiTests.Tests.CascadingDeleteTests.CompanyDeletion_DoesNotAffectPersonalTests" computerName="DESKTOP-13D0C24" duration="00:00:17.2075955" startTime="2026-03-20T10:49:29.7701794+02:00" endTime="2026-03-20T10:49:29.7701795+02:00" testType="13cdc9d9-ddb5-4fa4-a97d-d965ccfc6d4b" outcome="Passed" testListId="8c84fa94-04c1-424b-9868-57a2d4851a1d" relativeResultsDirectory="40c68d56-447e-4f29-934b-d83e48f4b293" />
    <UnitTestResult executionId="e2875bdd-b67d-493a-8b5e-ea7c3b9bc892" testId="b8755375-a2cd-f86a-7c15-bbb3d19e3a4e" testName="TestIT.ApiTests.Tests.DataIntegrityTests.DataConsistency_DraftSaveDoesNotAffectFinalScore" computerName="DESKTOP-13D0C24" duration="00:00:18.5383795" startTime="2026-03-20T10:50:46.0859383+02:00" endTime="2026-03-20T10:50:46.0859384+02:00" testType="13cdc9d9-ddb5-4fa4-a97d-d965ccfc6d4b" outcome="Passed" testListId="8c84fa94-04c1-424b-9868-57a2d4851a1d" relativeResultsDirectory="e2875bdd-b67d-493a-8b5e-ea7c3b9bc892">
      <Output>
        <StdOut>GET tests/getq404-7c4edf56-d316477a/questions/99999/  →  404 NotFound</StdOut>
      </Output>
    </UnitTestResult>
    <UnitTestResult executionId="eff1b6c6-50f6-4821-9f6d-efb29177d440" testId="d8f7bb9b-7dea-39b0-e475-b08d7ed1d3c7" testName="TestIT.ApiTests.Tests.TestTakingTests.AttemptStart_AsAnonymousUser_CreatesAttemptSuccessfully" computerName="DESKTOP-13D0C24" duration="00:00:15.1163887" startTime="2026-03-20T10:49:28.2254249+02:00" endTime="2026-03-20T10:49:28.2254251+02:00" testType="13cdc9d9-ddb5-4fa4-a97d-d965ccfc6d4b" outcome="Passed" testListId="8c84fa94-04c1-424b-9868-57a2d4851a1d" relativeResultsDirectory="eff1b6c6-50f6-4821-9f6d-efb29177d440" />
    <UnitTestResult executionId="23549a7f-1f63-449d-9aaa-3a8334e462b8" testId="0619282b-fc75-bd3f-8ff1-d5512b0933fd" testName="TestIT.ApiTests.Tests.QuestionManagementTests.QuestionReorder_WithValidOrder_ReordersSuccessfully" computerName="DESKTOP-13D0C24" duration="00:00:39.1984609" startTime="2026-03-20T10:50:33.9806570+02:00" endTime="2026-03-20T10:50:33.9806571+02:00" testType="13cdc9d9-ddb5-4fa4-a97d-d965ccfc6d4b" outcome="Passed" testListId="8c84fa94-04c1-424b-9868-57a2d4851a1d" relativeResultsDirectory="23549a7f-1f63-449d-9aaa-3a8334e462b8">
      <Output>
        <StdOut>POST companies/15082/folders/  →  201 Created
POST auth/register/  →  201 Created
POST companies/  →  201 Created
POST auth/register/  →  201 Created</StdOut>
      </Output>
    </UnitTestResult>
    <UnitTestResult executionId="fe030ce6-9bde-48a2-9b09-7164d4ae8dab" testId="94aac3e4-2a3b-6fd1-fee9-a26ba94c40c3" testName="TestIT.ApiTests.Tests.FolderTests.TestFolderAssignment_MultipleTests_CountReflectsAllAssignments" computerName="DESKTOP-13D0C24" duration="00:00:03.9367929" startTime="2026-03-20T10:52:03.2722654+02:00" endTime="2026-03-20T10:52:03.2722655+02:00" testType="13cdc9d9-ddb5-4fa4-a97d-d965ccfc6d4b" outcome="Passed" testListId="8c84fa94-04c1-424b-9868-57a2d4851a1d" relativeResultsDirectory="fe030ce6-9bde-48a2-9b09-7164d4ae8dab">
      <Output>
        <StdOut>POST companies/15125/invites/  →  201 Created
POST tests/  →  201 Created
PATCH tests/bulktest3-4dbc2e-edef9067/  →  200 OK</StdOut>
      </Output>
    </UnitTestResult>
    <UnitTestResult executionId="9976bfd1-18b1-42dc-bfb2-6895ebada648" testId="a8b7bc2f-1023-77db-f56a-c74be8c48cee" testName="TestIT.ApiTests.Tests.CoverageTests.RemoveMember_AsAdmin_RemovesMemberSuccessfully" computerName="DESKTOP-13D0C24" duration="00:00:06.4276346" startTime="2026-03-20T10:52:03.2778949+02:00" endTime="2026-03-20T10:52:03.2778950+02:00" testType="13cdc9d9-ddb5-4fa4-a97d-d965ccfc6d4b" outcome="Passed" testListId="8c84fa94-04c1-424b-9868-57a2d4851a1d" relativeResultsDirectory="9976bfd1-18b1-42dc-bfb2-6895ebada648">
      <Output>
        <StdOut>POST auth/login/  →  200 OK
GET tests/singleq-9143aed1-d6a27a80/results/  →  200 OK</StdOut>
      </Output>
    </UnitTestResult>
    <UnitTestResult executionId="455b9d94-14a1-4553-8d01-6420a7031a27" testId="de2c3d1a-1cbe-39c9-6087-56d75da7c362" testName="TestIT.ApiTests.Tests.MissingCoverageTests.TestVisibility_WhenChangedToPublic_AppearsInPublicListing" computerName="DESKTOP-13D0C24" duration="00:00:36.8479498" startTime="2026-03-20T10:50:32.7488985+02:00" endTime="2026-03-20T10:50:32.7488986+02:00" testType="13cdc9d9-ddb5-4fa4-a97d-d965ccfc6d4b" outcome="Passed" testListId="8c84fa94-04c1-424b-9868-57a2d4851a1d" relativeResultsDirectory="455b9d94-14a1-4553-8d01-6420a7031a27">
      <Output>
        <StdOut>PATCH companies/15082/folders/5728/  →  200 OK
POST auth/login/  →  200 OK
POST auth/register/  →  201 Created
POST companies/  →  201 Created
POST auth/register/  →  201 Created
POST auth/register/  →  201 Created
POST tests/ea-empty-7372b608-69b21e74/attempts/21469/submit/  →  200 OK
POST auth/login/  →  200 OK
POST tests/  →  201 Created</StdOut>
      </Output>
    </UnitTestResult>
    <UnitTestResult executionId="6dadaed1-ef55-46c0-a9d4-40b1d0ac1f39" testId="2c187245-0ecc-8b18-2469-242fc49c3761" testName="TestIT.ApiTests.Tests.LatestFeatureTests.MultiSelect_Scoring_OnlyWrongAnswersSelected_ScoresZero" computerName="DESKTOP-13D0C24" duration="00:00:12.0112357" startTime="2026-03-20T10:51:24.6969821+02:00" endTime="2026-03-20T10:51:24.6969822+02:00" testType="13cdc9d9-ddb5-4fa4-a97d-d965ccfc6d4b" outcome="Passed" testListId="8c84fa94-04c1-424b-9868-57a2d4851a1d" relativeResultsDirectory="6dadaed1-ef55-46c0-a9d4-40b1d0ac1f39">
      <Output>
        <StdOut>POST tests/  →  201 Created</StdOut>
      </Output>
    </UnitTestResult>
    <UnitTestResult executionId="b0a01b2d-960a-48ae-85fb-01a83f0c99a4" testId="992df632-b2dc-3a97-f21e-88aeb1c4e8c1" testName="TestIT.ApiTests.Tests.AnalyticsTests.Analytics_NoSubmissions_ReturnsZeroStats" computerName="DESKTOP-13D0C24" duration="00:00:12.7238092" startTime="2026-03-20T10:49:59.1837257+02:00" endTime="2026-03-20T10:49:59.1837258+02:00" testType="13cdc9d9-ddb5-4fa4-a97d-d965ccfc6d4b" outcome="Passed" testListId="8c84fa94-04c1-424b-9868-57a2d4851a1d" relativeResultsDirectory="b0a01b2d-960a-48ae-85fb-01a83f0c99a4">
      <Output>
        <StdOut>PUT tests/edgecase-emptyanswers-7eb19703-2541a729/attempts/21463/  →  200 OK
POST auth/register/  →  201 Created
POST auth/register/  →  201 Created
GET tests/survivetest-430eeb-fe8ad5f8/  →  200 OK</StdOut>
      </Output>
    </UnitTestResult>
    <UnitTestResult executionId="5bfece9c-ac78-4cbd-9e1f-4ea363593bf2" testId="d7269d3a-81fa-ad8f-62c1-1d12652b4b09" testName="TestIT.ApiTests.Tests.CoverageTests.GetPublicTests_Unauthenticated_Returns200" computerName="DESKTOP-13D0C24" duration="00:00:01.4805891" startTime="2026-03-20T10:52:04.7581904+02:00" endTime="2026-03-20T10:52:04.7581904+02:00" testType="13cdc9d9-ddb5-4fa4-a97d-d965ccfc6d4b" outcome="Passed" testListId="8c84fa94-04c1-424b-9868-57a2d4851a1d" relativeResultsDirectory="5bfece9c-ac78-4cbd-9e1f-4ea363593bf2">
      <Output>
        <StdOut>POST tests/datacheck-c44e76c8-c9b30bb8/questions/  →  201 Created</StdOut>
      </Output>
    </UnitTestResult>
    <UnitTestResult executionId="e86639a6-006c-47d2-96a2-408e686b274b" testId="0f93b1e4-eff8-83ca-4da6-c6e6b136d3c2" testName="TestIT.ApiTests.Tests.CascadingDeleteTests.FolderDeletion_AssignedTest_RemainsFullyAccessible" computerName="DESKTOP-13D0C24" duration="00:00:16.5723393" startTime="2026-03-20T10:49:47.9580936+02:00" endTime="2026-03-20T10:49:47.9580938+02:00" testType="13cdc9d9-ddb5-4fa4-a97d-d965ccfc6d4b" outcome="Passed" testListId="8c84fa94-04c1-424b-9868-57a2d4851a1d" relativeResultsDirectory="e86639a6-006c-47d2-96a2-408e686b274b">
      <Output>
        <StdOut>POST auth/register/  →  201 Created
PUT tests/ea-correct-e866b009-3c821f23/attempts/21404/  →  200 OK
POST auth/login/  →  200 OK
POST auth/register/  →  201 Created
PUT tests/datacheck-b2bb6326-160387d6/attempts/21408/  →  200 OK
POST tests/company/15069/  →  403 Forbidden</StdOut>
      </Output>
    </UnitTestResult>
    <UnitTestResult executionId="87f3356d-249b-426b-9335-48277e03d45f" testId="4585e2f6-7056-249a-30e9-1671cc7d9fec" testName="TestIT.ApiTests.Tests.NewQuestionTypeTests.MultiSelect_Scoring_AllCorrectAnswersSelected_ScoresFullMarks" computerName="DESKTOP-13D0C24" duration="00:00:16.9961779" startTime="2026-03-20T10:50:53.5827052+02:00" endTime="2026-03-20T10:50:53.5827053+02:00" testType="13cdc9d9-ddb5-4fa4-a97d-d965ccfc6d4b" outcome="Passed" testListId="8c84fa94-04c1-424b-9868-57a2d4851a1d" relativeResultsDirectory="87f3356d-249b-426b-9335-48277e03d45f">
      <Output>
        <StdOut>POST auth/register/  →  201 Created
POST companies/  →  201 Created</StdOut>
      </Output>
    </UnitTestResult>
    <UnitTestResult executionId="74913c9e-98fa-4c69-81cc-7eb74e3c63b9" testId="009601d3-e789-ea8b-7b36-d18f65a0b9a0" testName="TestIT.ApiTests.Tests.EdgeCaseTests.Register_EmailWithSubdomain_ShouldWork" computerName="DESKTOP-13D0C24" duration="00:00:00.7504803" startTime="2026-03-20T10:51:58.4195306+02:00" endTime="2026-03-20T10:51:58.4195307+02:00" testType="13cdc9d9-ddb5-4fa4-a97d-d965ccfc6d4b" outcome="Passed" testListId="8c84fa94-04c1-424b-9868-57a2d4851a1d" relativeResultsDirectory="74913c9e-98fa-4c69-81cc-7eb74e3c63b9">
      <Output>
        <StdOut>POST companies/  →  201 Created</StdOut>
      </Output>
    </UnitTestResult>
    <UnitTestResult executionId="4464ce93-30cb-4184-8b2d-2b03a2f0cbf7" testId="5c144c15-bb71-80c2-e6c8-ce6d4b63f52f" testName="TestIT.ApiTests.Tests.EdgeCaseTests.Register_EmailWithPlus_ShouldWork" computerName="DESKTOP-13D0C24" duration="00:00:01.4079051" startTime="2026-03-20T10:51:08.5889893+02:00" endTime="2026-03-20T10:51:08.5889893+02:00" testType="13cdc9d9-ddb5-4fa4-a97d-d965ccfc6d4b" outcome="Passed" testListId="8c84fa94-04c1-424b-9868-57a2d4851a1d" relativeResultsDirectory="4464ce93-30cb-4184-8b2d-2b03a2f0cbf7">
      <Output>
        <StdOut>POST tests/  →  201 Created
POST tests/analyticspass-e9090e3b-f5d08956/attempts/  →  201 Created
POST tests/analyticsschema-f67dcb6e-a115045c/attempts/21490/submit/  →  200 OK</StdOut>
      </Output>
    </UnitTestResult>
    <UnitTestResult executionId="1514fff7-f1e8-41d2-ae76-f6716a567ffe" testId="a802658c-381a-e1e5-497c-2e433077cd6a" testName="TestIT.ApiTests.Tests.TestTakingTests.AttemptSubmission_AllWrongAnswers_ScoresZeroMarks" computerName="DESKTOP-13D0C24" duration="00:00:22.3031238" startTime="2026-03-20T10:49:52.1426346+02:00" endTime="2026-03-20T10:49:52.1426347+02:00" testType="13cdc9d9-ddb5-4fa4-a97d-d965ccfc6d4b" outcome="Passed" testListId="8c84fa94-04c1-424b-9868-57a2d4851a1d" relativeResultsDirectory="1514fff7-f1e8-41d2-ae76-f6716a567ffe">
      <Output>
        <StdOut>POST auth/login/  →  200 OK
POST auth/register/  →  201 Created
POST auth/register/  →  201 Created
POST auth/register/  →  201 Created
POST invites/lPFR8YisoFQxbGLvIPrPL040lSUqk6fgGIzLL7Z7Dzk/accept/  →  200 OK
POST auth/login/  →  200 OK</StdOut>
      </Output>
    </UnitTestResult>
    <UnitTestResult executionId="dfc53f69-605d-4095-bdea-6a6ef857538f" testId="9e1d8119-7ee1-87db-43b4-fed6aa66359f" testName="TestIT.ApiTests.Tests.QuestionManagementTests.QuestionUpdate_WithNonExistentId_ReturnsNotFound" computerName="DESKTOP-13D0C24" duration="00:00:12.2618929" startTime="2026-03-20T10:49:25.3963758+02:00" endTime="2026-03-20T10:49:25.3963761+02:00" testType="13cdc9d9-ddb5-4fa4-a97d-d965ccfc6d4b" outcome="Passed" testListId="8c84fa94-04c1-424b-9868-57a2d4851a1d" relativeResultsDirectory="dfc53f69-605d-4095-bdea-6a6ef857538f">
      <Output>
        <StdOut>POST auth/register/  →  201 Created
POST auth/login/  →  200 OK
POST auth/login/  →  200 OK
POST auth/login/  →  200 OK
POST companies/  →  201 Created
POST tests/datacheck-b2bb6326-160387d6/questions/  →  201 Created
POST tests/  →  201 Created
POST companies/  →  201 Created
PUT tests/updateq404-7b933a9b-e8164f6b/questions/99999/  →  404 NotFound</StdOut>
      </Output>
    </UnitTestResult>
    <UnitTestResult executionId="761a266a-8f61-4f15-a8e2-8c43b50fc3c3" testId="64a1ed87-32d7-9793-b8b3-eb99971104ed" testName="TestIT.ApiTests.Tests.StressTests.StressTest_ConcurrentTestSubmissions_HandlesLoad" computerName="DESKTOP-13D0C24" duration="00:00:16.5797043" startTime="2026-03-20T10:49:47.9709660+02:00" endTime="2026-03-20T10:49:47.9709665+02:00" testType="13cdc9d9-ddb5-4fa4-a97d-d965ccfc6d4b" outcome="Passed" testListId="8c84fa94-04c1-424b-9868-57a2d4851a1d" relativeResultsDirectory="761a266a-8f61-4f15-a8e2-8c43b50fc3c3">
      <Output>
        <StdOut>POST tests/resultsorder-2c8ac2d9-72dc1961/questions/  →  201 Created
POST tests/resultac-e57e2a69-a56e906c/attempts/21406/submit/  →  200 OK
POST auth/login/  →  200 OK
POST tests/  →  201 Created
POST auth/login/  →  200 OK
PATCH auth/me/  →  401 Unauthorized</StdOut>
      </Output>
    </UnitTestResult>
    <UnitTestResult executionId="ee1b386b-26fb-45e8-a250-e3c51a1f34d9" testId="f4140b70-f410-8a92-ae83-fc4cc40eeed5" testName="TestIT.ApiTests.Tests.FolderTests.TestResponse_DetailEndpoint_IncludesFolderAndUpdatedAt" computerName="DESKTOP-13D0C24" duration="00:00:17.7796280" startTime="2026-03-20T10:49:54.3195513+02:00" endTime="2026-03-20T10:49:54.3195514+02:00" testType="13cdc9d9-ddb5-4fa4-a97d-d965ccfc6d4b" outcome="Passed" testListId="8c84fa94-04c1-424b-9868-57a2d4851a1d" relativeResultsDirectory="ee1b386b-26fb-45e8-a250-e3c51a1f34d9">
      <Output>
        <StdOut>POST tests/analyticsdist-378ce534-d52d1577/attempts/21407/submit/  →  200 OK
POST tests/  →  201 Created
GET auth/me/  →  200 OK
POST tests/stress-6a94890b-e13e3941/questions/  →  201 Created
POST companies/  →  201 Created
POST auth/register/  →  201 Created
POST tests/scorable-74071e1c-f91e60dd/questions/  →  201 Created
POST auth/login/  →  401 Unauthorized</StdOut>
      </Output>
    </UnitTestResult>
    <UnitTestResult executionId="2b364943-5eb5-4682-9caf-92f68e63faa8" testId="e505b07f-3531-b8a9-cd2f-0b18f3391145" testName="TestIT.ApiTests.Tests.CleanupTests.AccountCleanup_AllTrackedAccounts_DeletesSuccessfully" computerName="DESKTOP-13D0C24" duration="00:03:33.7456062" startTime="2026-03-20T10:56:10.2583297+02:00" endTime="2026-03-20T10:56:10.2583298+02:00" testType="13cdc9d9-ddb5-4fa4-a97d-d965ccfc6d4b" outcome="Passed" testListId="8c84fa94-04c1-424b-9868-57a2d4851a1d" relativeResultsDirectory="2b364943-5eb5-4682-9caf-92f68e63faa8">
      <Output>
        <StdOut>Testing account-based cleanup (CASCADE DELETE)...

POST auth/login/  →  200 OK
POST auth/login/  →  200 OK
POST tests/  →  201 Created
Tracked accounts before: 277, after adding 3: 280
POST auth/login/  →  200 OK
DELETE auth/me/  →  204 NoContent
DELETE auth/me/  →  204 NoContent
POST auth/login/  →  200 OK
POST auth/login/  →  200 OK
DELETE auth/me/  →  204 NoContent
POST auth/login/  →  200 OK
DELETE auth/me/  →  204 NoContent
DELETE auth/me/  →  204 NoContent
POST auth/login/  →  200 OK
POST auth/login/  →  200 OK
DELETE auth/me/  →  204 NoContent
POST auth/login/  →  200 OK
DELETE auth/me/  →  204 NoContent
DELETE auth/me/  →  204 NoContent
POST auth/login/  →  200 OK
POST auth/login/  →  200 OK
DELETE auth/me/  →  204 NoContent
POST auth/login/  →  200 OK
DELETE auth/me/  →  204 NoContent
DELETE auth/me/  →  204 NoContent
POST auth/login/  →  200 OK
POST auth/login/  →  200 OK
DELETE auth/me/  →  204 NoContent
POST auth/login/  →  200 OK
DELETE auth/me/  →  204 NoContent
DELETE auth/me/  →  204 NoContent
POST auth/login/  →  200 OK
DELETE auth/me/  →  204 NoContent
DELETE auth/me/  →  204 NoContent
POST auth/login/  →  200 OK
POST auth/login/  →  200 OK
DELETE auth/me/  →  204 NoContent
POST auth/login/  →  200 OK
DELETE auth/me/  →  204 NoContent
DELETE auth/me/  →  204 NoContent
POST auth/login/  →  200 OK
POST auth/login/  →  200 OK
DELETE auth/me/  →  204 NoContent
POST auth/login/  →  200 OK
DELETE auth/me/  →  204 NoContent
DELETE auth/me/  →  204 NoContent
POST auth/login/  →  200 OK
POST auth/login/  →  200 OK
DELETE auth/me/  →  204 NoContent
POST auth/login/  →  200 OK
DELETE auth/me/  →  204 NoContent
DELETE auth/me/  →  204 NoContent
POST auth/login/  →  200 OK
POST auth/login/  →  200 OK
DELETE auth/me/  →  204 NoContent
POST auth/login/  →  200 OK
DELETE auth/me/  →  204 NoContent
DELETE auth/me/  →  204 NoContent
POST auth/login/  →  200 OK
POST auth/login/  →  200 OK
DELETE auth/me/  →  204 NoContent
POST auth/login/  →  200 OK
DELETE auth/me/  →  204 NoContent
DELETE auth/me/  →  204 NoContent
POST auth/login/  →  200 OK
POST auth/login/  →  200 OK
DELETE auth/me/  →  204 NoContent
POST auth/login/  →  200 OK
DELETE auth/me/  →  204 NoContent
DELETE auth/me/  →  204 NoContent
POST auth/login/  →  200 OK
POST auth/login/  →  200 OK
DELETE auth/me/  →  204 NoContent
POST auth/login/  →  200 OK
DELETE auth/me/  →  204 NoContent
DELETE auth/me/  →  204 NoContent
POST auth/login/  →  200 OK
POST auth/login/  →  200 OK
DELETE auth/me/  →  204 NoContent
POST auth/login/  →  200 OK
DELETE auth/me/  →  204 NoContent
DELETE auth/me/  →  204 NoContent
POST auth/login/  →  200 OK
POST auth/login/  →  200 OK
DELETE auth/me/  →  204 NoContent
POST auth/login/  →  200 OK
DELETE auth/me/  →  204 NoContent
DELETE auth/me/  →  204 NoContent
POST auth/login/  →  200 OK
POST auth/login/  →  200 OK
DELETE auth/me/  →  204 NoContent
POST auth/login/  →  200 OK
DELETE auth/me/  →  204 NoContent
DELETE auth/me/  →  204 NoContent
POST auth/login/  →  200 OK
POST auth/login/  →  200 OK
DELETE auth/me/  →  204 NoContent
POST auth/login/  →  200 OK
DELETE auth/me/  →  204 NoContent
DELETE auth/me/  →  204 NoContent
POST auth/login/  →  200 OK
POST auth/login/  →  200 OK
DELETE auth/me/  →  204 NoContent
POST auth/login/  →  200 OK
DELETE auth/me/  →  204 NoContent
DELETE auth/me/  →  204 NoContent
POST auth/login/  →  200 OK
POST auth/login/  →  200 OK
DELETE auth/me/  →  204 NoContent
POST auth/login/  →  200 OK
DELETE auth/me/  →  204 NoContent
POST auth/login/  →  200 OK
DELETE auth/me/  →  204 NoContent
DELETE auth/me/  →  204 NoContent
POST auth/login/  →  200 OK
POST auth/login/  →  200 OK
DELETE auth/me/  →  204 NoContent
POST auth/login/  →  200 OK
DELETE auth/me/  →  204 NoContent
DELETE auth/me/  →  204 NoContent
POST auth/login/  →  200 OK
POST auth/login/  →  200 OK
DELETE auth/me/  →  204 NoContent
POST auth/login/  →  200 OK
DELETE auth/me/  →  204 NoContent
DELETE auth/me/  →  204 NoContent
POST auth/login/  →  200 OK
POST auth/login/  →  200 OK
DELETE auth/me/  →  204 NoContent
POST auth/login/  →  401 Unauthorized
POST auth/login/  →  200 OK
DELETE auth/me/  →  204 NoContent
DELETE auth/me/  →  204 NoContent
POST auth/login/  →  200 OK
POST auth/login/  →  200 OK
DELETE auth/me/  →  204 NoContent
POST auth/login/  →  200 OK
DELETE auth/me/  →  204 NoContent
DELETE auth/me/  →  204 NoContent
POST auth/login/  →  200 OK
POST auth/login/  →  200 OK
DELETE auth/me/  →  204 NoContent
POST auth/login/  →  200 OK
DELETE auth/me/  →  204 NoContent
DELETE auth/me/  →  204 NoContent
POST auth/login/  →  200 OK
POST auth/login/  →  200 OK
DELETE auth/me/  →  204 NoContent
POST auth/login/  →  200 OK
DELETE auth/me/  →  204 NoContent
DELETE auth/me/  →  204 NoContent
POST auth/login/  →  200 OK
POST auth/login/  →  200 OK
DELETE auth/me/  →  204 NoContent
POST auth/login/  →  200 OK
DELETE auth/me/  →  204 NoContent
DELETE auth/me/  →  204 NoContent
POST auth/login/  →  200 OK
POST auth/login/  →  200 OK
DELETE auth/me/  →  204 NoContent
POST auth/login/  →  200 OK
DELETE auth/me/  →  204 NoContent
DELETE auth/me/  →  204 NoContent
POST auth/login/  →  200 OK
POST auth/login/  →  200 OK
DELETE auth/me/  →  204 NoContent
POST auth/login/  →  200 OK
DELETE auth/me/  →  204 NoContent
DELETE auth/me/  →  204 NoContent
POST auth/login/  →  200 OK
POST auth/login/  →  200 OK
DELETE auth/me/  →  204 NoContent
POST auth/login/  →  200 OK
DELETE auth/me/  →  204 NoContent
DELETE auth/me/  →  204 NoContent
POST auth/login/  →  200 OK
POST auth/login/  →  200 OK
DELETE auth/me/  →  204 NoContent
POST auth/login/  →  200 OK
DELETE auth/me/  →  204 NoContent
DELETE auth/me/  →  204 NoContent
POST auth/login/  →  200 OK
POST auth/login/  →  200 OK
DELETE auth/me/  →  204 NoContent
POST auth/login/  →  200 OK
DELETE auth/me/  →  204 NoContent
POST auth/login/  →  200 OK
DELETE auth/me/  →  204 NoContent
DELETE auth/me/  →  204 NoContent
POST auth/login/  →  200 OK
POST auth/login/  →  200 OK
DELETE auth/me/  →  204 NoContent
POST auth/login/  →  200 OK
DELETE auth/me/  →  204 NoContent
DELETE auth/me/  →  204 NoContent
POST auth/login/  →  200 OK
POST auth/login/  →  200 OK
DELETE auth/me/  →  204 NoContent
POST auth/login/  →  200 OK
DELETE auth/me/  →  204 NoContent
DELETE auth/me/  →  204 NoContent
POST auth/login/  →  200 OK
POST auth/login/  →  200 OK
DELETE auth/me/  →  204 NoContent
POST auth/login/  →  200 OK
DELETE auth/me/  →  204 NoContent
DELETE auth/me/  →  204 NoContent
POST auth/login/  →  200 OK
DELETE auth/me/  →  204 NoContent
DELETE auth/me/  →  204 NoContent
POST auth/login/  →  200 OK

✓ Successfully cleaned up 279 test accounts
  Duration: 220.37s
  Errors: 1</StdOut>
      </Output>
    </UnitTestResult>
    <UnitTestResult executionId="f53b8501-6712-402a-9109-b3bf5c1ee2dc" testId="06809d6d-f70e-fa8e-455e-5a1368055bad" testName="TestIT.ApiTests.Tests.CoverageTests.PatchCompanyTest_AsAdmin_UpdatesTestSuccessfully" computerName="DESKTOP-13D0C24" duration="00:00:10.6243348" startTime="2026-03-20T10:50:38.2053285+02:00" endTime="2026-03-20T10:50:38.2053286+02:00" testType="13cdc9d9-ddb5-4fa4-a97d-d965ccfc6d4b" outcome="Passed" testListId="8c84fa94-04c1-424b-9868-57a2d4851a1d" relativeResultsDirectory="f53b8501-6712-402a-9109-b3bf5c1ee2dc">
      <Output>
        <StdOut>POST auth/register/  →  201 Created
POST tests/  →  201 Created
POST auth/login/  →  200 OK
POST auth/login/  →  200 OK
POST auth/login/  →  200 OK
POST auth/login/  →  200 OK
POST auth/register/  →  201 Created
POST tests/  →  201 Created
POST companies/15089/folders/  →  201 Created
POST companies/15086/folders/  →  201 Created
POST auth/register/  →  201 Created
POST tests/integration-test-a1101d27-d915cc27/questions/  →  201 Created
POST companies/  →  201 Created
POST tests/integration-test-a1101d27-d915cc27/questions/  →  201 Created</StdOut>
      </Output>
    </UnitTestResult>
    <UnitTestResult executionId="208bdccc-296b-490a-9969-a0534e7a57bb" testId="2ce57d47-7022-90e0-4319-86c63661ab8f" testName="TestIT.ApiTests.Tests.PatchTests.PatchTest_VisibilityOnly_UpdatesVisibilityPreservesTitle" computerName="DESKTOP-13D0C24" duration="00:00:06.4871682" startTime="2026-03-20T10:51:13.7381227+02:00" endTime="2026-03-20T10:51:13.7381228+02:00" testType="13cdc9d9-ddb5-4fa4-a97d-d965ccfc6d4b" outcome="Passed" testListId="8c84fa94-04c1-424b-9868-57a2d4851a1d" relativeResultsDirectory="208bdccc-296b-490a-9969-a0534e7a57bb">
      <Output>
        <StdOut>POST tests/ea-mixed-a1439d91-67c3db1d/attempts/  →  201 Created
POST auth/register/  →  201 Created</StdOut>
      </Output>
    </UnitTestResult>
    <UnitTestResult executionId="6c2cd772-0fcd-4fe3-8fc8-4407934b8fab" testId="5f5171d2-04b0-231c-ebb5-4998630eeeeb" testName="TestIT.ApiTests.Tests.CompanyTests.CompanyUpdate_WithValidData_UpdatesCompanySuccessfully" computerName="DESKTOP-13D0C24" duration="00:00:06.4961071" startTime="2026-03-20T10:51:13.7309426+02:00" endTime="2026-03-20T10:51:13.7309427+02:00" testType="13cdc9d9-ddb5-4fa4-a97d-d965ccfc6d4b" outcome="Passed" testListId="8c84fa94-04c1-424b-9868-57a2d4851a1d" relativeResultsDirectory="6c2cd772-0fcd-4fe3-8fc8-4407934b8fab">
      <Output>
        <StdOut>POST tests/datacheck-dd9c2dbe-3b8fd993/attempts/  →  201 Created
POST auth/register/  →  201 Created
POST auth/register/  →  201 Created
POST tests/ea-wrong-db241f91-59be81ae/attempts/  →  201 Created</StdOut>
      </Output>
    </UnitTestResult>
    <UnitTestResult executionId="382af812-c1fb-4bf7-aa94-ce7619cd45df" testId="e8d558b7-37cd-8fc2-6140-55a236521997" testName="TestIT.ApiTests.Tests.CompanyTests.CompanyCreation_WithValidData_CreatesCompanySuccessfully" computerName="DESKTOP-13D0C24" duration="00:00:06.8005038" startTime="2026-03-20T10:50:42.8851733+02:00" endTime="2026-03-20T10:50:42.8851733+02:00" testType="13cdc9d9-ddb5-4fa4-a97d-d965ccfc6d4b" outcome="Passed" testListId="8c84fa94-04c1-424b-9868-57a2d4851a1d" relativeResultsDirectory="382af812-c1fb-4bf7-aa94-ce7619cd45df">
      <Output>
        <StdOut>GET companies/15086/folders/  →  200 OK
POST tests/analyticscompletion-db443104-c8a07e1a/attempts/21474/submit/  →  200 OK
POST auth/login/  →  200 OK
GET tests/scorable-bc74cbea-2290e505/take/  →  200 OK
POST auth/login/  →  200 OK
POST auth/register/  →  201 Created
GET tests/edgecase-noanswerssubmit-ac88be31-b43bac82/results/  →  200 OK
GET tests/integration-test-a1101d27-d915cc27/take/  →  200 OK
PUT tests/datacheck-aadbc62b-ce0588a2/attempts/21476/  →  200 OK
POST auth/login/  →  200 OK</StdOut>
      </Output>
    </UnitTestResult>
    <UnitTestResult executionId="24b76d8f-b9fe-4523-a506-6e305ca9eaca" testId="11a9d361-b83c-c4f2-07ac-f3fca0c19c0d" testName="TestIT.ApiTests.Tests.TestTakingTests.AttemptSubmission_AlreadySubmitted_PreventsDoubleSubmission" computerName="DESKTOP-13D0C24" duration="00:00:12.5073328" startTime="2026-03-20T10:51:32.6949758+02:00" endTime="2026-03-20T10:51:32.6949759+02:00" testType="13cdc9d9-ddb5-4fa4-a97d-d965ccfc6d4b" outcome="Passed" testListId="8c84fa94-04c1-424b-9868-57a2d4851a1d" relativeResultsDirectory="24b76d8f-b9fe-4523-a506-6e305ca9eaca">
      <Output>
        <StdOut>POST tests/  →  201 Created
POST auth/register/  →  201 Created
POST auth/register/  →  201 Created
POST tests/  →  413 RequestEntityTooLarge
POST auth/login/  →  200 OK
POST auth/register/  →  201 Created
POST auth/login/  →  200 OK</StdOut>
      </Output>
    </UnitTestResult>
    <UnitTestResult executionId="4466d3ad-4d3a-4bfa-9b0b-0db1af0dc371" testId="6f2dad0b-1c82-b1af-1eb5-1443770d0748" testName="TestIT.ApiTests.Tests.AnalyticsTests.Analytics_WhenUnauthenticated_DeniesAccess" computerName="DESKTOP-13D0C24" duration="00:00:05.3053324" startTime="2026-03-20T10:51:15.0529271+02:00" endTime="2026-03-20T10:51:15.0529287+02:00" testType="13cdc9d9-ddb5-4fa4-a97d-d965ccfc6d4b" outcome="Passed" testListId="8c84fa94-04c1-424b-9868-57a2d4851a1d" relativeResultsDirectory="4466d3ad-4d3a-4bfa-9b0b-0db1af0dc371">
      <Output>
        <StdOut>POST auth/register/  →  201 Created
PUT tests/ea-wrong-db241f91-59be81ae/attempts/21492/  →  200 OK
POST tests/perftake-76ed61fc-a2f8cbd1/questions/  →  201 Created
GET companies/15109/folders/  →  200 OK
POST auth/register/  →  201 Created
POST tests/datacheck-c4aebbb3-9f644168/questions/  →  201 Created</StdOut>
      </Output>
    </UnitTestResult>
    <UnitTestResult executionId="e34f4535-2df4-4c84-990f-f947fb018e44" testId="129718ea-8d96-0c03-54d3-317b92d288ca" testName="TestIT.ApiTests.Tests.ListOrderingTests.TestList_IsOrderedNewestFirst" computerName="DESKTOP-13D0C24" duration="00:00:11.1864500" startTime="2026-03-20T10:50:44.5548825+02:00" endTime="2026-03-20T10:50:44.5548826+02:00" testType="13cdc9d9-ddb5-4fa4-a97d-d965ccfc6d4b" outcome="Passed" testListId="8c84fa94-04c1-424b-9868-57a2d4851a1d" relativeResultsDirectory="e34f4535-2df4-4c84-990f-f947fb018e44" />
    <UnitTestResult executionId="d40ee7c2-408b-4f87-9bf9-cfc9ab0d4a5f" testId="1af8cde0-6a87-25b0-95f5-8c04239dea71" testName="TestIT.ApiTests.Tests.DataIntegrityTests.DataConsistency_ScoreRemainsConstant_AcrossMultipleFetches" computerName="DESKTOP-13D0C24" duration="00:00:02.9294318" startTime="2026-03-20T10:52:06.1093287+02:00" endTime="2026-03-20T10:52:06.1093288+02:00" testType="13cdc9d9-ddb5-4fa4-a97d-d965ccfc6d4b" outcome="Passed" testListId="8c84fa94-04c1-424b-9868-57a2d4851a1d" relativeResultsDirectory="d40ee7c2-408b-4f87-9bf9-cfc9ab0d4a5f">
      <Output>
        <StdOut>GET tests/public/  →  200 OK
GET tests/datacheck-c44e76c8-c9b30bb8/results/  →  200 OK
GET tests/datacheck-c44e76c8-c9b30bb8/results/  →  200 OK</StdOut>
      </Output>
    </UnitTestResult>
    <UnitTestResult executionId="532a33cc-bf4f-48e4-8681-5ef95f41e797" testId="72739d56-9f41-9ee9-1365-55b1bf705a1b" testName="TestIT.ApiTests.Tests.TestTakingTests.DraftSave_WithValidAnswers_SavesDraftSuccessfully" computerName="DESKTOP-13D0C24" duration="00:00:03.6403836" startTime="2026-03-20T10:51:53.9707882+02:00" endTime="2026-03-20T10:51:53.9707883+02:00" testType="13cdc9d9-ddb5-4fa4-a97d-d965ccfc6d4b" outcome="Passed" testListId="8c84fa94-04c1-424b-9868-57a2d4851a1d" relativeResultsDirectory="532a33cc-bf4f-48e4-8681-5ef95f41e797">
      <Output>
        <StdOut>POST tests/resdetail-8f986a38-fd1bf736/attempts/  →  201 Created
POST auth/login/  →  200 OK
POST auth/login/  →  200 OK
POST tests/  →  201 Created
POST tests/datacheck-6bb595fc-1d6fccb3/attempts/21528/submit/  →  200 OK</StdOut>
      </Output>
    </UnitTestResult>
    <UnitTestResult executionId="36f4356b-4347-451d-bf9d-47ebac4b8aa9" testId="bf6dc897-7299-4e64-0bf2-19d06ff5b31d" testName="TestIT.ApiTests.Tests.CoverageTests.GetResultDetail_ByAuthor_ReturnsDetailedBreakdown" computerName="DESKTOP-13D0C24" duration="00:00:03.9902950" startTime="2026-03-20T10:51:52.4605774+02:00" endTime="2026-03-20T10:51:52.4605775+02:00" testType="13cdc9d9-ddb5-4fa4-a97d-d965ccfc6d4b" outcome="Passed" testListId="8c84fa94-04c1-424b-9868-57a2d4851a1d" relativeResultsDirectory="36f4356b-4347-451d-bf9d-47ebac4b8aa9">
      <Output>
        <StdOut>POST companies/15120/folders/  →  201 Created
POST tests/maxattempts-bb8e4a08-db929cd5/attempts/21525/submit/  →  200 OK
POST companies/15121/folders/  →  201 Created
GET companies/15121/folders/  →  200 OK
POST tests/maxattempts-bb8e4a08-db929cd5/attempts/21526/submit/  →  200 OK
POST tests/  →  201 Created
POST tests/maxattempts-bb8e4a08-db929cd5/attempts/  →  403 Forbidden
PATCH tests/unassigntest-fc5278ce-2708f65f/  →  200 OK
POST tests/resdetail-8f986a38-fd1bf736/questions/  →  201 Created
POST tests/datacheck-6bb595fc-1d6fccb3/questions/  →  201 Created
GET tests/resdetail-8f986a38-fd1bf736/results/  →  200 OK</StdOut>
      </Output>
    </UnitTestResult>
    <UnitTestResult executionId="723c4d47-af3b-4cb3-a316-1a9d5110e26a" testId="ffac2b0e-a226-7db7-b26a-0354c0960996" testName="TestIT.ApiTests.Tests.EdgeCaseTests.CreateTest_SpecialCharactersInTitle_ShouldWork" computerName="DESKTOP-13D0C24" duration="00:00:04.5786961" startTime="2026-03-20T10:51:07.1808474+02:00" endTime="2026-03-20T10:51:07.1808475+02:00" testType="13cdc9d9-ddb5-4fa4-a97d-d965ccfc6d4b" outcome="Passed" testListId="8c84fa94-04c1-424b-9868-57a2d4851a1d" relativeResultsDirectory="723c4d47-af3b-4cb3-a316-1a9d5110e26a">
      <Output>
        <StdOut>GET tests/ms-hidecorrect-0768f2dd-f0c6d0d9/take/  →  200 OK
POST tests/  →  201 Created
POST auth/login/  →  200 OK</StdOut>
      </Output>
    </UnitTestResult>
    <UnitTestResult executionId="c4c9f7b4-81cc-4d94-91f8-aa09e84bc509" testId="6b438e70-fdf7-eb1b-2056-379097833bdd" testName="TestIT.ApiTests.Tests.FolderTests.FolderListing_AfterCreation_IncludesNewFolder" computerName="DESKTOP-13D0C24" duration="00:00:09.6945263" startTime="2026-03-20T10:51:00.5186003+02:00" endTime="2026-03-20T10:51:00.5186004+02:00" testType="13cdc9d9-ddb5-4fa4-a97d-d965ccfc6d4b" outcome="Passed" testListId="8c84fa94-04c1-424b-9868-57a2d4851a1d" relativeResultsDirectory="c4c9f7b4-81cc-4d94-91f8-aa09e84bc509">
      <Output>
        <StdOut>POST auth/login/  →  200 OK
POST tests/  →  201 Created
GET auth/me/  →  200 OK
POST tests/analyticsdiff-06665120-5f956aca/attempts/21480/submit/  →  200 OK
POST tests/  →  201 Created</StdOut>
      </Output>
    </UnitTestResult>
    <UnitTestResult executionId="f470d40d-43f8-493a-909f-5a455ce17bec" testId="3bad0803-9eb3-d0bd-f518-c812ccd45333" testName="TestIT.ApiTests.Tests.PerformanceTests.Latency_GetAnalytics_RespondsFast" computerName="DESKTOP-13D0C24" duration="00:00:17.0263294" startTime="2026-03-20T10:49:54.2902929+02:00" endTime="2026-03-20T10:49:54.2902932+02:00" testType="13cdc9d9-ddb5-4fa4-a97d-d965ccfc6d4b" outcome="Passed" testListId="8c84fa94-04c1-424b-9868-57a2d4851a1d" relativeResultsDirectory="f470d40d-43f8-493a-909f-5a455ce17bec">
      <Output>
        <StdOut>POST auth/register/  →  201 Created
POST auth/register/  →  201 Created
POST tests/  →  201 Created</StdOut>
      </Output>
    </UnitTestResult>
    <UnitTestResult executionId="c405d8c5-155f-4fe4-86a4-fafabb99f62b" testId="082f6bd3-dfd5-3d03-b94c-e144fc8685be" testName="TestIT.ApiTests.Tests.EdgeCaseTests.Register_VeryLongEmail_ShouldHandleGracefully" computerName="DESKTOP-13D0C24" duration="00:00:00.2061089" startTime="2026-03-20T10:51:52.6081476+02:00" endTime="2026-03-20T10:51:52.6081477+02:00" testType="13cdc9d9-ddb5-4fa4-a97d-d965ccfc6d4b" outcome="Passed" testListId="8c84fa94-04c1-424b-9868-57a2d4851a1d" relativeResultsDirectory="c405d8c5-155f-4fe4-86a4-fafabb99f62b">
      <Output>
        <StdOut>PUT tests/datacheck-6bb595fc-1d6fccb3/attempts/21528/  →  200 OK
POST tests/  →  201 Created
PUT tests/ms-correctpluswrong-1d5d03e4-fd5cef09/attempts/21530/  →  200 OK
GET tests/datacheck-6bb595fc-1d6fccb3/results/  →  200 OK
POST tests/scorable-958a5f89-72413331/questions/  →  201 Created
POST auth/register/  →  400 BadRequest</StdOut>
      </Output>
    </UnitTestResult>
    <UnitTestResult executionId="8bd3ee91-cf11-4b44-8286-b70f942e66df" testId="75b7c9b2-8e4c-2fa7-6c0a-12137bae7de9" testName="TestIT.ApiTests.Tests.TestsManagementTests.TestCreation_WithTitleOnly_PopulatesDefaultFields" computerName="DESKTOP-13D0C24" duration="00:00:11.7569275" startTime="2026-03-20T10:49:24.8647440+02:00" endTime="2026-03-20T10:49:24.8647444+02:00" testType="13cdc9d9-ddb5-4fa4-a97d-d965ccfc6d4b" outcome="Passed" testListId="8c84fa94-04c1-424b-9868-57a2d4851a1d" relativeResultsDirectory="8bd3ee91-cf11-4b44-8286-b70f942e66df" />
    <UnitTestResult executionId="2577c2ee-e665-4ece-9f9f-34dca3651d7b" testId="a150b4a7-7993-59cf-52aa-837ec1b05c08" testName="TestIT.ApiTests.Tests.ListOrderingTests.TestList_PaginationParamsIgnored_ReturnsAllItems" computerName="DESKTOP-13D0C24" duration="00:00:32.9622839" startTime="2026-03-20T10:50:33.3681947+02:00" endTime="2026-03-20T10:50:33.3681948+02:00" testType="13cdc9d9-ddb5-4fa4-a97d-d965ccfc6d4b" outcome="Passed" testListId="8c84fa94-04c1-424b-9868-57a2d4851a1d" relativeResultsDirectory="2577c2ee-e665-4ece-9f9f-34dca3651d7b">
      <Output>
        <StdOut>POST tests/ea-empty-7372b608-69b21e74/attempts/  →  201 Created
POST auth/login/  →  200 OK
GET tests/datacheck-58a77dc2-e95e2ee3/results/  →  200 OK
POST auth/login/  →  200 OK
POST auth/login/  →  200 OK
POST auth/login/  →  200 OK
DELETE tests/datacheck-58a77dc2-e95e2ee3/  →  204 NoContent
PATCH tests/foldertest-697061-72dcaac7/  →  200 OK</StdOut>
      </Output>
    </UnitTestResult>
    <UnitTestResult executionId="5570bc56-4c1b-45cd-a75e-f5aabd5d706b" testId="7ce0c43f-4bf4-bc3e-6cfe-8d8cabcdf11b" testName="TestIT.ApiTests.Tests.CleanupTests.ManualCleanup_DeleteAllTestData" computerName="DESKTOP-13D0C24" duration="00:00:01.5111883" startTime="2026-03-20T10:52:18.0854277+02:00" endTime="2026-03-20T10:52:18.0854278+02:00" testType="13cdc9d9-ddb5-4fa4-a97d-d965ccfc6d4b" outcome="Passed" testListId="8c84fa94-04c1-424b-9868-57a2d4851a1d" relativeResultsDirectory="5570bc56-4c1b-45cd-a75e-f5aabd5d706b">
      <Output>
        <StdOut>⚠ WARNING: Deleting all test data!

Deleted 0 tests and 0 companies
  Tests: 0
  Companies: 0</StdOut>
      </Output>
    </UnitTestResult>
    <UnitTestResult executionId="33d19bd6-461f-4960-88eb-07525d7db3fd" testId="6d3e5c1a-51f8-75fc-a281-00c7e470e061" testName="TestIT.ApiTests.Tests.InviteTests.InviteCreation_WithValidEmail_SendsInviteSuccessfully" computerName="DESKTOP-13D0C24" duration="00:00:36.5765537" startTime="2026-03-20T10:50:31.9264229+02:00" endTime="2026-03-20T10:50:31.9264230+02:00" testType="13cdc9d9-ddb5-4fa4-a97d-d965ccfc6d4b" outcome="Passed" testListId="8c84fa94-04c1-424b-9868-57a2d4851a1d" relativeResultsDirectory="33d19bd6-461f-4960-88eb-07525d7db3fd">
      <Output>
        <StdOut>GET analytics/tests/perfanalytics-775aa871-026f08a6/  →  200 OK
POST tests/resultschema-ebd254f8-96a850a5/questions/  →  201 Created</StdOut>
      </Output>
    </UnitTestResult>
    <UnitTestResult executionId="cee19d4d-67d7-4fe6-9ad3-3ea96337a218" testId="8c06bde2-e6f3-397a-1fd4-172b169190fa" testName="TestIT.ApiTests.Tests.PatchTests.PatchTest_TitleOnly_UpdatesTitlePreservesOtherFields" computerName="DESKTOP-13D0C24" duration="00:00:09.0391811" startTime="2026-03-20T10:50:37.6347220+02:00" endTime="2026-03-20T10:50:37.6347221+02:00" testType="13cdc9d9-ddb5-4fa4-a97d-d965ccfc6d4b" outcome="Passed" testListId="8c84fa94-04c1-424b-9868-57a2d4851a1d" relativeResultsDirectory="cee19d4d-67d7-4fe6-9ad3-3ea96337a218">
      <Output>
        <StdOut>POST auth/register/  →  201 Created
POST tests/reorder-9970f3ae-7b2d0137/questions/  →  201 Created
POST auth/login/  →  200 OK
POST companies/  →  201 Created
POST tests/  →  201 Created
POST tests/  →  201 Created
POST auth/register/  →  201 Created
POST tests/  →  201 Created
POST auth/login/  →  200 OK
POST auth/register/  →  201 Created
POST companies/  →  401 Unauthorized
POST auth/login/  →  200 OK
POST tests/  →  201 Created
POST auth/login/  →  200 OK
PATCH tests/patch-original-e707249f-1c51cecd/  →  200 OK</StdOut>
      </Output>
    </UnitTestResult>
    <UnitTestResult executionId="ab5e0f97-1d19-4cb6-8be9-eec94fc53691" testId="5cdf1172-85f8-4491-9799-1aee91a91e00" testName="TestIT.ApiTests.Tests.TestsManagementTests.TestCreation_WhenUnauthenticated_DeniesAccess" computerName="DESKTOP-13D0C24" duration="00:00:02.6639324" startTime="2026-03-20T10:49:46.0664080+02:00" endTime="2026-03-20T10:49:46.0664083+02:00" testType="13cdc9d9-ddb5-4fa4-a97d-d965ccfc6d4b" outcome="Passed" testListId="8c84fa94-04c1-424b-9868-57a2d4851a1d" relativeResultsDirectory="ab5e0f97-1d19-4cb6-8be9-eec94fc53691">
      <Output>
        <StdOut>POST companies/  →  201 Created
POST auth/login/  →  200 OK</StdOut>
      </Output>
    </UnitTestResult>
    <UnitTestResult executionId="652b5bd6-7576-49ff-9385-4915fe4d68e2" testId="56d13bbc-6312-2b97-8519-9d41610f2b23" testName="TestIT.ApiTests.Tests.PatchTests.PatchQuestion_ByNonOwner_DeniesAccess" computerName="DESKTOP-13D0C24" duration="00:00:08.7315400" startTime="2026-03-20T10:51:36.1976904+02:00" endTime="2026-03-20T10:51:36.1976905+02:00" testType="13cdc9d9-ddb5-4fa4-a97d-d965ccfc6d4b" outcome="Passed" testListId="8c84fa94-04c1-424b-9868-57a2d4851a1d" relativeResultsDirectory="652b5bd6-7576-49ff-9385-4915fe4d68e2">
      <Output>
        <StdOut>POST auth/login/  →  200 OK
POST tests/  →  201 Created</StdOut>
      </Output>
    </UnitTestResult>
[...]
    <TestEntry testId="a0b613dc-96c6-1469-9616-de1458d51148" executionId="fe1b9483-d82a-45ef-b4d5-744e6c2d28a5" testListId="8c84fa94-04c1-424b-9868-57a2d4851a1d" />
    <TestEntry testId="561bccb1-d7bf-7992-b8e5-d87a4c73adbd" executionId="7822b1c4-4b2a-4047-adc0-73f0b0d5cbd1" testListId="8c84fa94-04c1-424b-9868-57a2d4851a1d" />
    <TestEntry testId="9cca334f-0e84-d153-5a32-080a6c3dd39d" executionId="70e34a76-1c69-4262-9ea6-bf39deb1db68" testListId="8c84fa94-04c1-424b-9868-57a2d4851a1d" />
    <TestEntry testId="7f0d5b23-af06-5373-c52b-8c7d0782071c" executionId="12bb1d95-a0b8-4fb7-9d24-61169a4d4315" testListId="8c84fa94-04c1-424b-9868-57a2d4851a1d" />
    <TestEntry testId="ff4854f7-3ea5-212e-78e3-b9db26234b07" executionId="5ece7ef9-1d0b-44bb-81bf-27917e500250" testListId="8c84fa94-04c1-424b-9868-57a2d4851a1d" />
    <TestEntry testId="a3e551f2-35a6-2e50-d0a3-5d05cff09368" executionId="6735b310-bd06-40be-973d-8826e0f7842d" testListId="8c84fa94-04c1-424b-9868-57a2d4851a1d" />
    <TestEntry testId="5a01c72a-10b5-b97a-89b6-da9951d9bf96" executionId="d13a5f23-2d5c-4319-9a05-346488b17fcb" testListId="8c84fa94-04c1-424b-9868-57a2d4851a1d" />
    <TestEntry testId="fda7f0fd-db34-3e21-d391-14637c034dd9" executionId="b6ee1725-3dc1-4c82-8500-19d2a66b268e" testListId="8c84fa94-04c1-424b-9868-57a2d4851a1d" />
    <TestEntry testId="fcde3274-c61a-d6d3-d0d0-29c19de95e08" executionId="2517151d-7edf-4f10-9b19-c64e59f61677" testListId="8c84fa94-04c1-424b-9868-57a2d4851a1d" />
    <TestEntry testId="356663b4-acce-a4cd-c6a9-1d40790c002f" executionId="9ada3e88-c9a9-417a-819b-566aa39691e0" testListId="8c84fa94-04c1-424b-9868-57a2d4851a1d" />
    <TestEntry testId="ee04b3ab-771a-9fc7-c081-b98d9dbf2886" executionId="aa77aed2-3ac6-457a-b7ce-0a4018b94115" testListId="8c84fa94-04c1-424b-9868-57a2d4851a1d" />
    <TestEntry testId="b12f6f53-7496-c359-585f-7d21dd9068ed" executionId="05671a79-dacf-4726-8bf9-77d3a7f48e87" testListId="8c84fa94-04c1-424b-9868-57a2d4851a1d" />
    <TestEntry testId="df70fd53-db7a-7bde-002a-2adb95d49e28" executionId="88272f88-71f7-43fd-8d66-f0fb1ddbacd1" testListId="8c84fa94-04c1-424b-9868-57a2d4851a1d" />
    <TestEntry testId="423093a9-1d79-fb33-27cd-861b2bdaa6ae" executionId="f49109ff-c5d5-47b5-9800-4cf81767d60f" testListId="8c84fa94-04c1-424b-9868-57a2d4851a1d" />
    <TestEntry testId="1f16b627-a073-dc72-dafe-c268e8c2c026" executionId="efa9f21e-423d-4529-a707-bedfa2a61c80" testListId="8c84fa94-04c1-424b-9868-57a2d4851a1d" />
    <TestEntry testId="afde01ff-eb92-9d1e-3095-ab2d516546a7" executionId="64ef8689-72da-4014-967d-5deabcd658b7" testListId="8c84fa94-04c1-424b-9868-57a2d4851a1d" />
    <TestEntry testId="8f97061c-df82-5b80-c20b-934bf2941cd1" executionId="ddceb8b6-83b1-4907-8893-86b2cc668fe9" testListId="8c84fa94-04c1-424b-9868-57a2d4851a1d" />
    <TestEntry testId="14cb15b3-e69d-4105-0a19-9e9bebf51b1f" executionId="dac2619d-addf-4385-ab79-988728891147" testListId="8c84fa94-04c1-424b-9868-57a2d4851a1d" />
    <TestEntry testId="b0a2eb94-ebd7-85e5-ac16-488cb9d1da1a" executionId="9aeba3fc-a753-4ce9-a9e6-0028c8ea7c28" testListId="8c84fa94-04c1-424b-9868-57a2d4851a1d" />
    <TestEntry testId="c111cef1-f66c-bf86-aa74-fb6656b853ad" executionId="a8681e44-4cb0-48d2-a452-f7261ec972a4" testListId="8c84fa94-04c1-424b-9868-57a2d4851a1d" />
    <TestEntry testId="27629542-2e8f-cc2c-0ec3-3d00dcb26b63" executionId="4792348b-b48d-43de-9901-11e4b01406a0" testListId="8c84fa94-04c1-424b-9868-57a2d4851a1d" />
    <TestEntry testId="09215a70-91a4-86b5-3522-177c243b4a61" executionId="e8b204b0-280e-4245-afed-0efc6a16d7b7" testListId="8c84fa94-04c1-424b-9868-57a2d4851a1d" />
    <TestEntry testId="a0f4762c-ed21-f22a-de9c-5dcee150c980" executionId="211ae471-54c9-4d84-ba68-aa9e4186db6c" testListId="8c84fa94-04c1-424b-9868-57a2d4851a1d" />
    <TestEntry testId="59bb4123-cb04-dd6b-2341-41bc4af9b796" executionId="e56db06d-d89f-4ee3-a003-e9a2e41443e0" testListId="8c84fa94-04c1-424b-9868-57a2d4851a1d" />
    <TestEntry testId="051ef26b-4123-c4d9-5923-d91e5a94ed6c" executionId="cc6a82ae-c828-480a-86a6-14f494966ba6" testListId="8c84fa94-04c1-424b-9868-57a2d4851a1d" />
    <TestEntry testId="06ca81bf-4105-5157-47b8-8f9b331168f8" executionId="57c291c5-a0e5-47fe-817c-5aa108083b44" testListId="8c84fa94-04c1-424b-9868-57a2d4851a1d" />
    <TestEntry testId="959ff67b-bff2-8510-8b98-811b5986bf73" executionId="a93b0e6f-1abd-40d5-8cba-28d09abdb582" testListId="8c84fa94-04c1-424b-9868-57a2d4851a1d" />
    <TestEntry testId="4b0c8161-512d-4e90-a45f-dd71945c02b9" executionId="97f6a092-271f-49f3-94b9-411131b8c1d7" testListId="8c84fa94-04c1-424b-9868-57a2d4851a1d" />
    <TestEntry testId="66ae4755-0dc6-ec72-e951-6e3de241f04e" executionId="139b23e6-515b-4b3d-9ad8-877e12f0d69e" testListId="8c84fa94-04c1-424b-9868-57a2d4851a1d" />
    <TestEntry testId="0ce4cfe6-f856-3990-e9ad-83a561b73f8f" executionId="20389956-4b7c-4024-9958-63f640e61318" testListId="8c84fa94-04c1-424b-9868-57a2d4851a1d" />
    <TestEntry testId="0648c3d7-b4eb-3ecb-bb5c-8630dead2793" executionId="73a04e90-980b-46e5-9880-e427ed1b8a9d" testListId="8c84fa94-04c1-424b-9868-57a2d4851a1d" />
    <TestEntry testId="faee4e80-92d3-8663-7158-3c550c3abb21" executionId="bdc785a0-b5d5-470f-b965-f6b178efa158" testListId="8c84fa94-04c1-424b-9868-57a2d4851a1d" />
    <TestEntry testId="4a68e844-bfd5-77f4-86ca-727557eb9de8" executionId="6cc03bd2-9931-4835-8034-5e21a01e27aa" testListId="8c84fa94-04c1-424b-9868-57a2d4851a1d" />
    <TestEntry testId="b2400711-d714-679d-a2bc-e91e3d287469" executionId="d7741a9c-ee5b-4fab-9232-2fcbd59e59a7" testListId="8c84fa94-04c1-424b-9868-57a2d4851a1d" />
    <TestEntry testId="4643bede-6e34-ffdb-45d1-b3252be96358" executionId="b0678d1e-9cc5-44b6-90f6-b90f5c36e0c1" testListId="8c84fa94-04c1-424b-9868-57a2d4851a1d" />
    <TestEntry testId="273576b8-fa3d-e22b-9abf-74731de099ae" executionId="2c63f6a3-521a-449d-a5fc-a22dffb46c80" testListId="8c84fa94-04c1-424b-9868-57a2d4851a1d" />
    <TestEntry testId="36a86305-2ad6-2cbe-c210-07f475fb27f2" executionId="20da65df-3c5c-4bcd-ac77-1aa1f4d43c9c" testListId="8c84fa94-04c1-424b-9868-57a2d4851a1d" />
    <TestEntry testId="fd7044cc-432c-b420-31de-38776050a2b0" executionId="fe45def4-e96a-458f-90d1-e3937e3d5159" testListId="8c84fa94-04c1-424b-9868-57a2d4851a1d" />
    <TestEntry testId="d7f112ff-5440-6401-0df4-49db5a8eac8d" executionId="75c67c10-ecb2-411c-bedf-a8ef27b2f12f" testListId="8c84fa94-04c1-424b-9868-57a2d4851a1d" />
    <TestEntry testId="54d48306-79cf-5a4b-f121-8ec3ddfd25f0" executionId="527e05d3-6485-4cb6-8c74-d42786572a55" testListId="8c84fa94-04c1-424b-9868-57a2d4851a1d" />
    <TestEntry testId="2ba6dde9-41ec-e8aa-c291-33997dce13d5" executionId="2df07129-28f4-4e70-914e-354356c1c28e" testListId="8c84fa94-04c1-424b-9868-57a2d4851a1d" />
    <TestEntry testId="08d3b200-e2d9-88e3-d4cc-338defb3f1b8" executionId="64d807ba-fe9a-4c26-b029-ba0ad8cecc1f" testListId="8c84fa94-04c1-424b-9868-57a2d4851a1d" />
    <TestEntry testId="cc266ccc-de15-b650-49a1-6d1680c79c35" executionId="ebc64e5b-bc1f-4c10-9217-6a9ecbaa8b6f" testListId="8c84fa94-04c1-424b-9868-57a2d4851a1d" />
    <TestEntry testId="71137075-8b4f-3216-ea07-bd96938d5d38" executionId="887883e4-95b3-4019-844c-1a673fd35266" testListId="8c84fa94-04c1-424b-9868-57a2d4851a1d" />
    <TestEntry testId="3e71feb3-058f-05b6-9d29-e1b8ddad71f1" executionId="0d6d8bb8-9047-4710-8f75-544987c91917" testListId="8c84fa94-04c1-424b-9868-57a2d4851a1d" />
    <TestEntry testId="1e901065-80a9-75d0-64d3-acb29abd7f9c" executionId="f8987993-6ef9-4d3b-bb60-6976d7889e33" testListId="8c84fa94-04c1-424b-9868-57a2d4851a1d" />
    <TestEntry testId="cea8fbc4-2ed8-b1a3-e701-a4caa275bbf0" executionId="2237d421-2454-4a63-abd1-c79035a51269" testListId="8c84fa94-04c1-424b-9868-57a2d4851a1d" />
    <TestEntry testId="704b7026-a762-e9ce-9b79-26803c28134b" executionId="9e74950b-66ff-46d4-9a8b-3719d68d3d34" testListId="8c84fa94-04c1-424b-9868-57a2d4851a1d" />
    <TestEntry testId="afcb550b-755f-dfaf-52b0-7d2491a9c38e" executionId="c0cde015-ba84-454e-ab13-5a5f053b35d5" testListId="8c84fa94-04c1-424b-9868-57a2d4851a1d" />
    <TestEntry testId="64498133-7d95-ffaf-b0b1-1f808833cd0f" executionId="c30645fa-64f2-4ce9-8fa4-4fff2a65c9e2" testListId="8c84fa94-04c1-424b-9868-57a2d4851a1d" />
    <TestEntry testId="6439d825-8c03-15f0-74d0-ba1f6f618b15" executionId="8e2bd207-626f-46f3-a07d-53e5423fc8b9" testListId="8c84fa94-04c1-424b-9868-57a2d4851a1d" />
    <TestEntry testId="0ccbea05-b4a1-95f2-1c4a-0ed2b048cc68" executionId="827639b5-fe04-4c7c-be16-a306ac0a874a" testListId="8c84fa94-04c1-424b-9868-57a2d4851a1d" />
    <TestEntry testId="7cb65aaf-1db8-9d72-93d8-c2fca8a96f63" executionId="db9e5424-721c-49ff-a441-bf2fd6211021" testListId="8c84fa94-04c1-424b-9868-57a2d4851a1d" />
    <TestEntry testId="d8b353ea-4423-9e20-2dac-248d56f90627" executionId="f437920c-d79c-4747-a7fd-effd9cd6ceee" testListId="8c84fa94-04c1-424b-9868-57a2d4851a1d" />
    <TestEntry testId="c669d17a-45bc-c1b9-b99c-5dcc56174da9" executionId="2e641254-ecca-482c-998f-25bdec47581a" testListId="8c84fa94-04c1-424b-9868-57a2d4851a1d" />
    <TestEntry testId="2e2d1357-4952-e488-4c03-c75f7a5b2121" executionId="d4272a10-f422-4c03-8c66-1b140ca1c5ce" testListId="8c84fa94-04c1-424b-9868-57a2d4851a1d" />
    <TestEntry testId="99bc8af8-bce0-83f6-c24a-ae46ca5377c2" executionId="2cee2e0c-d254-4fdf-8c15-8371fd8cf0eb" testListId="8c84fa94-04c1-424b-9868-57a2d4851a1d" />
    <TestEntry testId="e31b02fe-0db6-e971-257c-2193af429852" executionId="639a9e9f-c0e1-4778-9204-7f5ef6b94542" testListId="8c84fa94-04c1-424b-9868-57a2d4851a1d" />
    <TestEntry testId="04585607-1865-3b67-a370-339c8dd208e8" executionId="ff8a2cfc-ff47-42b7-b5b9-39f214332901" testListId="8c84fa94-04c1-424b-9868-57a2d4851a1d" />
    <TestEntry testId="738cbbc0-30cd-913c-c689-3538795172da" executionId="f96b7ddf-cf7d-4dfe-a251-1efd9815bcae" testListId="8c84fa94-04c1-424b-9868-57a2d4851a1d" />
    <TestEntry testId="574b659d-0b13-d203-0dd3-213f900b9a40" executionId="2c7f58d5-6a6c-4dfc-a871-e77519a99eb6" testListId="8c84fa94-04c1-424b-9868-57a2d4851a1d" />
    <TestEntry testId="3da51cd3-867f-dfcb-efa4-9a9ad5412802" executionId="ce949c15-989c-4d0e-a93d-2e0e4a5028e8" testListId="8c84fa94-04c1-424b-9868-57a2d4851a1d" />
    <TestEntry testId="ac279690-ea15-dc4e-86a9-05e0efc6b84d" executionId="f027be6f-e6a5-444a-aee0-b361fcdf1038" testListId="8c84fa94-04c1-424b-9868-57a2d4851a1d" />
    <TestEntry testId="bd906635-b718-a368-925d-e946010d9a74" executionId="0f0b185d-eee1-4696-8107-a4786e7d24e8" testListId="8c84fa94-04c1-424b-9868-57a2d4851a1d" />
    <TestEntry testId="e5d1c219-c962-a477-b3a9-9b28d03e3fba" executionId="9beacb65-58e9-49ec-a47f-0c32af07edc5" testListId="8c84fa94-04c1-424b-9868-57a2d4851a1d" />
    <TestEntry testId="5bc6dbbd-b4fa-093b-9fa7-999f861579b0" executionId="66277400-c0fd-4c7a-94e3-ed1416bb4afc" testListId="8c84fa94-04c1-424b-9868-57a2d4851a1d" />
    <TestEntry testId="74d917f8-1db3-a5af-cf08-bc8e1834268f" executionId="2e37bd13-cf69-4221-84a1-4273b61fae1c" testListId="8c84fa94-04c1-424b-9868-57a2d4851a1d" />
    <TestEntry testId="8aa89408-51c1-dcc1-ce61-17dbe4c21a50" executionId="41f31a34-66a7-4d4b-a631-257573c02229" testListId="8c84fa94-04c1-424b-9868-57a2d4851a1d" />
    <TestEntry testId="302d4898-48ac-f589-d2ba-ca7940b93407" executionId="88ab64fc-9155-42cf-8858-ef3e3a8a725d" testListId="8c84fa94-04c1-424b-9868-57a2d4851a1d" />
    <TestEntry testId="85041e33-8808-0b11-6ba9-1a94e9a83e4f" executionId="a7992c9f-6749-4552-8230-47a492d8f43e" testListId="8c84fa94-04c1-424b-9868-57a2d4851a1d" />
    <TestEntry testId="fea3f28f-d8b8-779b-0b3b-1e0d803702e6" executionId="3d791cda-2854-4f32-a94f-e3051be1ef6e" testListId="8c84fa94-04c1-424b-9868-57a2d4851a1d" />
    <TestEntry testId="a74723f1-d9a8-870e-1d2e-be46a6b9480d" executionId="e8708c8f-0f5c-41ea-bf39-b59c90cf6eec" testListId="8c84fa94-04c1-424b-9868-57a2d4851a1d" />
    <TestEntry testId="41bdd349-e879-6937-8052-84cd6a8a8f33" executionId="d599e71f-0a48-438c-89dc-8357c4903a0f" testListId="8c84fa94-04c1-424b-9868-57a2d4851a1d" />
    <TestEntry testId="323dbe2e-d446-b3fa-e018-bfb61c1743c6" executionId="1c16657c-53f3-4a44-bfa8-fec6cd9da89a" testListId="8c84fa94-04c1-424b-9868-57a2d4851a1d" />
    <TestEntry testId="32d85165-0938-343b-1cbc-cca5aaa54579" executionId="a848d743-1c4e-481a-8406-ca09aade8222" testListId="8c84fa94-04c1-424b-9868-57a2d4851a1d" />
    <TestEntry testId="c505ae2a-88b6-5b8d-adbe-d303278fcb02" executionId="c02abe1a-0c05-4b6b-b6c2-ab5a24332c24" testListId="8c84fa94-04c1-424b-9868-57a2d4851a1d" />
    <TestEntry testId="64792956-83bf-e8b5-cf5b-7f5dd922c8db" executionId="fcb6cd99-f52a-4966-a7f2-111c6d0ee6a8" testListId="8c84fa94-04c1-424b-9868-57a2d4851a1d" />
    <TestEntry testId="df0a48a6-895e-56f5-5dd8-a91634244a25" executionId="9c1df2cb-9d2d-464b-b881-ca81a1a52182" testListId="8c84fa94-04c1-424b-9868-57a2d4851a1d" />
    <TestEntry testId="fc32b68a-5a9f-fea6-9e8d-9d96043e3261" executionId="a10ceef2-a65b-4b90-91c2-dcd99c3d44ee" testListId="8c84fa94-04c1-424b-9868-57a2d4851a1d" />
    <TestEntry testId="43afa4cb-611a-f7f0-2dd5-420c464d4964" executionId="7fddbbf9-0afa-43bc-9b17-91c1abc4753d" testListId="8c84fa94-04c1-424b-9868-57a2d4851a1d" />
    <TestEntry testId="04bb15e4-e281-0d80-dd02-b3e4928fd125" executionId="bea54622-27b0-416a-ac1d-1c6bc1d9fefc" testListId="8c84fa94-04c1-424b-9868-57a2d4851a1d" />
    <TestEntry testId="3adad54e-5a9b-d888-980b-0b6b61a398f7" executionId="3322756b-8d7c-4f20-a26f-eb8b12a33e72" testListId="8c84fa94-04c1-424b-9868-57a2d4851a1d" />
    <TestEntry testId="1e0bd796-126d-cc9c-d1ed-339824d16a64" executionId="9d4bd75a-cb76-499f-8f7c-f743f848fec3" testListId="8c84fa94-04c1-424b-9868-57a2d4851a1d" />
    <TestEntry testId="ced8cb56-9d60-81f2-0782-a9c46c2216a7" executionId="06e5bebc-f88e-4ee9-bb1f-ac2c9b2f6b7f" testListId="8c84fa94-04c1-424b-9868-57a2d4851a1d" />
    <TestEntry testId="e75ed2bd-ee9d-2812-55b8-09bf67d0efd0" executionId="8ee3aeef-884e-4d23-a5d1-39cdc3c4317d" testListId="8c84fa94-04c1-424b-9868-57a2d4851a1d" />
    <TestEntry testId="225b50ed-8032-9e30-e9c2-119c6c93efed" executionId="26b73e5e-6ea7-4bc8-ae8a-f69f4664f31b" testListId="8c84fa94-04c1-424b-9868-57a2d4851a1d" />
    <TestEntry testId="85aa9dba-500a-5e28-17d7-74a61a87af2e" executionId="7b569e5f-1dc4-4e78-aa98-0c610a17f12f" testListId="8c84fa94-04c1-424b-9868-57a2d4851a1d" />
    <TestEntry testId="cfcbb197-30f7-7302-d2ab-e1d4794f968e" executionId="f897264d-3271-443e-ad40-ae903d6db926" testListId="8c84fa94-04c1-424b-9868-57a2d4851a1d" />
    <TestEntry testId="0a0c1080-1990-ea81-c9fc-3abee3b22509" executionId="3c159774-c347-4f1f-8eba-78aa950652fb" testListId="8c84fa94-04c1-424b-9868-57a2d4851a1d" />
    <TestEntry testId="117d59d7-7a85-1d6d-f41d-80c2b2e50b1d" executionId="a3abeaa4-dea0-4d62-835a-9e866deb7428" testListId="8c84fa94-04c1-424b-9868-57a2d4851a1d" />
    <TestEntry testId="642133ea-bcf7-d829-16e1-0f9d50dd25c2" executionId="1a9a8937-8dd6-43aa-b3af-55b309994107" testListId="8c84fa94-04c1-424b-9868-57a2d4851a1d" />
    <TestEntry testId="4938725b-ed6b-4417-dc9f-d383b84a457c" executionId="72c11aaa-0457-41c8-a3af-eae5269b557e" testListId="8c84fa94-04c1-424b-9868-57a2d4851a1d" />
    <TestEntry testId="571b16ab-a950-7f7a-7c99-a8acc3bb030f" executionId="5d6a0d99-7f8d-4ea9-9439-707a8ac18a73" testListId="8c84fa94-04c1-424b-9868-57a2d4851a1d" />
    <TestEntry testId="93806483-d1aa-660b-e8c9-d98d8ad5bb1b" executionId="d687c4e2-d187-4834-8397-9f7ea23ffbac" testListId="8c84fa94-04c1-424b-9868-57a2d4851a1d" />
    <TestEntry testId="71e185bc-ddf6-e9b8-5903-2102cc2f93d8" executionId="c4f9d28d-d3bd-41f8-a05f-0c2f77cc9742" testListId="8c84fa94-04c1-424b-9868-57a2d4851a1d" />
    <TestEntry testId="a7aa4d68-22b3-a514-2068-10e40d1a63a4" executionId="6ab83848-703c-496b-80d9-bd33efd4f103" testListId="8c84fa94-04c1-424b-9868-57a2d4851a1d" />
    <TestEntry testId="7fb2ba57-83ed-b238-7006-e583df11d3e3" executionId="f327a866-9768-4034-90d4-a36e9466a66c" testListId="8c84fa94-04c1-424b-9868-57a2d4851a1d" />
    <TestEntry testId="3baacd78-3c1f-518c-eeba-6bb753c01014" executionId="189440e5-d940-4ea3-8365-0b3486e1d7c5" testListId="8c84fa94-04c1-424b-9868-57a2d4851a1d" />
    <TestEntry testId="adf9aba7-9646-8123-2303-5f30fb3c6dcc" executionId="baf55e69-a9a7-4b93-8037-55bed72f4bfd" testListId="8c84fa94-04c1-424b-9868-57a2d4851a1d" />
    <TestEntry testId="d2b6c5d1-2753-e122-4234-39d328d81def" executionId="09455884-f7b3-48ca-9aa6-fb2f16bc022a" testListId="8c84fa94-04c1-424b-9868-57a2d4851a1d" />
    <TestEntry testId="53486399-c21d-f734-7105-f5f41052bc36" executionId="baed3972-325d-4d53-b9e8-ad039242b2e3" testListId="8c84fa94-04c1-424b-9868-57a2d4851a1d" />
    <TestEntry testId="def0097c-f5a6-eace-bc25-d03060eee23d" executionId="35f0766a-6f67-4877-8e3d-1c3517580721" testListId="8c84fa94-04c1-424b-9868-57a2d4851a1d" />
    <TestEntry testId="46463e41-c058-09b7-69f1-b065fdaecbc7" executionId="e01a0e1c-d74f-4649-b14a-6725b96cf40a" testListId="8c84fa94-04c1-424b-9868-57a2d4851a1d" />
    <TestEntry testId="f2988e85-cda9-e1e5-875f-bfbe29642659" executionId="63e75aea-c2b4-4494-811e-45be744a493e" testListId="8c84fa94-04c1-424b-9868-57a2d4851a1d" />
    <TestEntry testId="14d28cc2-0dc3-96ba-6d54-9184fd57321a" executionId="8d7e611e-5de9-4acc-8407-b9d9a80395f4" testListId="8c84fa94-04c1-424b-9868-57a2d4851a1d" />
    <TestEntry testId="49cacc94-9b4e-2c6f-23b2-8da420a8ec16" executionId="1f57f4a4-dd9b-40a3-bc78-990ec4803130" testListId="8c84fa94-04c1-424b-9868-57a2d4851a1d" />
    <TestEntry testId="63161103-6f54-11df-c101-b03206c6a159" executionId="61d0bf02-d9e6-4d62-bbc2-77651d346a03" testListId="8c84fa94-04c1-424b-9868-57a2d4851a1d" />
    <TestEntry testId="6aeba8c3-911e-0c27-412b-6c5bfa1d8c4e" executionId="2a5c2175-e30c-4655-b468-9560dc1d9b86" testListId="8c84fa94-04c1-424b-9868-57a2d4851a1d" />
    <TestEntry testId="ab975462-f6da-f87d-29a0-52f1fd26deef" executionId="6e420633-b070-4798-a872-467a67b0c70d" testListId="8c84fa94-04c1-424b-9868-57a2d4851a1d" />
    <TestEntry testId="894c6cce-f89b-189a-70d9-dfdb39c452da" executionId="99854784-8ac3-4a34-af7f-e51b54a72057" testListId="8c84fa94-04c1-424b-9868-57a2d4851a1d" />
    <TestEntry testId="ca6f8faf-dfd8-6435-4610-6e7ac8b248fa" executionId="b9a94d26-f0eb-45ab-b922-28791310a92f" testListId="8c84fa94-04c1-424b-9868-57a2d4851a1d" />
    <TestEntry testId="3c440ab9-f194-b592-4c8f-48c4c3461ea4" executionId="045b5f2c-d3b1-4092-beeb-d85f848cae97" testListId="8c84fa94-04c1-424b-9868-57a2d4851a1d" />
    <TestEntry testId="49f7c86b-7181-85f5-2a83-f61ed2039fc3" executionId="4b8ddcbf-ca31-4515-b505-8792c4761a8f" testListId="8c84fa94-04c1-424b-9868-57a2d4851a1d" />
    <TestEntry testId="c6598a49-f846-56ee-848a-3dde31626e1c" executionId="c589c089-8917-4abe-a2fe-094a2d18254f" testListId="8c84fa94-04c1-424b-9868-57a2d4851a1d" />
    <TestEntry testId="9d9dd970-d442-b9c6-de9f-17e6c588b715" executionId="998083d6-0e58-44b3-9158-acec6e259852" testListId="8c84fa94-04c1-424b-9868-57a2d4851a1d" />
  </TestEntries>
  <TestLists>
    <TestList name="Results Not in a List" id="8c84fa94-04c1-424b-9868-57a2d4851a1d" />
    <TestList name="All Loaded Results" id="19431567-8539-422a-85d7-44ee4e166bda" />
  </TestLists>
  <ResultSummary outcome="Completed">
    <Counters total="249" executed="249" passed="249" failed="0" error="0" timeout="0" aborted="0" inconclusive="0" passedButRunAborted="0" notRunnable="0" notExecuted="0" disconnected="0" warning="0" completed="0" inProgress="0" pending="0" />
    <Output>
      <StdOut>[xUnit.net 00:00:00.01] xUnit.net VSTest Adapter v2.5.3.1+6b60a9e56a (64-bit .NET 8.0.25)
[xUnit.net 00:00:00.39]   Discovering: TestIT.ApiTests
[xUnit.net 00:00:00.66]   Discovered:  TestIT.ApiTests
[xUnit.net 00:00:00.66]   Starting:    TestIT.ApiTests
[xUnit.net 00:06:41.87]   Finished:    TestIT.ApiTests
</StdOut>
    </Output>
  </ResultSummary>
</TestRun>