<?xml version="1.0" encoding="utf-8"?>
<TestRun id="265fa588-4985-4a69-bc2d-4c013ae87361" name="@DESKTOP-13D0C24 2026-03-19 14:47:47" xmlns="http://microsoft.com/schemas/VisualStudio/TeamTest/2010">
  <Times creation="2026-03-19T14:47:47.2882860+02:00" queuing="2026-03-19T14:47:47.2882861+02:00" start="2026-03-19T14:47:35.1572718+02:00" finish="2026-03-19T14:54:32.2082852+02:00" />
  <TestSettings name="default" id="d3174ac8-14a8-4722-a836-c17901a8f056">
    <Deployment runDeploymentRoot="_DESKTOP-13D0C24_2026-03-19_14_47_47" />
  </TestSettings>
  <Results>
    <UnitTestResult executionId="558fd7de-cb0d-402d-aa4d-e4db72085832" testId="894c6cce-f89b-189a-70d9-dfdb39c452da" testName="TestIT.ApiTests.Tests.SchemaValidationTests.Schema_LoginResponse_HasRequiredFieldsOnly" computerName="DESKTOP-13D0C24" duration="00:00:07.9284566" startTime="2026-03-19T14:48:56.2360327+02:00" endTime="2026-03-19T14:48:56.2360328+02:00" testType="13cdc9d9-ddb5-4fa4-a97d-d965ccfc6d4b" outcome="Passed" testListId="8c84fa94-04c1-424b-9868-57a2d4851a1d" relativeResultsDirectory="558fd7de-cb0d-402d-aa4d-e4db72085832">
      <Output>
        <StdOut>POST auth/register/  →  201 Created
POST auth/login/  →  200 OK
POST tests/reorder-a06a9e35-4ce310bf/questions/  →  201 Created
POST auth/login/  →  200 OK</StdOut>
      </Output>
    </UnitTestResult>
    <UnitTestResult executionId="c3ea0157-7a65-4eec-9514-2c8d928aac93" testId="63161103-6f54-11df-c101-b03206c6a159" testName="TestIT.ApiTests.Tests.AnalyticsTests.Analytics_AfterSubmission_ReflectsAttemptData" computerName="DESKTOP-13D0C24" duration="00:00:10.4384414" startTime="2026-03-19T14:49:55.0833672+02:00" endTime="2026-03-19T14:49:55.0833673+02:00" testType="13cdc9d9-ddb5-4fa4-a97d-d965ccfc6d4b" outcome="Passed" testListId="8c84fa94-04c1-424b-9868-57a2d4851a1d" relativeResultsDirectory="c3ea0157-7a65-4eec-9514-2c8d928aac93">
      <Output>
        <StdOut>GET tests/scorable-a28c2159-4c09b274/take/  →  200 OK
POST auth/login/  →  200 OK
POST auth/login/  →  200 OK
GET tests/multiselect-1a29ac7a-14ad70ba/take/  →  200 OK</StdOut>
      </Output>
    </UnitTestResult>
    <UnitTestResult executionId="1f35eca3-0faf-4649-8436-27a34d53d998" testId="825dce9f-13bc-8a8f-095d-14e06863a4da" testName="TestIT.ApiTests.Tests.SecurityTests.InputValidation_XSSInQuestionText_IsSanitized" computerName="DESKTOP-13D0C24" duration="00:00:04.9735385" startTime="2026-03-19T14:49:39.4607922+02:00" endTime="2026-03-19T14:49:39.4607923+02:00" testType="13cdc9d9-ddb5-4fa4-a97d-d965ccfc6d4b" outcome="Passed" testListId="8c84fa94-04c1-424b-9868-57a2d4851a1d" relativeResultsDirectory="1f35eca3-0faf-4649-8436-27a34d53d998">
      <Output>
        <StdOut>POST auth/login/  →  200 OK
POST tests/  →  201 Created
GET tests/ea-wrong-684822c2-a8002687/results/  →  200 OK
GET analytics/tests/analyticsnoauth-a7b6e827-a89cba18/  →  401 Unauthorized
PUT tests/hideanswers-7e215d54-f1aa8ca3/attempts/20652/  →  200 OK
POST tests/  →  201 Created
POST companies/  →  201 Created
POST tests/hideanswers-7e215d54-f1aa8ca3/attempts/20652/submit/  →  200 OK
POST auth/login/  →  200 OK
POST auth/login/  →  200 OK
POST tests/  →  201 Created
POST tests/  →  201 Created
POST auth/login/  →  200 OK
PATCH tests/decrementtest-8bdc7826-238417d9/  →  200 OK</StdOut>
      </Output>
    </UnitTestResult>
    <UnitTestResult executionId="10ba8535-a719-42e7-84a3-7af28e0575e1" testId="2899903c-7d66-2d27-b24a-6ccaff066b44" testName="TestIT.ApiTests.Tests.CoverageTests.GetQuestion_WithNonExistentId_ReturnsNotFound" computerName="DESKTOP-13D0C24" duration="00:00:29.4507732" startTime="2026-03-19T14:48:50.4239093+02:00" endTime="2026-03-19T14:48:50.4239094+02:00" testType="13cdc9d9-ddb5-4fa4-a97d-d965ccfc6d4b" outcome="Passed" testListId="8c84fa94-04c1-424b-9868-57a2d4851a1d" relativeResultsDirectory="10ba8535-a719-42e7-84a3-7af28e0575e1">
      <Output>
        <StdOut>POST companies/  →  201 Created
POST auth/login/  →  200 OK
POST tests/  →  201 Created
GET tests/ea-empty-35f69c95-5e66b862/results/  →  200 OK
POST auth/login/  →  200 OK
POST tests/  →  201 Created
GET tests/public/  →  200 OK
POST auth/login/  →  200 OK
POST auth/login/  →  200 OK</StdOut>
      </Output>
    </UnitTestResult>
    <UnitTestResult executionId="ddf5af1c-9ce1-4292-9a8f-94b75839c55a" testId="5129a0ee-7142-c30f-0cab-bdff50c23afa" testName="TestIT.ApiTests.Tests.PerformanceTests.Latency_GetTakeEndpoint_RespondsFast" computerName="DESKTOP-13D0C24" duration="00:00:07.0027508" startTime="2026-03-19T14:49:34.4258210+02:00" endTime="2026-03-19T14:49:34.4258211+02:00" testType="13cdc9d9-ddb5-4fa4-a97d-d965ccfc6d4b" outcome="Passed" testListId="8c84fa94-04c1-424b-9868-57a2d4851a1d" relativeResultsDirectory="ddf5af1c-9ce1-4292-9a8f-94b75839c55a">
      <Output>
        <StdOut>POST companies/14562/folders/  →  201 Created
GET companies/  →  200 OK
POST auth/register/  →  201 Created
GET analytics/tests/analyticsschema-63ec39fa-86f426cc/  →  200 OK
POST tests/ea-mixed-5ff7e5d3-ed8b1d58/attempts/20649/submit/  →  200 OK
POST companies/14561/invites/  →  201 Created
POST auth/register/  →  201 Created
POST tests/  →  201 Created
POST tests/ea-wrong-684822c2-a8002687/attempts/20650/submit/  →  200 OK
GET tests/hideanswers-7e215d54-f1aa8ca3/take/  →  200 OK</StdOut>
      </Output>
    </UnitTestResult>
    <UnitTestResult executionId="2b4d314a-305b-41f6-a7f6-d6235a0a1495" testId="8c06bde2-e6f3-397a-1fd4-172b169190fa" testName="TestIT.ApiTests.Tests.PatchTests.PatchTest_TitleOnly_UpdatesTitlePreservesOtherFields" computerName="DESKTOP-13D0C24" duration="00:00:07.5904028" startTime="2026-03-19T14:48:59.7870886+02:00" endTime="2026-03-19T14:48:59.7870887+02:00" testType="13cdc9d9-ddb5-4fa4-a97d-d965ccfc6d4b" outcome="Passed" testListId="8c84fa94-04c1-424b-9868-57a2d4851a1d" relativeResultsDirectory="2b4d314a-305b-41f6-a7f6-d6235a0a1495">
      <Output>
        <StdOut>GET tests/perfresults-1983e749-52afa1a9/results/  →  200 OK
POST tests/company/14545/  →  201 Created
POST companies/  →  201 Created
POST auth/register/  →  201 Created
POST auth/login/  →  200 OK</StdOut>
      </Output>
    </UnitTestResult>
    <UnitTestResult executionId="6a430d5d-64db-4428-82dd-cd681d74d865" testId="df70fd53-db7a-7bde-002a-2adb95d49e28" testName="TestIT.ApiTests.Tests.StressTests.StressTest_MassQuestionCreation_HandlesLargeTests" computerName="DESKTOP-13D0C24" duration="00:00:10.8998963" startTime="2026-03-19T14:48:19.8416492+02:00" endTime="2026-03-19T14:48:19.8416493+02:00" testType="13cdc9d9-ddb5-4fa4-a97d-d965ccfc6d4b" outcome="Passed" testListId="8c84fa94-04c1-424b-9868-57a2d4851a1d" relativeResultsDirectory="6a430d5d-64db-4428-82dd-cd681d74d865">
      <Output>
        <StdOut>POST auth/login/  →  200 OK</StdOut>
      </Output>
    </UnitTestResult>
    <UnitTestResult executionId="601b71e8-7ad2-4bc6-ac19-4d06e7f238d5" testId="561bccb1-d7bf-7992-b8e5-d87a4c73adbd" testName="TestIT.ApiTests.Tests.EdgeCaseTests.CompanyInvite_InvalidRoleValue_ShouldFail" computerName="DESKTOP-13D0C24" duration="00:00:07.3269476" startTime="2026-03-19T14:50:01.2701029+02:00" endTime="2026-03-19T14:50:01.2701030+02:00" testType="13cdc9d9-ddb5-4fa4-a97d-d965ccfc6d4b" outcome="Passed" testListId="8c84fa94-04c1-424b-9868-57a2d4851a1d" relativeResultsDirectory="601b71e8-7ad2-4bc6-ac19-4d06e7f238d5">
      <Output>
        <StdOut>POST tests/patch-qown-39c9d2e2-8cc7911d/questions/  →  201 Created
POST tests/  →  201 Created
PATCH tests/visfrom-f73c0555-69d5e4b0/  →  200 OK
PATCH tests/patch-qown-39c9d2e2-8cc7911d/questions/44176/  →  404 NotFound
POST tests/datacheck-75c9f72c-e93361da/questions/  →  201 Created
POST tests/  →  201 Created
POST tests/datacheck-75c9f72c-e93361da/attempts/  →  201 Created
POST tests/ea-case-65055be0-a02c2925/attempts/20674/submit/  →  200 OK</StdOut>
      </Output>
    </UnitTestResult>
    <UnitTestResult executionId="4c14822a-8aaa-4589-8c4f-5b69d09b3360" testId="225b50ed-8032-9e30-e9c2-119c6c93efed" testName="TestIT.ApiTests.Tests.PatchTests.PatchProfile_LastNameOnly_UpdatesLastNamePreservesFirstName" computerName="DESKTOP-13D0C24" duration="00:00:10.0083912" startTime="2026-03-19T14:48:08.2824324+02:00" endTime="2026-03-19T14:48:08.2824326+02:00" testType="13cdc9d9-ddb5-4fa4-a97d-d965ccfc6d4b" outcome="Passed" testListId="8c84fa94-04c1-424b-9868-57a2d4851a1d" relativeResultsDirectory="4c14822a-8aaa-4589-8c4f-5b69d09b3360">
      <Output>
        <StdOut>GET auth/me/  →  200 OK
POST tests/datacheck-02185080-62a22328/questions/reorder/  →  200 OK</StdOut>
      </Output>
    </UnitTestResult>
    <UnitTestResult executionId="ecf6965f-e193-4f23-9649-b28f9cb21d49" testId="ca6f8faf-dfd8-6435-4610-6e7ac8b248fa" testName="TestIT.ApiTests.Tests.EdgeCaseTests.CreateTest_NegativeMaxAttempts_ShouldFail" computerName="DESKTOP-13D0C24" duration="00:00:08.2696138" startTime="2026-03-19T14:47:56.1195469+02:00" endTime="2026-03-19T14:47:56.1195471+02:00" testType="13cdc9d9-ddb5-4fa4-a97d-d965ccfc6d4b" outcome="Passed" testListId="8c84fa94-04c1-424b-9868-57a2d4851a1d" relativeResultsDirectory="ecf6965f-e193-4f23-9649-b28f9cb21d49">
      <Output>
        <StdOut>POST companies/  →  201 Created
POST tests/resultac-ec5aadfa-faca4de5/questions/  →  201 Created
PUT tests/updateq404-92b2ad6b-af9ec3ce/questions/99999/  →  404 NotFound
POST companies/14534/folders/  →  201 Created
POST auth/login/  →  200 OK
POST tests/resultsorder-aec152e8-2101007b/attempts/  →  201 Created
POST auth/register/  →  201 Created
POST auth/register/  →  201 Created
POST tests/resultac-ec5aadfa-faca4de5/attempts/20561/submit/  →  200 OK
POST auth/login/  →  200 OK
POST auth/login/  →  200 OK
POST tests/  →  201 Created</StdOut>
      </Output>
    </UnitTestResult>
    <UnitTestResult executionId="78ef0f90-fc15-4877-945e-64eb9e564a91" testId="b996985d-7c5d-6f28-d7ef-6f35de1c77e3" testName="TestIT.ApiTests.Tests.TestTakingTests.TestAccess_PasswordProtected_BlocksWithoutPassword" computerName="DESKTOP-13D0C24" duration="00:00:03.3184863" startTime="2026-03-19T14:50:21.8009108+02:00" endTime="2026-03-19T14:50:21.8009109+02:00" testType="13cdc9d9-ddb5-4fa4-a97d-d965ccfc6d4b" outcome="Passed" testListId="8c84fa94-04c1-424b-9868-57a2d4851a1d" relativeResultsDirectory="78ef0f90-fc15-4877-945e-64eb9e564a91">
      <Output>
        <StdOut>POST tests/singleq-10222b74-cdd2358b/attempts/20691/submit/  →  200 OK
POST auth/login/  →  200 OK
POST tests/singleq-10222b74-cdd2358b/attempts/  →  201 Created
POST auth/register/  →  201 Created
POST auth/register/  →  201 Created
GET tests/pwprotected-198e64f8-92f84342/take/  →  403 Forbidden</StdOut>
      </Output>
    </UnitTestResult>
    <UnitTestResult executionId="086210e7-31f6-4918-9f94-af4e5a4e7db8" testId="ac279690-ea15-dc4e-86a9-05e0efc6b84d" testName="TestIT.ApiTests.Tests.SecurityTests.Authorization_UserCannotAccessOtherCompaniesData" computerName="DESKTOP-13D0C24" duration="00:00:15.1979536" startTime="2026-03-19T14:49:09.2708373+02:00" endTime="2026-03-19T14:49:09.2708374+02:00" testType="13cdc9d9-ddb5-4fa4-a97d-d965ccfc6d4b" outcome="Passed" testListId="8c84fa94-04c1-424b-9868-57a2d4851a1d" relativeResultsDirectory="086210e7-31f6-4918-9f94-af4e5a4e7db8">
      <Output>
        <StdOut>POST auth/register/  →  201 Created
POST tests/ea-toolong-cf58e6a3-796cdbca/questions/  →  400 BadRequest
POST companies/14543/folders/  →  201 Created
POST tests/analyticscompletion-3ee6cef8-c344e7ab/attempts/20632/submit/  →  200 OK
POST tests/scorable-47ebb676-40ef3a8f/questions/  →  201 Created
POST tests/  →  201 Created
POST companies/14546/folders/  →  201 Created</StdOut>
      </Output>
    </UnitTestResult>
    <UnitTestResult executionId="0037d60b-f640-40dd-889e-6e9c2dd86715" testId="302d4898-48ac-f589-d2ba-ca7940b93407" testName="TestIT.ApiTests.Tests.PatchTests.PatchFolder_Name_UpdatesNameSuccessfully" computerName="DESKTOP-13D0C24" duration="00:00:13.1722061" startTime="2026-03-19T14:48:21.4548435+02:00" endTime="2026-03-19T14:48:21.4548437+02:00" testType="13cdc9d9-ddb5-4fa4-a97d-d965ccfc6d4b" outcome="Passed" testListId="8c84fa94-04c1-424b-9868-57a2d4851a1d" relativeResultsDirectory="0037d60b-f640-40dd-889e-6e9c2dd86715">
      <Output>
        <StdOut>POST tests/perfanalytics-0ab687f8-31f6c1d5/questions/  →  201 Created
POST auth/login/  →  200 OK
PUT tests/edgecase-emptyanswers-22f91e8a-b6a24dea/attempts/20622/  →  200 OK</StdOut>
      </Output>
    </UnitTestResult>
    <UnitTestResult executionId="80e9831e-1cea-4982-9637-c7625915d968" testId="66ae4755-0dc6-ec72-e951-6e3de241f04e" testName="TestIT.ApiTests.Tests.CoverageTests.RemoveMember_LastAdmin_DeniesRemoval" computerName="DESKTOP-13D0C24" duration="00:00:02.8681013" startTime="2026-03-19T14:50:16.5144748+02:00" endTime="2026-03-19T14:50:16.5144748+02:00" testType="13cdc9d9-ddb5-4fa4-a97d-d965ccfc6d4b" outcome="Passed" testListId="8c84fa94-04c1-424b-9868-57a2d4851a1d" relativeResultsDirectory="80e9831e-1cea-4982-9637-c7625915d968">
      <Output>
        <StdOut>PUT tests/datacheck-6e9c833f-7010f12d/attempts/20688/  →  200 OK
POST auth/register/  →  201 Created
POST auth/login/  →  200 OK
POST auth/register/  →  400 BadRequest</StdOut>
      </Output>
    </UnitTestResult>
    <UnitTestResult executionId="186854c0-6a5c-4e2d-a474-75df8263247c" testId="a150b4a7-7993-59cf-52aa-837ec1b05c08" testName="TestIT.ApiTests.Tests.ListOrderingTests.TestList_PaginationParamsIgnored_ReturnsAllItems" computerName="DESKTOP-13D0C24" duration="00:00:35.6621613" startTime="2026-03-19T14:48:51.5020579+02:00" endTime="2026-03-19T14:48:51.5020580+02:00" testType="13cdc9d9-ddb5-4fa4-a97d-d965ccfc6d4b" outcome="Passed" testListId="8c84fa94-04c1-424b-9868-57a2d4851a1d" relativeResultsDirectory="186854c0-6a5c-4e2d-a474-75df8263247c">
      <Output>
        <StdOut>POST auth/login/  →  200 OK
POST companies/14540/folders/  →  201 Created</StdOut>
      </Output>
    </UnitTestResult>
    <UnitTestResult executionId="ac265a78-a613-474b-b600-7901db9969e8" testId="c0085a8b-8ff7-7cf6-cf40-21c3c04f1c78" testName="TestIT.ApiTests.Tests.FolderTests.FolderUpdate_WithNewName_RenamesFolderSuccessfully" computerName="DESKTOP-13D0C24" duration="00:00:01.5862917" startTime="2026-03-19T14:50:36.1318613+02:00" endTime="2026-03-19T14:50:36.1318614+02:00" testType="13cdc9d9-ddb5-4fa4-a97d-d965ccfc6d4b" outcome="Passed" testListId="8c84fa94-04c1-424b-9868-57a2d4851a1d" relativeResultsDirectory="ac265a78-a613-474b-b600-7901db9969e8">
      <Output>
        <StdOut>POST auth/login/  →  200 OK
POST companies/  →  201 Created
GET companies/14589/folders/  →  200 OK</StdOut>
      </Output>
    </UnitTestResult>
    <UnitTestResult executionId="e3de9485-a128-437d-b37d-320c8e092582" testId="706d9d93-5c4b-a4f5-c816-86d1be8204c4" testName="TestIT.ApiTests.Tests.DataIntegrityTests.ScoringAccuracy_MultiSelectPartialAnswer_ScoreIsValidPercentage" computerName="DESKTOP-13D0C24" duration="00:00:09.9072707" startTime="2026-03-19T14:49:53.9640965+02:00" endTime="2026-03-19T14:49:53.9640966+02:00" testType="13cdc9d9-ddb5-4fa4-a97d-d965ccfc6d4b" outcome="Passed" testListId="8c84fa94-04c1-424b-9868-57a2d4851a1d" relativeResultsDirectory="e3de9485-a128-437d-b37d-320c8e092582">
      <Output>
        <StdOut>POST auth/login/  →  200 OK
POST tests/scorable-a28c2159-4c09b274/attempts/  →  201 Created
POST tests/multiselect-1a29ac7a-14ad70ba/questions/  →  201 Created
POST tests/company/14569/  →  201 Created
PATCH tests/patch-authcheck-bd47dc77-00e0a9f0/  →  401 Unauthorized
POST auth/register/  →  201 Created
POST tests/ea-analytics-9fb839d9-a9838d25/questions/  →  201 Created</StdOut>
      </Output>
    </UnitTestResult>
    <UnitTestResult executionId="b7855392-416f-4de8-b1e9-b2c7c2777af6" testId="3c440ab9-f194-b592-4c8f-48c4c3461ea4" testName="TestIT.ApiTests.Tests.AnalyticsTests.Analytics_QuestionStats_Difficulty_IsValidScore" computerName="DESKTOP-13D0C24" duration="00:00:18.1593195" startTime="2026-03-19T14:49:17.4814118+02:00" endTime="2026-03-19T14:49:17.4814119+02:00" testType="13cdc9d9-ddb5-4fa4-a97d-d965ccfc6d4b" outcome="Passed" testListId="8c84fa94-04c1-424b-9868-57a2d4851a1d" relativeResultsDirectory="b7855392-416f-4de8-b1e9-b2c7c2777af6">
      <Output>
        <StdOut>POST companies/  →  201 Created
PATCH auth/me/  →  200 OK
POST auth/register/  →  201 Created
GET tests/  →  200 OK
POST auth/login/  →  200 OK
PATCH tests/reassigntest-28ae4c7d-1868a57c/  →  200 OK
POST tests/  →  201 Created</StdOut>
      </Output>
    </UnitTestResult>
    <UnitTestResult executionId="d51ac63b-0d25-42e2-9f41-aeabc0168daa" testId="acb99e3b-8d50-6386-b398-576fbbe4adc1" testName="TestIT.ApiTests.Tests.EdgeCaseTests.GetTest_VeryLongSlug_ShouldHandleGracefully" computerName="DESKTOP-13D0C24" duration="00:00:02.3861836" startTime="2026-03-19T14:50:13.5861697+02:00" endTime="2026-03-19T14:50:13.5861698+02:00" testType="13cdc9d9-ddb5-4fa4-a97d-d965ccfc6d4b" outcome="Passed" testListId="8c84fa94-04c1-424b-9868-57a2d4851a1d" relativeResultsDirectory="d51ac63b-0d25-42e2-9f41-aeabc0168daa">
      <Output>
        <StdOut>GET tests/ms-partial-f23cf160-9f635c02/results/  →  200 OK
POST tests/  →  201 Created
POST tests/datacheck-6e9c833f-7010f12d/questions/  →  201 Created
POST tests/scorable-9a6d3087-84672173/questions/  →  201 Created
POST tests/datacheck-6e9c833f-7010f12d/questions/  →  201 Created
POST auth/register/  →  201 Created
POST auth/login/  →  200 OK
POST tests/scorable-9a6d3087-84672173/attempts/  →  201 Created</StdOut>
      </Output>
    </UnitTestResult>
    <UnitTestResult executionId="d33f17a8-f03d-4e4b-91fb-c53f75ffd46d" testId="a8b7bc2f-1023-77db-f56a-c74be8c48cee" testName="TestIT.ApiTests.Tests.CoverageTests.RemoveMember_AsAdmin_RemovesMemberSuccessfully" computerName="DESKTOP-13D0C24" duration="00:00:06.3331403" startTime="2026-03-19T14:50:23.6067031+02:00" endTime="2026-03-19T14:50:23.6067032+02:00" testType="13cdc9d9-ddb5-4fa4-a97d-d965ccfc6d4b" outcome="Passed" testListId="8c84fa94-04c1-424b-9868-57a2d4851a1d" relativeResultsDirectory="d33f17a8-f03d-4e4b-91fb-c53f75ffd46d">
      <Output>
        <StdOut>POST auth/register/  →  201 Created
POST auth/register/  →  201 Created
GET companies/14580/folders/  →  404 NotFound
POST tests/enumtest-qtype-71996a8e-4b689552/questions/  →  400 BadRequest
PUT tests/singleq-10222b74-cdd2358b/attempts/20692/  →  200 OK
POST tests/  →  201 Created
GET companies/14582/folders/  →  200 OK
POST tests/  →  201 Created
PATCH tests/bulktest2-a0b4e1-95173371/  →  200 OK</StdOut>
      </Output>
    </UnitTestResult>
    <UnitTestResult executionId="cbbb9efd-7b63-4129-8353-29eb610bb34b" testId="46463e41-c058-09b7-69f1-b065fdaecbc7" testName="TestIT.ApiTests.Tests.SecurityTests.InputValidation_NegativeMaxAttempts_IsRejected" computerName="DESKTOP-13D0C24" duration="00:00:07.0872901" startTime="2026-03-19T14:48:54.0725683+02:00" endTime="2026-03-19T14:48:54.0725684+02:00" testType="13cdc9d9-ddb5-4fa4-a97d-d965ccfc6d4b" outcome="Passed" testListId="8c84fa94-04c1-424b-9868-57a2d4851a1d" relativeResultsDirectory="cbbb9efd-7b63-4129-8353-29eb610bb34b">
      <Output>
        <StdOut>POST auth/register/  →  201 Created
POST tests/reorder-a06a9e35-4ce310bf/questions/  →  201 Created</StdOut>
      </Output>
    </UnitTestResult>
    <UnitTestResult executionId="6e74305b-ccae-4658-bd07-0348e18191ee" testId="85041e33-8808-0b11-6ba9-1a94e9a83e4f" testName="TestIT.ApiTests.Tests.CompanyTests.CompanyListing_AfterCreation_IncludesNewCompany" computerName="DESKTOP-13D0C24" duration="00:00:07.7484726" startTime="2026-03-19T14:49:28.6394456+02:00" endTime="2026-03-19T14:49:28.6394457+02:00" testType="13cdc9d9-ddb5-4fa4-a97d-d965ccfc6d4b" outcome="Passed" testListId="8c84fa94-04c1-424b-9868-57a2d4851a1d" relativeResultsDirectory="6e74305b-ccae-4658-bd07-0348e18191ee">
      <Output>
        <StdOut>PUT tests/scorable-dcce9106-aca87444/attempts/20641/  →  200 OK
POST auth/register/  →  201 Created
POST auth/login/  →  200 OK
POST auth/login/  →  200 OK
GET analytics/tests/analyticspass-1ee25b61-adb2a04a/  →  200 OK
POST auth/register/  →  201 Created</StdOut>
      </Output>
    </UnitTestResult>
    <UnitTestResult executionId="c963d6d0-a76d-4246-ba03-a4a61912a295" testId="f5cdb9c4-334b-3611-935f-65e4e006d7b3" testName="TestIT.ApiTests.Tests.CoverageTests.GetCompanyTestDetail_AsMember_ReturnsTestData" computerName="DESKTOP-13D0C24" duration="00:00:13.5559474" startTime="2026-03-19T14:47:49.6745587+02:00" endTime="2026-03-19T14:47:49.6745590+02:00" testType="13cdc9d9-ddb5-4fa4-a97d-d965ccfc6d4b" outcome="Passed" testListId="8c84fa94-04c1-424b-9868-57a2d4851a1d" relativeResultsDirectory="c963d6d0-a76d-4246-ba03-a4a61912a295" />
    <UnitTestResult executionId="9085e9cf-10ff-4e1a-8586-1fe4b2ac3df7" testId="d2b6c5d1-2753-e122-4234-39d328d81def" testName="TestIT.ApiTests.Tests.PerformanceTests.Latency_ListTests_RespondsFast" computerName="DESKTOP-13D0C24" duration="00:00:08.5219064" startTime="2026-03-19T14:47:57.6006010+02:00" endTime="2026-03-19T14:47:57.6006013+02:00" testType="13cdc9d9-ddb5-4fa4-a97d-d965ccfc6d4b" outcome="Passed" testListId="8c84fa94-04c1-424b-9868-57a2d4851a1d" relativeResultsDirectory="9085e9cf-10ff-4e1a-8586-1fe4b2ac3df7">
      <Output>
        <StdOut>POST auth/login/  →  200 OK
GET tests/datacheck-02185080-62a22328/take/  →  200 OK
POST auth/register/  →  201 Created
POST auth/login/  →  200 OK
POST auth/register/  →  201 Created
POST auth/register/  →  201 Created
POST tests/ea-correct-9c20646d-1cc448d3/attempts/20562/submit/  →  200 OK
POST auth/login/  →  200 OK
GET tests/ea-correct-9c20646d-1cc448d3/results/  →  200 OK
PATCH auth/me/  →  401 Unauthorized</StdOut>
      </Output>
    </UnitTestResult>
    <UnitTestResult executionId="828d0179-7481-40c8-9689-f26f9909805c" testId="4cd0805f-5def-f617-393c-9eec53c530a7" testName="TestIT.ApiTests.Tests.CoverageTests.GetCompanyTestDetail_AsNonMember_DeniesAccess" computerName="DESKTOP-13D0C24" duration="00:00:07.7493932" startTime="2026-03-19T14:50:01.1463656+02:00" endTime="2026-03-19T14:50:01.1463656+02:00" testType="13cdc9d9-ddb5-4fa4-a97d-d965ccfc6d4b" outcome="Passed" testListId="8c84fa94-04c1-424b-9868-57a2d4851a1d" relativeResultsDirectory="828d0179-7481-40c8-9689-f26f9909805c">
      <Output>
        <StdOut>POST tests/edgecase-noanswers-1634851a-96e211be/questions/  →  400 BadRequest
POST tests/analyticsstats-a16aa635-2cdeb21b/attempts/20671/submit/  →  200 OK</StdOut>
      </Output>
    </UnitTestResult>
    <UnitTestResult executionId="fb7a49ba-7f05-4799-be27-3d87317e8aa0" testId="8aa89408-51c1-dcc1-ce61-17dbe4c21a50" testName="TestIT.ApiTests.Tests.NewQuestionTypeTests.ExactAnswer_Scoring_ExactTextMatch_ScoresFullMarks" computerName="DESKTOP-13D0C24" duration="00:00:21.1294710" startTime="2026-03-19T14:47:57.2469687+02:00" endTime="2026-03-19T14:47:57.2469690+02:00" testType="13cdc9d9-ddb5-4fa4-a97d-d965ccfc6d4b" outcome="Passed" testListId="8c84fa94-04c1-424b-9868-57a2d4851a1d" relativeResultsDirectory="fb7a49ba-7f05-4799-be27-3d87317e8aa0" />
    <UnitTestResult executionId="76d87c3b-07a8-4e7b-aa96-3c11d683f21f" testId="323dbe2e-d446-b3fa-e018-bfb61c1743c6" testName="TestIT.ApiTests.Tests.CleanupTests.ManualCleanup_DryRun" computerName="DESKTOP-13D0C24" duration="00:00:01.5730830" startTime="2026-03-19T14:50:47.1809472+02:00" endTime="2026-03-19T14:50:47.1809473+02:00" testType="13cdc9d9-ddb5-4fa4-a97d-d965ccfc6d4b" outcome="Passed" testListId="8c84fa94-04c1-424b-9868-57a2d4851a1d" relativeResultsDirectory="76d87c3b-07a8-4e7b-aa96-3c11d683f21f">
      <Output>
        <StdOut>POST auth/register/  →  201 Created
DRY RUN MODE - No data will be deleted

DRY RUN: Would delete 0 tests and 0 companies
  Tests: 0
  Companies: 0</StdOut>
      </Output>
    </UnitTestResult>
    <UnitTestResult executionId="5dd21448-f87a-437c-bb1b-3fb3fe281bc9" testId="cea8fbc4-2ed8-b1a3-e701-a4caa275bbf0" testName="TestIT.ApiTests.Tests.NewQuestionTypeTests.MultiSelect_Scoring_OnlyPartialCorrectAnswers_ScoresZero" computerName="DESKTOP-13D0C24" duration="00:00:05.5967225" startTime="2026-03-19T14:50:11.2634078+02:00" endTime="2026-03-19T14:50:11.2634078+02:00" testType="13cdc9d9-ddb5-4fa4-a97d-d965ccfc6d4b" outcome="Passed" testListId="8c84fa94-04c1-424b-9868-57a2d4851a1d" relativeResultsDirectory="5dd21448-f87a-437c-bb1b-3fb3fe281bc9">
      <Output>
        <StdOut>POST auth/login/  →  200 OK
DELETE companies/14575/folders/99999/  →  404 NotFound
GET tests/datacheck-60685452-601d3844/results/  →  200 OK</StdOut>
      </Output>
    </UnitTestResult>
    <UnitTestResult executionId="24fa8f74-dab5-4e62-8e0a-65a25bb800d0" testId="1615f2fb-067c-184c-5c65-88f6af30dd90" testName="TestIT.ApiTests.Tests.EdgeCaseTests.GetTest_NonExistentSlug_Returns404" computerName="DESKTOP-13D0C24" duration="00:00:05.8703202" startTime="2026-03-19T14:49:20.2818599+02:00" endTime="2026-03-19T14:49:20.2818600+02:00" testType="13cdc9d9-ddb5-4fa4-a97d-d965ccfc6d4b" outcome="Passed" testListId="8c84fa94-04c1-424b-9868-57a2d4851a1d" relativeResultsDirectory="24fa8f74-dab5-4e62-8e0a-65a25bb800d0">
      <Output>
        <StdOut>POST auth/login/  →  200 OK
POST auth/register/  →  201 Created
POST auth/login/  →  200 OK
POST tests/scorable-dcce9106-aca87444/questions/  →  201 Created</StdOut>
      </Output>
    </UnitTestResult>
    <UnitTestResult executionId="caa90116-f192-4cce-a0c8-1d69b7d263a2" testId="fb56f5b7-03e5-c2a2-2e23-6c9e59e8a30d" testName="TestIT.ApiTests.Tests.EdgeCaseTests.CreateTest_ZeroTimeLimit_ShouldBeAllowed" computerName="DESKTOP-13D0C24" duration="00:00:03.3263943" startTime="2026-03-19T14:50:06.7275829+02:00" endTime="2026-03-19T14:50:06.7275830+02:00" testType="13cdc9d9-ddb5-4fa4-a97d-d965ccfc6d4b" outcome="Passed" testListId="8c84fa94-04c1-424b-9868-57a2d4851a1d" relativeResultsDirectory="caa90116-f192-4cce-a0c8-1d69b7d263a2">
      <Output>
        <StdOut>GET tests/ea-update-f9cf9a03-5ab7d3e8/results/  →  200 OK
POST tests/  →  201 Created
POST auth/login/  →  200 OK
POST tests/datacheck-60685452-601d3844/attempts/20681/submit/  →  200 OK
POST tests/  →  201 Created</StdOut>
      </Output>
    </UnitTestResult>
    <UnitTestResult executionId="f87196ce-3412-4f4f-90ef-5ab3a0bd8efe" testId="64498133-7d95-ffaf-b0b1-1f808833cd0f" testName="TestIT.ApiTests.Tests.CleanupTests.AccountCleanup_WithCascadeData_DeletesEverything" computerName="DESKTOP-13D0C24" duration="00:00:02.9233882" startTime="2026-03-19T14:50:42.1355928+02:00" endTime="2026-03-19T14:50:42.1355929+02:00" testType="13cdc9d9-ddb5-4fa4-a97d-d965ccfc6d4b" outcome="Passed" testListId="8c84fa94-04c1-424b-9868-57a2d4851a1d" relativeResultsDirectory="f87196ce-3412-4f4f-90ef-5ab3a0bd8efe">
      <Output>
        <StdOut>Testing CASCADE DELETE with account cleanup...

POST auth/login/  →  200 OK
Created account 'cleanup_cascade_4bd5908a@example.com' with:
  - 2 tests
  - 3 questions total

DELETE auth/me/  →  204 NoContent
POST auth/login/  →  401 Unauthorized
✓ Account and all cascade data deleted successfully</StdOut>
      </Output>
    </UnitTestResult>
    <UnitTestResult executionId="930e3ef7-dfa8-4b74-9389-aa7974d2dc04" testId="1f16b627-a073-dc72-dafe-c268e8c2c026" testName="TestIT.ApiTests.Tests.DataIntegrityTests.ScoringAccuracy_SingleQuestionTest_ScoresCorrectly" computerName="DESKTOP-13D0C24" duration="00:00:07.1573574" startTime="2026-03-19T14:50:21.7500686+02:00" endTime="2026-03-19T14:50:21.7500687+02:00" testType="13cdc9d9-ddb5-4fa4-a97d-d965ccfc6d4b" outcome="Passed" testListId="8c84fa94-04c1-424b-9868-57a2d4851a1d" relativeResultsDirectory="930e3ef7-dfa8-4b74-9389-aa7974d2dc04">
      <Output>
        <StdOut>POST auth/register/  →  201 Created
POST tests/ms-correctpluswrong-c8b5a42d-f41d4f8d/attempts/  →  201 Created
POST tests/  →  201 Created
POST companies/  →  201 Created
POST tests/wrongpw-d68522c8-7e578016/verify-password/  →  400 BadRequest
POST auth/register/  →  201 Created
POST auth/login/  →  200 OK
POST auth/login/  →  200 OK
GET tests/singleq-10222b74-cdd2358b/results/  →  200 OK</StdOut>
      </Output>
    </UnitTestResult>
    <UnitTestResult executionId="e018bb63-d6fc-4086-a184-3854167a85d6" testId="dae74f3f-b74a-7d34-81b3-60f24b0a24cb" testName="TestIT.ApiTests.Tests.InviteTests.InviteAcceptance_WithValidToken_AddsUserToCompany" computerName="DESKTOP-13D0C24" duration="00:00:19.2191053" startTime="2026-03-19T14:49:11.4367896+02:00" endTime="2026-03-19T14:49:11.4367897+02:00" testType="13cdc9d9-ddb5-4fa4-a97d-d965ccfc6d4b" outcome="Passed" testListId="8c84fa94-04c1-424b-9868-57a2d4851a1d" relativeResultsDirectory="e018bb63-d6fc-4086-a184-3854167a85d6">
      <Output>
        <StdOut>POST auth/register/  →  201 Created
POST tests/analyticscompletion-3ee6cef8-c344e7ab/attempts/  →  201 Created
POST tests/  →  201 Created</StdOut>
      </Output>
    </UnitTestResult>
    <UnitTestResult executionId="a91b4b2a-3ba0-4418-baae-962f2100f0da" testId="99633abd-ff94-d339-f1ca-810fd436e074" testName="TestIT.ApiTests.Tests.DataIntegrityTests.DataConsistency_QuestionOrderChange_DoesNotCorruptAttempts" computerName="DESKTOP-13D0C24" duration="00:00:25.0750119" startTime="2026-03-19T14:48:01.1929030+02:00" endTime="2026-03-19T14:48:01.1929032+02:00" testType="13cdc9d9-ddb5-4fa4-a97d-d965ccfc6d4b" outcome="Passed" testListId="8c84fa94-04c1-424b-9868-57a2d4851a1d" relativeResultsDirectory="a91b4b2a-3ba0-4418-baae-962f2100f0da" />
    <UnitTestResult executionId="6f2eed41-fad0-4def-87f8-3d4c732a6d0c" testId="9c2e63f2-7f36-1ce1-9b2a-096adc2f76b7" testName="TestIT.ApiTests.Tests.TestTakingTests.AttemptSubmission_AllCorrectAnswers_ScoresFullMarks" computerName="DESKTOP-13D0C24" duration="00:00:17.8135446" startTime="2026-03-19T14:49:26.3052123+02:00" endTime="2026-03-19T14:49:26.3052125+02:00" testType="13cdc9d9-ddb5-4fa4-a97d-d965ccfc6d4b" outcome="Passed" testListId="8c84fa94-04c1-424b-9868-57a2d4851a1d" relativeResultsDirectory="6f2eed41-fad0-4def-87f8-3d4c732a6d0c">
      <Output>
        <StdOut>GET tests/analyticsdiff-f768f184-736efc95/take/  →  200 OK
POST auth/register/  →  201 Created
POST auth/register/  →  201 Created
POST auth/login/  →  200 OK
POST auth/login/  →  200 OK
POST tests/datacheck-befdd530-87ba20ff/questions/  →  201 Created
POST tests/analyticsdiff-f768f184-736efc95/attempts/20637/submit/  →  200 OK</StdOut>
      </Output>
    </UnitTestResult>
    <UnitTestResult executionId="b3739e90-368f-47e5-91ee-0149d280bcc0" testId="96d4f4ed-37d0-dd4e-7e42-1e7b57bfed8f" testName="TestIT.ApiTests.Tests.CoverageTests.UpdateMemberRole_ByNonAdmin_DeniesAccess" computerName="DESKTOP-13D0C24" duration="00:00:06.4237877" startTime="2026-03-19T14:50:30.9479490+02:00" endTime="2026-03-19T14:50:30.9479490+02:00" testType="13cdc9d9-ddb5-4fa4-a97d-d965ccfc6d4b" outcome="Passed" testListId="8c84fa94-04c1-424b-9868-57a2d4851a1d" relativeResultsDirectory="b3739e90-368f-47e5-91ee-0149d280bcc0">
      <Output>
        <StdOut>POST companies/  →  201 Created
POST auth/login/  →  200 OK
POST companies/  →  201 Created
GET companies/14585/folders/5509/  →  200 OK
POST companies/14584/invites/  →  201 Created</StdOut>
      </Output>
    </UnitTestResult>
    <UnitTestResult executionId="35240724-5fe2-4a8a-be04-b20c55dcafbb" testId="2ce57d47-7022-90e0-4319-86c63661ab8f" testName="TestIT.ApiTests.Tests.PatchTests.PatchTest_VisibilityOnly_UpdatesVisibilityPreservesTitle" computerName="DESKTOP-13D0C24" duration="00:00:04.8017305" startTime="2026-03-19T14:49:36.0249596+02:00" endTime="2026-03-19T14:49:36.0249597+02:00" testType="13cdc9d9-ddb5-4fa4-a97d-d965ccfc6d4b" outcome="Passed" testListId="8c84fa94-04c1-424b-9868-57a2d4851a1d" relativeResultsDirectory="35240724-5fe2-4a8a-be04-b20c55dcafbb">
      <Output>
        <StdOut>POST auth/login/  →  200 OK
POST tests/  →  201 Created</StdOut>
      </Output>
    </UnitTestResult>
    <UnitTestResult executionId="d991bfa6-c401-4e78-84a5-b7d96dcd43a5" testId="6f2dad0b-1c82-b1af-1eb5-1443770d0748" testName="TestIT.ApiTests.Tests.AnalyticsTests.Analytics_WhenUnauthenticated_DeniesAccess" computerName="DESKTOP-13D0C24" duration="00:00:05.4414384" startTime="2026-03-19T14:49:35.0506781+02:00" endTime="2026-03-19T14:49:35.0506782+02:00" testType="13cdc9d9-ddb5-4fa4-a97d-d965ccfc6d4b" outcome="Passed" testListId="8c84fa94-04c1-424b-9868-57a2d4851a1d" relativeResultsDirectory="d991bfa6-c401-4e78-84a5-b7d96dcd43a5">
      <Output>
        <StdOut>POST auth/login/  →  200 OK
POST tests/analyticsschema-63ec39fa-86f426cc/attempts/20648/submit/  →  200 OK</StdOut>
      </Output>
    </UnitTestResult>
    <UnitTestResult executionId="ed6bb1df-3cf0-485c-b7d9-6bc1bbec2f70" testId="4a68e844-bfd5-77f4-86ca-727557eb9de8" testName="TestIT.ApiTests.Tests.PatchTests.PatchFolder_MoveToParent_UpdatesParentSuccessfully" computerName="DESKTOP-13D0C24" duration="00:00:10.4604136" startTime="2026-03-19T14:49:24.1652858+02:00" endTime="2026-03-19T14:49:24.1652859+02:00" testType="13cdc9d9-ddb5-4fa4-a97d-d965ccfc6d4b" outcome="Passed" testListId="8c84fa94-04c1-424b-9868-57a2d4851a1d" relativeResultsDirectory="ed6bb1df-3cf0-485c-b7d9-6bc1bbec2f70" />
    <UnitTestResult executionId="ddda1fda-ab5d-4b4b-86a9-dede92bd55c8" testId="54dcd4b7-ea78-7f57-250e-c3569887e961" testName="TestIT.ApiTests.Tests.SchemaValidationTests.Schema_CompanyResponse_HasRequiredFields" computerName="DESKTOP-13D0C24" duration="00:00:08.7129066" startTime="2026-03-19T14:48:09.4393117+02:00" endTime="2026-03-19T14:48:09.4393119+02:00" testType="13cdc9d9-ddb5-4fa4-a97d-d965ccfc6d4b" outcome="Passed" testListId="8c84fa94-04c1-424b-9868-57a2d4851a1d" relativeResultsDirectory="ddda1fda-ab5d-4b4b-86a9-dede92bd55c8">
      <Output>
        <StdOut>POST tests/ms-mixed-989229bc-b24cc4d7/questions/  →  201 Created
GET tests/resultsorder-aec152e8-2101007b/results/  →  200 OK
POST tests/ms-mixed-989229bc-b24cc4d7/questions/  →  201 Created
POST companies/  →  201 Created
POST auth/login/  →  200 OK</StdOut>
      </Output>
    </UnitTestResult>
    <UnitTestResult executionId="f7f8e823-faad-4d80-9f1b-186cbffe8704" testId="59bb4123-cb04-dd6b-2341-41bc4af9b796" testName="TestIT.ApiTests.Tests.CoverageTests.GetQuestion_WithValidId_ReturnsQuestionData" computerName="DESKTOP-13D0C24" duration="00:00:10.2006697" startTime="2026-03-19T14:49:09.9972008+02:00" endTime="2026-03-19T14:49:09.9972009+02:00" testType="13cdc9d9-ddb5-4fa4-a97d-d965ccfc6d4b" outcome="Passed" testListId="8c84fa94-04c1-424b-9868-57a2d4851a1d" relativeResultsDirectory="f7f8e823-faad-4d80-9f1b-186cbffe8704">
      <Output>
        <StdOut>POST auth/register/  →  201 Created
POST tests/scorable-47ebb676-40ef3a8f/attempts/  →  201 Created</StdOut>
      </Output>
    </UnitTestResult>
    <UnitTestResult executionId="70cd23d9-17dc-4113-b8a5-ad1e73a1dee7" testId="79fea687-80cb-53a8-fcde-d9b083a4f0fe" testName="TestIT.ApiTests.Tests.AnalyticsTests.Analytics_PassRate_IsNullWithNoSubmissions_AndValidAfter" computerName="DESKTOP-13D0C24" duration="00:00:12.1273702" startTime="2026-03-19T14:49:29.6090726+02:00" endTime="2026-03-19T14:49:29.6090727+02:00" testType="13cdc9d9-ddb5-4fa4-a97d-d965ccfc6d4b" outcome="Passed" testListId="8c84fa94-04c1-424b-9868-57a2d4851a1d" relativeResultsDirectory="70cd23d9-17dc-4113-b8a5-ad1e73a1dee7">
      <Output>
        <StdOut>POST auth/refresh/  →  401 Unauthorized
POST tests/  →  201 Created
POST tests/datacheck-befdd530-87ba20ff/attempts/20639/submit/  →  200 OK
POST tests/  →  201 Created
PUT tests/ms-update-a5ae9ec6-9fb836a9/questions/44149/  →  200 OK
POST tests/datacheck-befdd530-87ba20ff/attempts/  →  201 Created</StdOut>
      </Output>
    </UnitTestResult>
    <UnitTestResult executionId="422100f1-f97a-4dc5-b087-33eaceeef082" testId="5f5171d2-04b0-231c-ebb5-4998630eeeeb" testName="TestIT.ApiTests.Tests.CompanyTests.CompanyUpdate_WithValidData_UpdatesCompanySuccessfully" computerName="DESKTOP-13D0C24" duration="00:00:05.7719500" startTime="2026-03-19T14:49:34.4114190+02:00" endTime="2026-03-19T14:49:34.4114191+02:00" testType="13cdc9d9-ddb5-4fa4-a97d-d965ccfc6d4b" outcome="Passed" testListId="8c84fa94-04c1-424b-9868-57a2d4851a1d" relativeResultsDirectory="422100f1-f97a-4dc5-b087-33eaceeef082" />
    <UnitTestResult executionId="d30d1f90-1689-4a2f-83ad-7a368e0ec3ea" testId="2076740d-0684-ea94-a4c5-0be8c46cc270" testName="TestIT.ApiTests.Tests.LatestFeatureTests.MultiSelect_MixedTest_WithMultipleChoiceQuestion_EachScoredIndependently" computerName="DESKTOP-13D0C24" duration="00:00:22.9632663" startTime="2026-03-19T14:48:16.0574857+02:00" endTime="2026-03-19T14:48:16.0574859+02:00" testType="13cdc9d9-ddb5-4fa4-a97d-d965ccfc6d4b" outcome="Passed" testListId="8c84fa94-04c1-424b-9868-57a2d4851a1d" relativeResultsDirectory="d30d1f90-1689-4a2f-83ad-7a368e0ec3ea">
      <Output>
        <StdOut>PUT tests/ea-correct-9c20646d-1cc448d3/attempts/20562/  →  200 OK
POST tests/  →  201 Created</StdOut>
      </Output>
    </UnitTestResult>
    <UnitTestResult executionId="8623e40d-4313-4f62-9825-3a301b207590" testId="06baf47a-26c1-a2c0-0192-3510d160d8f7" testName="TestIT.ApiTests.Tests.LatestFeatureTests.ExactAnswer_MixedTest_WithMultipleChoiceQuestion_ScoresCorrectly" computerName="DESKTOP-13D0C24" duration="00:00:13.1609971" startTime="2026-03-19T14:49:33.4229879+02:00" endTime="2026-03-19T14:49:33.4229880+02:00" testType="13cdc9d9-ddb5-4fa4-a97d-d965ccfc6d4b" outcome="Passed" testListId="8c84fa94-04c1-424b-9868-57a2d4851a1d" relativeResultsDirectory="8623e40d-4313-4f62-9825-3a301b207590">
      <Output>
        <StdOut>PUT tests/original-title-591f5429/  →  200 OK
GET tests/company/14557/deleteme-bb8978-e768aac4/  →  404 NotFound
POST tests/datacheck-befdd530-87ba20ff/attempts/20640/submit/  →  200 OK
POST tests/datacheck-befdd530-87ba20ff/attempts/  →  201 Created
POST auth/register/  →  201 Created
POST auth/login/  →  200 OK
POST tests/perfsubmit-042f1356-4e4331ee/attempts/  →  201 Created
POST auth/login/  →  200 OK
POST auth/login/  →  200 OK
POST tests/  →  201 Created
POST tests/  →  201 Created
POST companies/  →  201 Created
POST tests/analyticspass-1ee25b61-adb2a04a/attempts/20645/submit/  →  200 OK
GET tests/  →  401 Unauthorized
GET auth/me/  →  200 OK
POST auth/login/  →  200 OK
POST tests/  →  201 Created
POST auth/register/  →  201 Created
PUT tests/ea-mixed-5ff7e5d3-ed8b1d58/attempts/20649/  →  200 OK</StdOut>
      </Output>
    </UnitTestResult>
    <UnitTestResult executionId="69226138-20a4-4d5a-ac5a-2c781b642a22" testId="117d59d7-7a85-1d6d-f41d-80c2b2e50b1d" testName="TestIT.ApiTests.Tests.CompanyTests.CompanyTestCreation_WithValidData_CreatesTestInCompany" computerName="DESKTOP-13D0C24" duration="00:00:10.4587310" startTime="2026-03-19T14:48:11.1784089+02:00" endTime="2026-03-19T14:48:11.1784091+02:00" testType="13cdc9d9-ddb5-4fa4-a97d-d965ccfc6d4b" outcome="Passed" testListId="8c84fa94-04c1-424b-9868-57a2d4851a1d" relativeResultsDirectory="69226138-20a4-4d5a-ac5a-2c781b642a22" />
    <UnitTestResult executionId="53af9150-9e59-4c24-8008-ca046bf3b0f0" testId="4b0c8161-512d-4e90-a45f-dd71945c02b9" testName="TestIT.ApiTests.Tests.PatchTests.PatchCompany_Name_UpdatesNameSuccessfully" computerName="DESKTOP-13D0C24" duration="00:00:30.0304443" startTime="2026-03-19T14:48:52.1963145+02:00" endTime="2026-03-19T14:48:52.1963145+02:00" testType="13cdc9d9-ddb5-4fa4-a97d-d965ccfc6d4b" outcome="Passed" testListId="8c84fa94-04c1-424b-9868-57a2d4851a1d" relativeResultsDirectory="53af9150-9e59-4c24-8008-ca046bf3b0f0">
      <Output>
        <StdOut>POST tests/  →  201 Created
POST auth/login/  →  200 OK
POST auth/login/  →  200 OK
POST tests/  →  201 Created</StdOut>
      </Output>
    </UnitTestResult>
    <UnitTestResult executionId="3ca304da-31a6-4a5e-939d-30f64ada1f86" testId="6ef94195-d023-b4ba-c817-3f962088524a" testName="TestIT.ApiTests.Tests.AuthenticationTests.Registration_WithValidCredentials_CreatesUserAccount" computerName="DESKTOP-13D0C24" duration="00:00:01.6484135" startTime="2026-03-19T14:47:48.8831607+02:00" endTime="2026-03-19T14:47:48.8831610+02:00" testType="13cdc9d9-ddb5-4fa4-a97d-d965ccfc6d4b" outcome="Passed" testListId="8c84fa94-04c1-424b-9868-57a2d4851a1d" relativeResultsDirectory="3ca304da-31a6-4a5e-939d-30f64ada1f86">
      <Output>
        <StdOut>POST tests/  →  201 Created
POST companies/  →  201 Created
POST tests/  →  201 Created
POST companies/  →  201 Created</StdOut>
      </Output>
    </UnitTestResult>
    <UnitTestResult executionId="08b26a58-3050-4422-a206-65905f286ae6" testId="4fa5d943-0d43-8021-8f93-080fff07b688" testName="TestIT.ApiTests.Tests.DataIntegrityTests.Immutability_SubmittedAttempts_CannotBeModified" computerName="DESKTOP-13D0C24" duration="00:00:02.4226977" startTime="2026-03-19T14:50:24.1730116+02:00" endTime="2026-03-19T14:50:24.1730117+02:00" testType="13cdc9d9-ddb5-4fa4-a97d-d965ccfc6d4b" outcome="Passed" testListId="8c84fa94-04c1-424b-9868-57a2d4851a1d" relativeResultsDirectory="08b26a58-3050-4422-a206-65905f286ae6">
      <Output>
        <StdOut>POST auth/login/  →  200 OK
POST companies/14582/folders/  →  201 Created
PATCH tests/bulktest1-cd1d5c-1e8de174/  →  200 OK
GET companies/14582/folders/5508/  →  200 OK</StdOut>
      </Output>
    </UnitTestResult>
    <UnitTestResult executionId="1a5bd59e-bc43-46ed-8412-1cf0d2f57585" testId="0619282b-fc75-bd3f-8ff1-d5512b0933fd" testName="TestIT.ApiTests.Tests.QuestionManagementTests.QuestionReorder_WithValidOrder_ReordersSuccessfully" computerName="DESKTOP-13D0C24" duration="00:00:38.4284330" startTime="2026-03-19T14:48:54.0840370+02:00" endTime="2026-03-19T14:48:54.0840371+02:00" testType="13cdc9d9-ddb5-4fa4-a97d-d965ccfc6d4b" outcome="Passed" testListId="8c84fa94-04c1-424b-9868-57a2d4851a1d" relativeResultsDirectory="1a5bd59e-bc43-46ed-8412-1cf0d2f57585" />
    <UnitTestResult executionId="cc0948a4-fc0c-4bc9-942e-40a2e931a34e" testId="def0097c-f5a6-eace-bc25-d03060eee23d" testName="TestIT.ApiTests.Tests.SchemaValidationTests.Schema_AnalyticsResponse_HasRequiredFields" computerName="DESKTOP-13D0C24" duration="00:00:11.3892955" startTime="2026-03-19T14:49:32.3072856+02:00" endTime="2026-03-19T14:49:32.3072857+02:00" testType="13cdc9d9-ddb5-4fa4-a97d-d965ccfc6d4b" outcome="Passed" testListId="8c84fa94-04c1-424b-9868-57a2d4851a1d" relativeResultsDirectory="cc0948a4-fc0c-4bc9-942e-40a2e931a34e">
      <Output>
        <StdOut>POST tests/  →  201 Created
GET tests/ms-hidecorrect-cb5d7a13-d1000945/take/  →  200 OK
POST auth/register/  →  201 Created
POST tests/datacheck-befdd530-87ba20ff/attempts/20644/submit/  →  200 OK
POST tests/ea-wrong-684822c2-a8002687/questions/  →  201 Created</StdOut>
      </Output>
    </UnitTestResult>
    <UnitTestResult executionId="6ff99f05-02cd-473a-8885-cea167a251f3" testId="6aeba8c3-911e-0c27-412b-6c5bfa1d8c4e" testName="TestIT.ApiTests.Tests.AuthenticationTests.Registration_WithMissingRequiredFields_RejectsRequest" computerName="DESKTOP-13D0C24" duration="00:00:02.6814785" startTime="2026-03-19T14:48:05.4454111+02:00" endTime="2026-03-19T14:48:05.4454113+02:00" testType="13cdc9d9-ddb5-4fa4-a97d-d965ccfc6d4b" outcome="Passed" testListId="8c84fa94-04c1-424b-9868-57a2d4851a1d" relativeResultsDirectory="6ff99f05-02cd-473a-8885-cea167a251f3">
      <Output>
        <StdOut>POST auth/login/  →  200 OK
POST tests/  →  201 Created
POST tests/  →  201 Created
POST auth/register/  →  400 BadRequest</StdOut>
      </Output>
    </UnitTestResult>
    <UnitTestResult executionId="cc0b7157-d783-465c-b5e0-2710cc90d71b" testId="89c2591c-53e4-6511-c896-d4b1a8cc2079" testName="TestIT.ApiTests.Tests.InviteTests.InviteCreation_DuplicatePendingInvite_RejectsRequest" computerName="DESKTOP-13D0C24" duration="00:00:20.7594865" startTime="2026-03-19T14:47:57.2633020+02:00" endTime="2026-03-19T14:47:57.2633022+02:00" testType="13cdc9d9-ddb5-4fa4-a97d-d965ccfc6d4b" outcome="Passed" testListId="8c84fa94-04c1-424b-9868-57a2d4851a1d" relativeResultsDirectory="cc0b7157-d783-465c-b5e0-2710cc90d71b">
      <Output>
        <StdOut>POST auth/register/  →  201 Created
POST auth/register/  →  201 Created
POST companies/14529/folders/  →  201 Created
POST tests/anonstart-4b141509-cc98b519/questions/  →  201 Created
POST tests/ea-correct-9c20646d-1cc448d3/attempts/  →  201 Created</StdOut>
      </Output>
    </UnitTestResult>
    <UnitTestResult executionId="22e24c36-1c0e-4dad-a902-32f9ea06e4be" testId="1e901065-80a9-75d0-64d3-acb29abd7f9c" testName="TestIT.ApiTests.Tests.FolderTests.FolderListing_AfterDeletion_FolderNoLongerAppears" computerName="DESKTOP-13D0C24" duration="00:00:04.8672613" startTime="2026-03-19T14:50:03.3750174+02:00" endTime="2026-03-19T14:50:03.3750175+02:00" testType="13cdc9d9-ddb5-4fa4-a97d-d965ccfc6d4b" outcome="Passed" testListId="8c84fa94-04c1-424b-9868-57a2d4851a1d" relativeResultsDirectory="22e24c36-1c0e-4dad-a902-32f9ea06e4be">
      <Output>
        <StdOut>PUT tests/ea-case-65055be0-a02c2925/attempts/20674/  →  200 OK
GET tests/company/14571/guardtest-eca3fa-5c4c8508/  →  404 NotFound
POST tests/datacheck-75c9f72c-e93361da/attempts/20675/submit/  →  200 OK</StdOut>
      </Output>
    </UnitTestResult>
    <UnitTestResult executionId="d7eb4c18-bec7-4197-b674-93cf097d7935" testId="e8d558b7-37cd-8fc2-6140-55a236521997" testName="TestIT.ApiTests.Tests.CompanyTests.CompanyCreation_WithValidData_CreatesCompanySuccessfully" computerName="DESKTOP-13D0C24" duration="00:00:06.2034126" startTime="2026-03-19T14:49:03.8066850+02:00" endTime="2026-03-19T14:49:03.8066851+02:00" testType="13cdc9d9-ddb5-4fa4-a97d-d965ccfc6d4b" outcome="Passed" testListId="8c84fa94-04c1-424b-9868-57a2d4851a1d" relativeResultsDirectory="d7eb4c18-bec7-4197-b674-93cf097d7935">
      <Output>
        <StdOut>GET analytics/tests/analyticscompletion-3ee6cef8-c344e7ab/  →  200 OK
POST tests/  →  201 Created
POST tests/scorable-47ebb676-40ef3a8f/questions/  →  201 Created
POST tests/edgecase-noanswerssubmit-6afc5d61-f9047918/questions/  →  201 Created
POST auth/register/  →  201 Created
POST auth/login/  →  200 OK
GET tests/scorable-47ebb676-40ef3a8f/take/  →  200 OK
POST tests/edgecase-noanswerssubmit-6afc5d61-f9047918/attempts/  →  201 Created
GET auth/me/  →  200 OK
POST auth/register/  →  201 Created</StdOut>
      </Output>
    </UnitTestResult>
    <UnitTestResult executionId="35121acc-568d-473f-9905-8b599464d7b8" testId="d4d2e508-84b0-9ddf-76dd-ba7946b5577c" testName="TestIT.ApiTests.Tests.SecurityTests.DataExposure_PasswordNotReturned_InProfileEndpoint" computerName="DESKTOP-13D0C24" duration="00:00:07.5712401" startTime="2026-03-19T14:49:17.5109528+02:00" endTime="2026-03-19T14:49:17.5109529+02:00" testType="13cdc9d9-ddb5-4fa4-a97d-d965ccfc6d4b" outcome="Passed" testListId="8c84fa94-04c1-424b-9868-57a2d4851a1d" relativeResultsDirectory="35121acc-568d-473f-9905-8b599464d7b8">
      <Output>
        <StdOut>POST auth/register/  →  201 Created
POST tests/company/14555/  →  201 Created
POST auth/register/  →  201 Created
POST auth/register/  →  201 Created</StdOut>
      </Output>
    </UnitTestResult>
    <UnitTestResult executionId="b58ba2d4-fc9c-4175-ba4c-39d46f0f0e2f" testId="f2988e85-cda9-e1e5-875f-bfbe29642659" testName="TestIT.ApiTests.Tests.EdgeCaseTests.SubmitAttempt_NoAnswersSaved_ShouldScoreZero" computerName="DESKTOP-13D0C24" duration="00:00:14.0251740" startTime="2026-03-19T14:49:05.1631542+02:00" endTime="2026-03-19T14:49:05.1631543+02:00" testType="13cdc9d9-ddb5-4fa4-a97d-d965ccfc6d4b" outcome="Passed" testListId="8c84fa94-04c1-424b-9868-57a2d4851a1d" relativeResultsDirectory="b58ba2d4-fc9c-4175-ba4c-39d46f0f0e2f">
      <Output>
        <StdOut>POST auth/register/  →  201 Created
POST companies/14543/folders/  →  201 Created
POST companies/  →  201 Created
POST tests/datacheck-1c03c843-7ecfb01f/questions/  →  201 Created
POST auth/register/  →  201 Created
POST auth/register/  →  201 Created
POST companies/  →  201 Created
POST companies/  →  401 Unauthorized</StdOut>
      </Output>
    </UnitTestResult>
    <UnitTestResult executionId="a533b444-e3e1-4421-b96d-6659148d1fbb" testId="36a86305-2ad6-2cbe-c210-07f475fb27f2" testName="TestIT.ApiTests.Tests.EdgeCaseTests.GetTest_InvalidSlugFormat_Returns404" computerName="DESKTOP-13D0C24" duration="00:00:11.3641287" startTime="2026-03-19T14:47:47.8494443+02:00" endTime="2026-03-19T14:47:47.8494445+02:00" testType="13cdc9d9-ddb5-4fa4-a97d-d965ccfc6d4b" outcome="Passed" testListId="8c84fa94-04c1-424b-9868-57a2d4851a1d" relativeResultsDirectory="a533b444-e3e1-4421-b96d-6659148d1fbb">
      <Output>
        <StdOut>POST auth/register/  →  201 Created
POST auth/register/  →  201 Created
POST auth/register/  →  201 Created
POST auth/login/  →  200 OK
POST auth/register/  →  201 Created
POST tests/  →  201 Created
POST auth/login/  →  200 OK
POST auth/login/  →  200 OK
POST tests/  →  201 Created
POST tests/readstress-a5324eec-a99a7982/questions/  →  201 Created</StdOut>
      </Output>
    </UnitTestResult>
    <UnitTestResult executionId="5e25f803-dba9-4cbb-bd06-253b24c32d8e" testId="d6b579fd-218f-325b-768b-7696505f7820" testName="TestIT.ApiTests.Tests.MissingCoverageTests.TokenRefresh_WithInvalidToken_DeniesAccess" computerName="DESKTOP-13D0C24" duration="00:00:02.2012600" startTime="2026-03-19T14:49:17.5402975+02:00" endTime="2026-03-19T14:49:17.5402977+02:00" testType="13cdc9d9-ddb5-4fa4-a97d-d965ccfc6d4b" outcome="Passed" testListId="8c84fa94-04c1-424b-9868-57a2d4851a1d" relativeResultsDirectory="5e25f803-dba9-4cbb-bd06-253b24c32d8e" />
    <UnitTestResult executionId="c92fed23-6e2c-49cb-a8fe-70d7ccdd75b7" testId="54d48306-79cf-5a4b-f121-8ec3ddfd25f0" testName="TestIT.ApiTests.Tests.MissingCoverageTests.InviteAcceptance_ByWrongUser_RejectsRequest" computerName="DESKTOP-13D0C24" duration="00:00:12.5923255" startTime="2026-03-19T14:49:44.9106903+02:00" endTime="2026-03-19T14:49:44.9106905+02:00" testType="13cdc9d9-ddb5-4fa4-a97d-d965ccfc6d4b" outcome="Passed" testListId="8c84fa94-04c1-424b-9868-57a2d4851a1d" relativeResultsDirectory="c92fed23-6e2c-49cb-a8fe-70d7ccdd75b7">
      <Output>
        <StdOut>POST auth/login/  →  200 OK</StdOut>
      </Output>
    </UnitTestResult>
    <UnitTestResult executionId="b83f8a5c-4b9c-42cd-8a0c-b01cf04e1f09" testId="a611a340-b1e4-3f9c-0420-d62d9c055ffb" testName="TestIT.ApiTests.Tests.FolderTests.FolderDeletion_ByNonOwner_DeniesAccess" computerName="DESKTOP-13D0C24" duration="00:00:11.0833926" startTime="2026-03-19T14:49:52.3617565+02:00" endTime="2026-03-19T14:49:52.3617573+02:00" testType="13cdc9d9-ddb5-4fa4-a97d-d965ccfc6d4b" outcome="Passed" testListId="8c84fa94-04c1-424b-9868-57a2d4851a1d" relativeResultsDirectory="b83f8a5c-4b9c-42cd-8a0c-b01cf04e1f09">
      <Output>
        <StdOut>POST tests/  →  201 Created
POST auth/register/  →  201 Created
POST tests/  →  413 RequestEntityTooLarge
POST auth/login/  →  200 OK</StdOut>
      </Output>
    </UnitTestResult>
    <UnitTestResult executionId="cadc546c-0436-44f2-af81-ec7ae982ddff" testId="3bad0803-9eb3-d0bd-f518-c812ccd45333" testName="TestIT.ApiTests.Tests.PerformanceTests.Latency_GetAnalytics_RespondsFast" computerName="DESKTOP-13D0C24" duration="00:00:16.6540715" startTime="2026-03-19T14:48:14.9553354+02:00" endTime="2026-03-19T14:48:14.9553356+02:00" testType="13cdc9d9-ddb5-4fa4-a97d-d965ccfc6d4b" outcome="Passed" testListId="8c84fa94-04c1-424b-9868-57a2d4851a1d" relativeResultsDirectory="cadc546c-0436-44f2-af81-ec7ae982ddff">
      <Output>
        <StdOut>PUT tests/updateq-f1115ec4-beedf5c9/questions/44009/  →  200 OK
POST auth/register/  →  201 Created
POST auth/register/  →  201 Created
PUT tests/analyticsdist-f1c0f48f-45734e7b/attempts/20569/  →  200 OK
GET tests/datacheck-02185080-62a22328/results/  →  200 OK
POST auth/login/  →  200 OK
POST auth/login/  →  200 OK
POST auth/register/  →  201 Created</StdOut>
      </Output>
    </UnitTestResult>
    <UnitTestResult executionId="0c6656c1-95c5-4fed-aab2-e7ea8b49c0bc" testId="4585e2f6-7056-249a-30e9-1671cc7d9fec" testName="TestIT.ApiTests.Tests.NewQuestionTypeTests.MultiSelect_Scoring_AllCorrectAnswersSelected_ScoresFullMarks" computerName="DESKTOP-13D0C24" duration="00:00:17.5924227" startTime="2026-03-19T14:49:13.7123211+02:00" endTime="2026-03-19T14:49:13.7123212+02:00" testType="13cdc9d9-ddb5-4fa4-a97d-d965ccfc6d4b" outcome="Passed" testListId="8c84fa94-04c1-424b-9868-57a2d4851a1d" relativeResultsDirectory="0c6656c1-95c5-4fed-aab2-e7ea8b49c0bc">
      <Output>
        <StdOut>GET companies/14543/folders/  →  200 OK
POST auth/login/  →  200 OK
GET tests/datacheck-1c03c843-7ecfb01f/take/  →  200 OK</StdOut>
      </Output>
    </UnitTestResult>
    <UnitTestResult executionId="fe89df5e-6508-4672-af91-9c11fa293359" testId="ee04b3ab-771a-9fc7-c081-b98d9dbf2886" testName="TestIT.ApiTests.Tests.SchemaValidationTests.Schema_QuestionResponse_HasRequiredFields" computerName="DESKTOP-13D0C24" duration="00:00:10.3569545" startTime="2026-03-19T14:48:00.0289444+02:00" endTime="2026-03-19T14:48:00.0289446+02:00" testType="13cdc9d9-ddb5-4fa4-a97d-d965ccfc6d4b" outcome="Passed" testListId="8c84fa94-04c1-424b-9868-57a2d4851a1d" relativeResultsDirectory="fe89df5e-6508-4672-af91-9c11fa293359">
      <Output>
        <StdOut>GET tests/analyticsdist-f1c0f48f-45734e7b/take/  →  200 OK
POST auth/register/  →  400 BadRequest</StdOut>
      </Output>
    </UnitTestResult>
    <UnitTestResult executionId="5cfa0f8e-2ffa-461d-956d-100f171cd0f4" testId="017a703d-f63e-ef97-bf87-7b92d43cc499" testName="TestIT.ApiTests.Tests.EdgeCaseTests.SaveAnswers_EmptyAnswersList_ShouldWork" computerName="DESKTOP-13D0C24" duration="00:00:14.3440174" startTime="2026-03-19T14:48:11.1611455+02:00" endTime="2026-03-19T14:48:11.1611457+02:00" testType="13cdc9d9-ddb5-4fa4-a97d-d965ccfc6d4b" outcome="Passed" testListId="8c84fa94-04c1-424b-9868-57a2d4851a1d" relativeResultsDirectory="5cfa0f8e-2ffa-461d-956d-100f171cd0f4">
      <Output>
        <StdOut>PUT tests/analyticsdist-f1c0f48f-45734e7b/attempts/20565/  →  200 OK
POST companies/14533/invites/  →  201 Created
PUT companies/14529/folders/5486/  →  403 Forbidden
POST auth/login/  →  200 OK
POST tests/  →  201 Created
POST tests/  →  201 Created
POST tests/analyticsdist-f1c0f48f-45734e7b/attempts/20565/submit/  →  200 OK
POST companies/14533/invites/  →  400 BadRequest
POST auth/login/  →  200 OK</StdOut>
      </Output>
    </UnitTestResult>
    <UnitTestResult executionId="effa7f6d-f647-418b-ab30-6e85bdbab194" testId="e31b02fe-0db6-e971-257c-2193af429852" testName="TestIT.ApiTests.Tests.NewQuestionTypeTests.ExactAnswer_Scoring_EmptySubmission_ScoresZero" computerName="DESKTOP-13D0C24" duration="00:00:38.4364113" startTime="2026-03-19T14:48:46.8770474+02:00" endTime="2026-03-19T14:48:46.8770474+02:00" testType="13cdc9d9-ddb5-4fa4-a97d-d965ccfc6d4b" outcome="Passed" testListId="8c84fa94-04c1-424b-9868-57a2d4851a1d" relativeResultsDirectory="effa7f6d-f647-418b-ab30-6e85bdbab194">
      <Output>
        <StdOut>POST auth/register/  →  400 BadRequest
DELETE tests/company/14535/guarddel-6ee108-f8621787/  →  404 NotFound
PUT tests/scorable-ea521665-a8de2762/attempts/20621/  →  200 OK
POST tests/datacheck-04dc9ed5-e6e11bf7/questions/  →  201 Created
GET auth/me/  →  401 Unauthorized
POST auth/login/  →  200 OK
POST tests/  →  201 Created</StdOut>
      </Output>
    </UnitTestResult>
    <UnitTestResult executionId="f1bdb2a2-dcfb-4f1f-97bc-86348ddb6f84" testId="b0a2eb94-ebd7-85e5-ac16-488cb9d1da1a" testName="TestIT.ApiTests.Tests.PatchTests.PatchTest_ByNonOwner_DeniesAccess" computerName="DESKTOP-13D0C24" duration="00:00:19.9737829" startTime="2026-03-19T14:47:56.4483530+02:00" endTime="2026-03-19T14:47:56.4483532+02:00" testType="13cdc9d9-ddb5-4fa4-a97d-d965ccfc6d4b" outcome="Passed" testListId="8c84fa94-04c1-424b-9868-57a2d4851a1d" relativeResultsDirectory="f1bdb2a2-dcfb-4f1f-97bc-86348ddb6f84">
      <Output>
        <StdOut>POST auth/register/  →  201 Created
POST auth/register/  →  201 Created
POST auth/register/  →  201 Created
POST auth/login/  →  200 OK
POST auth/login/  →  200 OK
POST auth/login/  →  200 OK
POST tests/datacheck-02185080-62a22328/questions/  →  201 Created
POST auth/login/  →  200 OK
POST tests/  →  201 Created
POST tests/analyticsdist-f1c0f48f-45734e7b/questions/  →  201 Created
POST tests/perfattempt-62d8da24-d96bc5a4/attempts/  →  201 Created
POST auth/register/  →  201 Created</StdOut>
      </Output>
    </UnitTestResult>
    <UnitTestResult executionId="6641af95-b71d-485b-8cfc-ff29b23a0f84" testId="c505ae2a-88b6-5b8d-adbe-d303278fcb02" testName="TestIT.ApiTests.Tests.CompanyTests.CompanyTestListing_AsAdmin_ReturnsCompanyTests" computerName="DESKTOP-13D0C24" duration="00:00:20.9297183" startTime="2026-03-19T14:48:55.7149790+02:00" endTime="2026-03-19T14:48:55.7149791+02:00" testType="13cdc9d9-ddb5-4fa4-a97d-d965ccfc6d4b" outcome="Passed" testListId="8c84fa94-04c1-424b-9868-57a2d4851a1d" relativeResultsDirectory="6641af95-b71d-485b-8cfc-ff29b23a0f84">
      <Output>
        <StdOut>POST tests/  →  201 Created
POST auth/register/  →  201 Created</StdOut>
      </Output>
    </UnitTestResult>
    <UnitTestResult executionId="f5aac8f8-81df-4547-b595-0e6e49121703" testId="8613c665-de93-a74e-339f-2cd3fd388f2f" testName="TestIT.ApiTests.Tests.PatchTests.PatchCompany_ByNonMember_DeniesAccess" computerName="DESKTOP-13D0C24" duration="00:00:13.2485214" startTime="2026-03-19T14:49:13.7042914+02:00" endTime="2026-03-19T14:49:13.7042915+02:00" testType="13cdc9d9-ddb5-4fa4-a97d-d965ccfc6d4b" outcome="Passed" testListId="8c84fa94-04c1-424b-9868-57a2d4851a1d" relativeResultsDirectory="f5aac8f8-81df-4547-b595-0e6e49121703">
      <Output>
        <StdOut>POST auth/register/  →  201 Created
POST auth/login/  →  200 OK</StdOut>
      </Output>
    </UnitTestResult>
    <UnitTestResult executionId="957799e4-7786-40ee-9723-4b5c7e6d0b03" testId="93806483-d1aa-660b-e8c9-d98d8ad5bb1b" testName="TestIT.ApiTests.Tests.FolderTests.FolderUpdate_NonExistentId_ReturnsNotFound" computerName="DESKTOP-13D0C24" duration="00:00:02.3433042" startTime="2026-03-19T14:50:13.7349250+02:00" endTime="2026-03-19T14:50:13.7349250+02:00" testType="13cdc9d9-ddb5-4fa4-a97d-d965ccfc6d4b" outcome="Passed" testListId="8c84fa94-04c1-424b-9868-57a2d4851a1d" relativeResultsDirectory="957799e4-7786-40ee-9723-4b5c7e6d0b03">
      <Output>
        <StdOut>POST auth/register/  →  201 Created
POST auth/register/  →  201 Created
POST auth/login/  →  200 OK
GET tests/aaaaaaaaaaaaaaaaaaaaaaaaaaaaaaaaaaaaaaaaaaaaaaaaaaaaaaaaaaaaaaaaaaaaaaaaaaaaaaaaaaaaaaaaaaaaaaaaaaaaaaaaaaaaaaaaaaaaaaaaaaaaaaaaaaaaaaaaaaaaaaaaaaaaaaaaaaaaaaaaaaaaaaaaaaaaaaaaaaaaaaaaaaaaaaaaaaaaaaaaaaaaaaaaaaaaaaaaaaaaaaaaaaaaaaaaaaaaaaaaaaaaaaaaaaaaaaaaaaaaaaaaaaaaaaaaaaaaaaaaaaaaaaaaaaaaaaaaaaaaaaaaaaaaaaaaaaaaaaaaaaaaaaaaaaaaaaaaaaaaaaaaaaaaaaaaaaaaaaaaaaaaaaaaaaaaaaaaaaaaaaaaaaaaaaaaaaaaaaaaaaaaaaaaaaaaaaaaaaaaaaaaaaaaaaaaaaaaaaaaaaaaaaaaaaaaaaaaaaaaaaaaaaaaaaaaaaaaaaaaaaaaaaaaaaaaaaaaaaaa/  →  404 NotFound
POST tests/ms-correctpluswrong-c8b5a42d-f41d4f8d/questions/  →  201 Created</StdOut>
      </Output>
    </UnitTestResult>
    <UnitTestResult executionId="515f979a-65b4-4b98-9d50-da0c2623ab4f" testId="5625b1e8-61b6-a2fc-56a6-359ea15df749" testName="TestIT.ApiTests.Tests.MissingCoverageTests.ResultDetail_AsUnauthenticatedUser_DeniesAccess" computerName="DESKTOP-13D0C24" duration="00:00:21.4253683" startTime="2026-03-19T14:47:57.5432816+02:00" endTime="2026-03-19T14:47:57.5432817+02:00" testType="13cdc9d9-ddb5-4fa4-a97d-d965ccfc6d4b" outcome="Passed" testListId="8c84fa94-04c1-424b-9868-57a2d4851a1d" relativeResultsDirectory="515f979a-65b4-4b98-9d50-da0c2623ab4f" />
    <UnitTestResult executionId="d8fb741e-8285-498c-97fd-ac38bfccc11c" testId="423093a9-1d79-fb33-27cd-861b2bdaa6ae" testName="TestIT.ApiTests.Tests.CleanupTests.Diagnostic_VerifyDeleteEndpoint_Works" computerName="DESKTOP-13D0C24" duration="00:00:02.0005559" startTime="2026-03-19T14:50:45.6075958+02:00" endTime="2026-03-19T14:50:45.6075959+02:00" testType="13cdc9d9-ddb5-4fa4-a97d-d965ccfc6d4b" outcome="Passed" testListId="8c84fa94-04c1-424b-9868-57a2d4851a1d" relativeResultsDirectory="d8fb741e-8285-498c-97fd-ac38bfccc11c">
      <Output>
        <StdOut>=== Verifying DELETE /auth/me/ Endpoint ===

POST auth/register/  →  201 Created
POST auth/login/  →  200 OK
DELETE /auth/me/ returned: NoContent
✓ DELETE endpoint works correctly
✓ Account deletion verified (login fails with 401)</StdOut>
      </Output>
    </UnitTestResult>
    <UnitTestResult executionId="8124d646-1f89-4381-8351-8a71d79ec282" testId="3da51cd3-867f-dfcb-efa4-9a9ad5412802" testName="TestIT.ApiTests.Tests.EdgeCaseTests.CreateTest_EmptyPassword_ShouldWork" computerName="DESKTOP-13D0C24" duration="00:00:27.4597471" startTime="2026-03-19T14:48:51.1376287+02:00" endTime="2026-03-19T14:48:51.1376288+02:00" testType="13cdc9d9-ddb5-4fa4-a97d-d965ccfc6d4b" outcome="Passed" testListId="8c84fa94-04c1-424b-9868-57a2d4851a1d" relativeResultsDirectory="8124d646-1f89-4381-8351-8a71d79ec282">
      <Output>
        <StdOut>POST tests/student-test-89c2322f-aab21fe2/attempts/20628/submit/  →  200 OK
POST tests/  →  201 Created
POST companies/  →  201 Created
POST tests/resultschema-8fd75321-3f9cb176/attempts/20629/submit/  →  200 OK
DELETE tests/test-to-delete-24cd3f4d/  →  204 NoContent
POST tests/perfresults-1983e749-52afa1a9/attempts/  →  201 Created
POST auth/register/  →  201 Created</StdOut>
      </Output>
    </UnitTestResult>
    <UnitTestResult executionId="8616d6c7-2f70-4d81-9a4f-50e151d99b7c" testId="8f38639a-2c2e-0e5b-6ff3-b93eafa1ddf9" testName="TestIT.ApiTests.Tests.TestsManagementTests.TestDetails_WithNonExistentSlug_ReturnsNotFound" computerName="DESKTOP-13D0C24" duration="00:00:07.3347989" startTime="2026-03-19T14:48:04.5582580+02:00" endTime="2026-03-19T14:48:04.5582592+02:00" testType="13cdc9d9-ddb5-4fa4-a97d-d965ccfc6d4b" outcome="Passed" testListId="8c84fa94-04c1-424b-9868-57a2d4851a1d" relativeResultsDirectory="8616d6c7-2f70-4d81-9a4f-50e151d99b7c">
      <Output>
        <StdOut>GET tests/resultac-ec5aadfa-faca4de5/results/20561/  →  401 Unauthorized
POST tests/updateq-f1115ec4-beedf5c9/questions/  →  201 Created
POST tests/analyticsdist-f1c0f48f-45734e7b/attempts/  →  201 Created
POST tests/company/14532/  →  403 Forbidden
POST auth/register/  →  201 Created
POST auth/login/  →  200 OK
POST auth/register/  →  201 Created
POST tests/analyticsdist-f1c0f48f-45734e7b/attempts/20569/submit/  →  200 OK</StdOut>
      </Output>
    </UnitTestResult>
    <UnitTestResult executionId="6b469671-d316-42ea-b08c-229322c66c9b" testId="1e0bd796-126d-cc9c-d1ed-339824d16a64" testName="TestIT.ApiTests.Tests.PatchTests.PatchProfile_FirstNameOnly_UpdatesFirstNamePreservesLastName" computerName="DESKTOP-13D0C24" duration="00:00:07.0574326" startTime="2026-03-19T14:49:31.2230592+02:00" endTime="2026-03-19T14:49:31.2230593+02:00" testType="13cdc9d9-ddb5-4fa4-a97d-d965ccfc6d4b" outcome="Passed" testListId="8c84fa94-04c1-424b-9868-57a2d4851a1d" relativeResultsDirectory="6b469671-d316-42ea-b08c-229322c66c9b">
      <Output>
        <StdOut>POST auth/register/  →  201 Created
POST tests/company/14561/  →  201 Created
POST companies/  →  201 Created
POST auth/login/  →  200 OK
POST tests/datacheck-befdd530-87ba20ff/attempts/  →  201 Created</StdOut>
      </Output>
    </UnitTestResult>
    <UnitTestResult executionId="d8d01bc9-51b8-4dc3-8c4c-2639678c3789" testId="fea3f28f-d8b8-779b-0b3b-1e0d803702e6" testName="TestIT.ApiTests.Tests.SchemaValidationTests.Schema_AttemptResponse_HasRequiredFields" computerName="DESKTOP-13D0C24" duration="00:00:08.3403378" startTime="2026-03-19T14:49:10.5509344+02:00" endTime="2026-03-19T14:49:10.5509345+02:00" testType="13cdc9d9-ddb5-4fa4-a97d-d965ccfc6d4b" outcome="Passed" testListId="8c84fa94-04c1-424b-9868-57a2d4851a1d" relativeResultsDirectory="d8d01bc9-51b8-4dc3-8c4c-2639678c3789">
      <Output>
        <StdOut>POST auth/login/  →  200 OK
POST companies/  →  201 Created</StdOut>
      </Output>
    </UnitTestResult>
    <UnitTestResult executionId="cc2d7e1a-5c94-471d-b362-3a4f64809ca6" testId="f3c5d1b5-7646-8c47-ecb1-9e83e8d2be08" testName="TestIT.ApiTests.Tests.NewQuestionTypeTests.MultiSelect_Scoring_CorrectPlusWrongAnswers_ScoresZero" computerName="DESKTOP-13D0C24" duration="00:00:05.2469184" startTime="2026-03-19T14:50:16.5105532+02:00" endTime="2026-03-19T14:50:16.5105533+02:00" testType="13cdc9d9-ddb5-4fa4-a97d-d965ccfc6d4b" outcome="Passed" testListId="8c84fa94-04c1-424b-9868-57a2d4851a1d" relativeResultsDirectory="cc2d7e1a-5c94-471d-b362-3a4f64809ca6">
      <Output>
        <StdOut>POST tests/resdetail-def59de5-db16e6aa/attempts/20686/submit/  →  200 OK
GET tests/resdetail-def59de5-db16e6aa/results/  →  200 OK
PUT companies/14578/folders/99999/  →  404 NotFound
POST tests/datacheck-6e9c833f-7010f12d/attempts/20688/submit/  →  200 OK</StdOut>
      </Output>
    </UnitTestResult>
    <UnitTestResult executionId="75d09e53-ae25-4d4e-af50-68ebac5af860" testId="c111cef1-f66c-bf86-aa74-fb6656b853ad" testName="TestIT.ApiTests.Tests.CoverageTests.DeleteCompanyTest_AsAdmin_RemovesTestSuccessfully" computerName="DESKTOP-13D0C24" duration="00:00:10.2178586" startTime="2026-03-19T14:49:20.8840862+02:00" endTime="2026-03-19T14:49:20.8840864+02:00" testType="13cdc9d9-ddb5-4fa4-a97d-d965ccfc6d4b" outcome="Passed" testListId="8c84fa94-04c1-424b-9868-57a2d4851a1d" relativeResultsDirectory="75d09e53-ae25-4d4e-af50-68ebac5af860">
      <Output>
        <StdOut>POST auth/register/  →  201 Created
PUT tests/analyticsdiff-f768f184-736efc95/attempts/20637/  →  200 OK</StdOut>
      </Output>
    </UnitTestResult>
    <UnitTestResult executionId="f9eb3246-2ae7-4738-838d-8ff455f35d1d" testId="afcb550b-755f-dfaf-52b0-7d2491a9c38e" testName="TestIT.ApiTests.Tests.AuthenticationTests.Login_WithMissingPassword_RejectsRequest" computerName="DESKTOP-13D0C24" duration="00:00:02.9748763" startTime="2026-03-19T14:48:02.7635006+02:00" endTime="2026-03-19T14:48:02.7635011+02:00" testType="13cdc9d9-ddb5-4fa4-a97d-d965ccfc6d4b" outcome="Passed" testListId="8c84fa94-04c1-424b-9868-57a2d4851a1d" relativeResultsDirectory="f9eb3246-2ae7-4738-838d-8ff455f35d1d">
      <Output>
        <StdOut>POST tests/resultssec-bdcb18f1-71b63df4/attempts/20568/submit/  →  200 OK
POST tests/scorable-ea521665-a8de2762/questions/  →  201 Created
POST auth/login/  →  200 OK
POST auth/login/  →  400 BadRequest</StdOut>
      </Output>
    </UnitTestResult>
    <UnitTestResult executionId="48def8b5-ecfb-42f1-9daf-0ee573da99af" testId="b41febf1-bfef-088f-e589-0d773957e991" testName="TestIT.ApiTests.Tests.CompanyTests.MemberListing_NewCompany_CreatorIsOnlyAdmin" computerName="DESKTOP-13D0C24" duration="00:00:06.4669216" startTime="2026-03-19T14:49:20.8905470+02:00" endTime="2026-03-19T14:49:20.8905471+02:00" testType="13cdc9d9-ddb5-4fa4-a97d-d965ccfc6d4b" outcome="Passed" testListId="8c84fa94-04c1-424b-9868-57a2d4851a1d" relativeResultsDirectory="48def8b5-ecfb-42f1-9daf-0ee573da99af">
      <Output>
        <StdOut>POST auth/login/  →  200 OK
GET tests/  →  200 OK
POST auth/login/  →  200 OK
POST companies/  →  201 Created
POST auth/login/  →  200 OK
POST auth/login/  →  200 OK
POST auth/register/  →  201 Created
POST tests/takeschema-4d0ee34d-760cadf8/questions/  →  201 Created
POST tests/  →  201 Created
POST auth/register/  →  400 BadRequest
POST companies/14559/folders/  →  201 Created</StdOut>
      </Output>
    </UnitTestResult>
    <UnitTestResult executionId="9341cf37-3ee6-40de-bac1-c7d34170d2f2" testId="ed9b18ee-b5f6-4433-3a42-b29263696dff" testName="TestIT.ApiTests.Tests.EdgeCaseTests.CreateQuestion_EmptyQuestionText_ShouldFail" computerName="DESKTOP-13D0C24" duration="00:00:08.5792921" startTime="2026-03-19T14:49:14.4110844+02:00" endTime="2026-03-19T14:49:14.4110846+02:00" testType="13cdc9d9-ddb5-4fa4-a97d-d965ccfc6d4b" outcome="Passed" testListId="8c84fa94-04c1-424b-9868-57a2d4851a1d" relativeResultsDirectory="9341cf37-3ee6-40de-bac1-c7d34170d2f2">
      <Output>
        <StdOut>POST companies/14548/invites/  →  201 Created
POST auth/login/  →  200 OK
POST companies/  →  201 Created
POST tests/getq-548b30b4-289f4f30/questions/  →  201 Created</StdOut>
      </Output>
    </UnitTestResult>
    <UnitTestResult executionId="bfc3bdd2-842d-41de-b1b9-78d0ae008baa" testId="5a01c72a-10b5-b97a-89b6-da9951d9bf96" testName="TestIT.ApiTests.Tests.StressTests.StressTest_ConcurrentTestCreations_HandlesLoad" computerName="DESKTOP-13D0C24" duration="00:00:05.2855430" startTime="2026-03-19T14:48:52.1730448+02:00" endTime="2026-03-19T14:48:52.1730449+02:00" testType="13cdc9d9-ddb5-4fa4-a97d-d965ccfc6d4b" outcome="Passed" testListId="8c84fa94-04c1-424b-9868-57a2d4851a1d" relativeResultsDirectory="bfc3bdd2-842d-41de-b1b9-78d0ae008baa">
      <Output>
        <StdOut>POST auth/register/  →  201 Created</StdOut>
      </Output>
    </UnitTestResult>
    <UnitTestResult executionId="bb73df15-678f-4689-8ed7-cc140d01bd1d" testId="959ff67b-bff2-8510-8b98-811b5986bf73" testName="TestIT.ApiTests.Tests.NewQuestionTypeTests.MultiSelect_Creation_WithMultipleCorrectAnswers_Succeeds" computerName="DESKTOP-13D0C24" duration="00:00:06.6394263" startTime="2026-03-19T14:49:47.9203159+02:00" endTime="2026-03-19T14:49:47.9203160+02:00" testType="13cdc9d9-ddb5-4fa4-a97d-d965ccfc6d4b" outcome="Passed" testListId="8c84fa94-04c1-424b-9868-57a2d4851a1d" relativeResultsDirectory="bb73df15-678f-4689-8ed7-cc140d01bd1d">
      <Output>
        <StdOut>POST auth/login/  →  200 OK
POST auth/login/  →  200 OK
POST auth/login/  →  200 OK</StdOut>
      </Output>
    </UnitTestResult>
    <UnitTestResult executionId="ca4223c7-12c3-47e0-8d57-7d70d3f92f04" testId="55fd053a-3a19-3e5f-dd47-f15e2aa87372" testName="TestIT.ApiTests.Tests.FolderTests.FolderDeletion_WithValidId_RemovesFolder" computerName="DESKTOP-13D0C24" duration="00:00:06.1473867" startTime="2026-03-19T14:49:58.5073636+02:00" endTime="2026-03-19T14:49:58.5073637+02:00" testType="13cdc9d9-ddb5-4fa4-a97d-d965ccfc6d4b" outcome="Passed" testListId="8c84fa94-04c1-424b-9868-57a2d4851a1d" relativeResultsDirectory="ca4223c7-12c3-47e0-8d57-7d70d3f92f04">
      <Output>
        <StdOut>POST tests/ea-hideca-f9aca3e9-eee52b1d/questions/  →  201 Created
POST auth/login/  →  200 OK
POST auth/login/  →  200 OK
POST auth/register/  →  201 Created
POST tests/verifypw-d9e540d9-e090c078/verify-password/  →  200 OK
POST auth/login/  →  200 OK
POST tests/ea-analytics-9fb839d9-a9838d25/attempts/20672/submit/  →  200 OK
POST companies/  →  201 Created</StdOut>
      </Output>
    </UnitTestResult>
    <UnitTestResult executionId="62335ba6-adde-4164-9691-6d499ffa6d99" testId="b8755375-a2cd-f86a-7c15-bbb3d19e3a4e" testName="TestIT.ApiTests.Tests.DataIntegrityTests.DataConsistency_DraftSaveDoesNotAffectFinalScore" computerName="DESKTOP-13D0C24" duration="00:00:19.5433661" startTime="2026-03-19T14:49:06.5492422+02:00" endTime="2026-03-19T14:49:06.5492423+02:00" testType="13cdc9d9-ddb5-4fa4-a97d-d965ccfc6d4b" outcome="Passed" testListId="8c84fa94-04c1-424b-9868-57a2d4851a1d" relativeResultsDirectory="62335ba6-adde-4164-9691-6d499ffa6d99">
      <Output>
        <StdOut>GET tests/resultschema-8fd75321-3f9cb176/results/  →  200 OK
POST auth/login/  →  200 OK
POST auth/register/  →  201 Created
POST companies/  →  201 Created
POST tests/  →  201 Created
POST auth/login/  →  200 OK
GET tests/public/  →  200 OK
POST tests/  →  201 Created
POST auth/register/  →  201 Created
POST tests/integration-test-d4ccec26-45068a95/questions/  →  201 Created
POST auth/login/  →  200 OK
POST auth/register/  →  201 Created
POST auth/register/  →  201 Created
POST tests/company/14547/  →  201 Created
POST tests/datacheck-1c03c843-7ecfb01f/attempts/  →  201 Created
PATCH tests/patch-original-9e9b4770-8bafce53/  →  200 OK
PATCH tests/company/14547/origtitle-39a465-c799d6ce/  →  200 OK
POST tests/  →  201 Created
POST tests/  →  201 Created
POST auth/register/  →  201 Created
POST auth/register/  →  201 Created
PUT tests/scorable-47ebb676-40ef3a8f/attempts/20635/  →  200 OK
POST auth/login/  →  200 OK</StdOut>
      </Output>
    </UnitTestResult>
    <UnitTestResult executionId="f6a47850-d179-4ff5-928c-6bccbb011dc8" testId="7ea34c97-b276-91ad-a88b-275a437e02ec" testName="TestIT.ApiTests.Tests.MissingCoverageTests.CompanyFolders_ByNonMember_DeniesAccess" computerName="DESKTOP-13D0C24" duration="00:00:11.5012232" startTime="2026-03-19T14:49:32.3179877+02:00" endTime="2026-03-19T14:49:32.3179877+02:00" testType="13cdc9d9-ddb5-4fa4-a97d-d965ccfc6d4b" outcome="Passed" testListId="8c84fa94-04c1-424b-9868-57a2d4851a1d" relativeResultsDirectory="f6a47850-d179-4ff5-928c-6bccbb011dc8">
      <Output>
        <StdOut>POST tests/ms-hidecorrect-cb5d7a13-d1000945/questions/  →  201 Created
GET tests/takeschema-4d0ee34d-760cadf8/take/  →  200 OK
POST auth/register/  →  201 Created
POST auth/register/  →  201 Created
POST tests/analyticspass-1ee25b61-adb2a04a/questions/  →  201 Created</StdOut>
      </Output>
    </UnitTestResult>
    <UnitTestResult executionId="ff154ac6-c4a1-4c9a-bc79-6a3282001d81" testId="7ce0c43f-4bf4-bc3e-6cfe-8d8cabcdf11b" testName="TestIT.ApiTests.Tests.CleanupTests.ManualCleanup_DeleteAllTestData" computerName="DESKTOP-13D0C24" duration="00:00:01.5847349" startTime="2026-03-19T14:50:39.2118262+02:00" endTime="2026-03-19T14:50:39.2118262+02:00" testType="13cdc9d9-ddb5-4fa4-a97d-d965ccfc6d4b" outcome="Passed" testListId="8c84fa94-04c1-424b-9868-57a2d4851a1d" relativeResultsDirectory="ff154ac6-c4a1-4c9a-bc79-6a3282001d81">
      <Output>
        <StdOut>⚠ WARNING: Deleting all test data!

Deleted 0 tests and 0 companies
  Tests: 0
  Companies: 0</StdOut>
      </Output>
    </UnitTestResult>
    <UnitTestResult executionId="8e4ffd7e-14e2-4f0e-b407-769490a4eb56" testId="27629542-2e8f-cc2c-0ec3-3d00dcb26b63" testName="TestIT.ApiTests.Tests.FolderTests.TestFolderAssignment_WithValidFolder_AssignsTestToFolder" computerName="DESKTOP-13D0C24" duration="00:00:01.6248148" startTime="2026-03-19T14:50:31.2621574+02:00" endTime="2026-03-19T14:50:31.2621575+02:00" testType="13cdc9d9-ddb5-4fa4-a97d-d965ccfc6d4b" outcome="Passed" testListId="8c84fa94-04c1-424b-9868-57a2d4851a1d" relativeResultsDirectory="8e4ffd7e-14e2-4f0e-b407-769490a4eb56">
      <Output>
        <StdOut>POST auth/login/  →  200 OK
POST companies/  →  201 Created</StdOut>
      </Output>
    </UnitTestResult>
    <UnitTestResult executionId="5cc08dfc-3273-410d-bdcd-47ca112496ad" testId="8056ac32-972e-1b73-bdbb-d9926551f533" testName="TestIT.ApiTests.Tests.FolderTests.FolderUpdate_WithEmptyName_ReturnsBadRequest" computerName="DESKTOP-13D0C24" duration="00:00:01.5558790" startTime="2026-03-19T14:50:32.8183848+02:00" endTime="2026-03-19T14:50:32.8183849+02:00" testType="13cdc9d9-ddb5-4fa4-a97d-d965ccfc6d4b" outcome="Passed" testListId="8c84fa94-04c1-424b-9868-57a2d4851a1d" relativeResultsDirectory="5cc08dfc-3273-410d-bdcd-47ca112496ad" />
    <UnitTestResult executionId="bfe59cc9-087c-4e2a-bc76-61359d7ab2f3" testId="e75ed2bd-ee9d-2812-55b8-09bf67d0efd0" testName="TestIT.ApiTests.Tests.FolderTests.FolderCreation_WithParent_CreatesNestedFolderStructure" computerName="DESKTOP-13D0C24" duration="00:00:13.5295594" startTime="2026-03-19T14:49:10.8718249+02:00" endTime="2026-03-19T14:49:10.8718250+02:00" testType="13cdc9d9-ddb5-4fa4-a97d-d965ccfc6d4b" outcome="Passed" testListId="8c84fa94-04c1-424b-9868-57a2d4851a1d" relativeResultsDirectory="bfe59cc9-087c-4e2a-bc76-61359d7ab2f3">
      <Output>
        <StdOut>POST auth/login/  →  200 OK
POST auth/login/  →  200 OK
GET auth/me/  →  200 OK
POST tests/  →  201 Created
POST auth/login/  →  200 OK
PUT tests/datacheck-1c03c843-7ecfb01f/attempts/20633/  →  200 OK
PATCH tests/reassigntest-28ae4c7d-1868a57c/  →  200 OK</StdOut>
      </Output>
    </UnitTestResult>
    <UnitTestResult executionId="52d818c3-623d-44e5-803c-dce18c0bd005" testId="94aac3e4-2a3b-6fd1-fee9-a26ba94c40c3" testName="TestIT.ApiTests.Tests.FolderTests.TestFolderAssignment_MultipleTests_CountReflectsAllAssignments" computerName="DESKTOP-13D0C24" duration="00:00:04.1734548" startTime="2026-03-19T14:50:23.7946577+02:00" endTime="2026-03-19T14:50:23.7946578+02:00" testType="13cdc9d9-ddb5-4fa4-a97d-d965ccfc6d4b" outcome="Passed" testListId="8c84fa94-04c1-424b-9868-57a2d4851a1d" relativeResultsDirectory="52d818c3-623d-44e5-803c-dce18c0bd005" />
    <UnitTestResult executionId="ac35cfa3-0a13-4610-a402-025593960cf7" testId="74d917f8-1db3-a5af-cf08-bc8e1834268f" testName="TestIT.ApiTests.Tests.PerformanceTests.Latency_StartAttempt_RespondsFast" computerName="DESKTOP-13D0C24" duration="00:00:12.6033329" startTime="2026-03-19T14:47:49.0782576+02:00" endTime="2026-03-19T14:47:49.0782579+02:00" testType="13cdc9d9-ddb5-4fa4-a97d-d965ccfc6d4b" outcome="Passed" testListId="8c84fa94-04c1-424b-9868-57a2d4851a1d" relativeResultsDirectory="ac35cfa3-0a13-4610-a402-025593960cf7" />
    <UnitTestResult executionId="b82ae015-89da-469d-b073-42fd680bbcd5" testId="3870bcbb-3ab9-e215-2bde-108419f2d75d" testName="TestIT.ApiTests.Tests.IntegrationTests.CrossCompanySecurity_UserBCannotAccessUserACompany" computerName="DESKTOP-13D0C24" duration="00:00:16.8242596" startTime="2026-03-19T14:49:20.2295846+02:00" endTime="2026-03-19T14:49:20.2295847+02:00" testType="13cdc9d9-ddb5-4fa4-a97d-d965ccfc6d4b" outcome="Passed" testListId="8c84fa94-04c1-424b-9868-57a2d4851a1d" relativeResultsDirectory="b82ae015-89da-469d-b073-42fd680bbcd5">
      <Output>
        <StdOut>POST companies/  →  201 Created
POST tests/datacheck-1c03c843-7ecfb01f/attempts/20633/submit/  →  200 OK
POST companies/14550/folders/  →  201 Created
GET tests/detailed-test-35ec7547/  →  200 OK
POST auth/login/  →  200 OK
POST auth/login/  →  200 OK
POST auth/login/  →  200 OK
POST auth/login/  →  200 OK
POST companies/  →  201 Created
POST auth/login/  →  200 OK
POST tests/  →  201 Created
POST tests/  →  201 Created</StdOut>
      </Output>
    </UnitTestResult>
    <UnitTestResult executionId="1404c999-beae-488b-b7b2-7fff464b5bac" testId="cfcbb197-30f7-7302-d2ab-e1d4794f968e" testName="TestIT.ApiTests.Tests.AuthenticationTests.TokenRefresh_WithValidRefreshToken_IssuesNewAccessToken" computerName="DESKTOP-13D0C24" duration="00:00:09.0210288" startTime="2026-03-19T14:48:19.6010566+02:00" endTime="2026-03-19T14:48:19.6010569+02:00" testType="13cdc9d9-ddb5-4fa4-a97d-d965ccfc6d4b" outcome="Passed" testListId="8c84fa94-04c1-424b-9868-57a2d4851a1d" relativeResultsDirectory="1404c999-beae-488b-b7b2-7fff464b5bac">
      <Output>
        <StdOut>POST auth/register/  →  201 Created
POST tests/company/14538/  →  201 Created
POST auth/register/  →  201 Created
POST tests/student-test-89c2322f-aab21fe2/questions/  →  201 Created
PUT tests/ms-mixed-989229bc-b24cc4d7/attempts/20623/  →  200 OK
POST tests/  →  201 Created
DELETE tests/deleteqverify-257858af-55fd1ce8/questions/44020/  →  204 NoContent
POST tests/perfanalytics-0ab687f8-31f6c1d5/attempts/20624/submit/  →  200 OK
PATCH tests/metatest-e2725d02-fce96763/  →  200 OK
POST auth/login/  →  200 OK
POST tests/  →  201 Created
POST tests/datacheck-04dc9ed5-e6e11bf7/attempts/  →  201 Created
POST auth/login/  →  200 OK
GET companies/14537/invites/  →  200 OK
GET tests/  →  200 OK
GET tests/public/  →  200 OK
POST auth/login/  →  200 OK
POST companies/  →  201 Created
POST auth/login/  →  200 OK
POST auth/register/  →  201 Created</StdOut>
      </Output>
    </UnitTestResult>
    <UnitTestResult executionId="e4ea7c43-42bc-47a6-82af-268f22c6742a" testId="c81093c3-d854-5679-ac8f-37c161dd7066" testName="TestIT.ApiTests.Tests.FolderTests.FolderDeletion_WithAssignedTest_TestRecordRemainsIntact" computerName="DESKTOP-13D0C24" duration="00:00:01.7268301" startTime="2026-03-19T14:50:34.5453307+02:00" endTime="2026-03-19T14:50:34.5453308+02:00" testType="13cdc9d9-ddb5-4fa4-a97d-d965ccfc6d4b" outcome="Passed" testListId="8c84fa94-04c1-424b-9868-57a2d4851a1d" relativeResultsDirectory="e4ea7c43-42bc-47a6-82af-268f22c6742a">
      <Output>
        <StdOut>POST auth/login/  →  200 OK
POST companies/14588/folders/  →  201 Created
GET companies/14588/folders/  →  200 OK
[...]
    <TestEntry testId="63089914-3851-a444-bda7-883635304cba" executionId="edbbf9a8-80b0-48d3-b8a9-db2b41127f55" testListId="8c84fa94-04c1-424b-9868-57a2d4851a1d" />
    <TestEntry testId="3f151d07-3058-1f50-8b25-20739b907c0a" executionId="5fdab146-4166-4fbf-9835-a671d4710aee" testListId="8c84fa94-04c1-424b-9868-57a2d4851a1d" />
    <TestEntry testId="b12f6f53-7496-c359-585f-7d21dd9068ed" executionId="998b7c05-a098-490d-a04f-0c80ea813fda" testListId="8c84fa94-04c1-424b-9868-57a2d4851a1d" />
    <TestEntry testId="49f7c86b-7181-85f5-2a83-f61ed2039fc3" executionId="51111896-94bd-456d-961c-ebf9f799ec85" testListId="8c84fa94-04c1-424b-9868-57a2d4851a1d" />
    <TestEntry testId="72739d56-9f41-9ee9-1365-55b1bf705a1b" executionId="378a1927-46bb-47d4-9082-2270ab55d45f" testListId="8c84fa94-04c1-424b-9868-57a2d4851a1d" />
    <TestEntry testId="8a91bec7-f66e-7f58-bc65-a85b27e0dba7" executionId="1eb20f33-bcbc-4390-97b4-785b4ca113b1" testListId="8c84fa94-04c1-424b-9868-57a2d4851a1d" />
    <TestEntry testId="df0a48a6-895e-56f5-5dd8-a91634244a25" executionId="1dfaa570-630c-46a8-ac51-154459fb4c37" testListId="8c84fa94-04c1-424b-9868-57a2d4851a1d" />
    <TestEntry testId="bf6dc897-7299-4e64-0bf2-19d06ff5b31d" executionId="8ec2c62e-ddfa-4d2a-a0f6-a7c1282df912" testListId="8c84fa94-04c1-424b-9868-57a2d4851a1d" />
    <TestEntry testId="a3e551f2-35a6-2e50-d0a3-5d05cff09368" executionId="19e51a27-b771-4409-9325-2aaaf514cc6d" testListId="8c84fa94-04c1-424b-9868-57a2d4851a1d" />
    <TestEntry testId="d7269d3a-81fa-ad8f-62c1-1d12652b4b09" executionId="0ac70e66-420d-4526-942e-0dd2ee4d66af" testListId="8c84fa94-04c1-424b-9868-57a2d4851a1d" />
    <TestEntry testId="7000926f-e730-41d7-f4ab-c4c4334bcb0f" executionId="bacf7040-e156-4119-bc5e-fef7f521e9d8" testListId="8c84fa94-04c1-424b-9868-57a2d4851a1d" />
    <TestEntry testId="e505b07f-3531-b8a9-cd2f-0b18f3391145" executionId="6161108d-7b28-48c1-97c2-6c1d0932d984" testListId="8c84fa94-04c1-424b-9868-57a2d4851a1d" />
    <TestEntry testId="356663b4-acce-a4cd-c6a9-1d40790c002f" executionId="7581fc66-fcc2-4aeb-9970-8466a3ab89cd" testListId="8c84fa94-04c1-424b-9868-57a2d4851a1d" />
    <TestEntry testId="cc266ccc-de15-b650-49a1-6d1680c79c35" executionId="2ac06409-d53d-4c1a-9325-881e4f1913f2" testListId="8c84fa94-04c1-424b-9868-57a2d4851a1d" />
    <TestEntry testId="0a0c1080-1990-ea81-c9fc-3abee3b22509" executionId="9f179792-f2b1-4713-855e-83b0bd8146b4" testListId="8c84fa94-04c1-424b-9868-57a2d4851a1d" />
    <TestEntry testId="14cb15b3-e69d-4105-0a19-9e9bebf51b1f" executionId="6c008006-e05e-4668-9379-7b32bdd722db" testListId="8c84fa94-04c1-424b-9868-57a2d4851a1d" />
    <TestEntry testId="06809d6d-f70e-fa8e-455e-5a1368055bad" executionId="d91b8557-71e9-454b-bfd7-126dabbccfd5" testListId="8c84fa94-04c1-424b-9868-57a2d4851a1d" />
    <TestEntry testId="55355296-5793-64f8-f808-c9d7907080bd" executionId="67981cbc-08d9-4535-b2f2-4dd10a470997" testListId="8c84fa94-04c1-424b-9868-57a2d4851a1d" />
    <TestEntry testId="71137075-8b4f-3216-ea07-bd96938d5d38" executionId="83de8df8-61f0-4067-8f75-b82b03fcdd2e" testListId="8c84fa94-04c1-424b-9868-57a2d4851a1d" />
    <TestEntry testId="1b7cd94c-796b-e706-e791-c95f988105e5" executionId="2bbcfa6a-b36b-4b1a-9478-8a8c338d8fb0" testListId="8c84fa94-04c1-424b-9868-57a2d4851a1d" />
    <TestEntry testId="ab975462-f6da-f87d-29a0-52f1fd26deef" executionId="d5a25f2f-4fbb-46ca-98e3-3f60cad4c4a0" testListId="8c84fa94-04c1-424b-9868-57a2d4851a1d" />
    <TestEntry testId="9cca334f-0e84-d153-5a32-080a6c3dd39d" executionId="ef6e61a6-cdcd-404b-ba20-1dc9b1e4bc94" testListId="8c84fa94-04c1-424b-9868-57a2d4851a1d" />
    <TestEntry testId="1ea56524-8a93-07ae-73e8-1c9f32693c18" executionId="2dcd4d7e-a87c-4429-b42f-565364d04f73" testListId="8c84fa94-04c1-424b-9868-57a2d4851a1d" />
    <TestEntry testId="d8f7bb9b-7dea-39b0-e475-b08d7ed1d3c7" executionId="e449a15b-c0f8-482f-9e5a-fb6973cb6117" testListId="8c84fa94-04c1-424b-9868-57a2d4851a1d" />
    <TestEntry testId="14d28cc2-0dc3-96ba-6d54-9184fd57321a" executionId="7ff59d7c-9ca5-4323-8e5f-9dd02862d9ce" testListId="8c84fa94-04c1-424b-9868-57a2d4851a1d" />
    <TestEntry testId="992df632-b2dc-3a97-f21e-88aeb1c4e8c1" executionId="241724ab-971e-4d4b-8a82-7ae3ef453da6" testListId="8c84fa94-04c1-424b-9868-57a2d4851a1d" />
    <TestEntry testId="85b0d16a-d881-1a52-3e6c-1190137ed39e" executionId="9461f261-71df-4a46-bc3c-5e6cc54b9d08" testListId="8c84fa94-04c1-424b-9868-57a2d4851a1d" />
    <TestEntry testId="44610fa2-498b-78f7-19ab-1ee1b24dc334" executionId="476bc815-010e-4f48-a307-7f7145dc6d32" testListId="8c84fa94-04c1-424b-9868-57a2d4851a1d" />
    <TestEntry testId="2bae5a72-8845-18e3-7f51-75613ffc6013" executionId="fb4cd79e-9a83-4fa3-9592-1146e3e69a2f" testListId="8c84fa94-04c1-424b-9868-57a2d4851a1d" />
    <TestEntry testId="2ba6dde9-41ec-e8aa-c291-33997dce13d5" executionId="98fc2230-b7fe-4b56-a71d-e5113f00e23d" testListId="8c84fa94-04c1-424b-9868-57a2d4851a1d" />
    <TestEntry testId="adf9aba7-9646-8123-2303-5f30fb3c6dcc" executionId="6abd2c25-ed81-49df-84a5-1ad8a226409d" testListId="8c84fa94-04c1-424b-9868-57a2d4851a1d" />
    <TestEntry testId="5cdf1172-85f8-4491-9799-1aee91a91e00" executionId="7bc61ccc-4e39-4551-a617-67fbdfc94eaa" testListId="8c84fa94-04c1-424b-9868-57a2d4851a1d" />
    <TestEntry testId="2e2d1357-4952-e488-4c03-c75f7a5b2121" executionId="88d73c5f-3598-4e02-a84a-9a054dc00b8d" testListId="8c84fa94-04c1-424b-9868-57a2d4851a1d" />
    <TestEntry testId="32d85165-0938-343b-1cbc-cca5aaa54579" executionId="96e22b74-75ad-43ec-9d08-648552315a30" testListId="8c84fa94-04c1-424b-9868-57a2d4851a1d" />
    <TestEntry testId="3adad54e-5a9b-d888-980b-0b6b61a398f7" executionId="28b476dc-54f5-4b80-8236-c61fc0c82345" testListId="8c84fa94-04c1-424b-9868-57a2d4851a1d" />
    <TestEntry testId="40c10e96-051f-8beb-b496-c67625b818d4" executionId="43cbabc3-d564-41d8-ba25-4c8305ce9182" testListId="8c84fa94-04c1-424b-9868-57a2d4851a1d" />
    <TestEntry testId="c53717d4-28b2-6952-f7fa-5e669fe82840" executionId="4f852ab0-457f-4c7b-a149-4a321f633dbf" testListId="8c84fa94-04c1-424b-9868-57a2d4851a1d" />
    <TestEntry testId="a0f4762c-ed21-f22a-de9c-5dcee150c980" executionId="31010f42-c2cc-4f52-a3fe-a8e614ab6846" testListId="8c84fa94-04c1-424b-9868-57a2d4851a1d" />
    <TestEntry testId="73a9b760-310d-a9e9-e0ff-3ee88a7457a1" executionId="ed70d6f1-d2c9-4e53-97a6-6e58cadc2fee" testListId="8c84fa94-04c1-424b-9868-57a2d4851a1d" />
    <TestEntry testId="b2400711-d714-679d-a2bc-e91e3d287469" executionId="ca44ec72-7fd5-4e35-affd-dd03e298b818" testListId="8c84fa94-04c1-424b-9868-57a2d4851a1d" />
    <TestEntry testId="6439d825-8c03-15f0-74d0-ba1f6f618b15" executionId="5f53b51c-547b-44a1-ad3a-0512ed41d495" testListId="8c84fa94-04c1-424b-9868-57a2d4851a1d" />
    <TestEntry testId="bd906635-b718-a368-925d-e946010d9a74" executionId="43425f8f-885a-4df6-be55-c7c1e04f06ae" testListId="8c84fa94-04c1-424b-9868-57a2d4851a1d" />
    <TestEntry testId="391fb8e1-0c19-f4ba-2de6-532110884f18" executionId="66c0397c-c271-4a7f-92ea-c4b816404181" testListId="8c84fa94-04c1-424b-9868-57a2d4851a1d" />
    <TestEntry testId="32169170-bd3c-38c5-0365-32968a987468" executionId="cbf78842-437e-4359-ac48-549f118ace14" testListId="8c84fa94-04c1-424b-9868-57a2d4851a1d" />
    <TestEntry testId="de9fe048-2f69-a309-a794-0019d1557ff9" executionId="600e99c2-ba57-4b2c-8e34-56047b07d7bb" testListId="8c84fa94-04c1-424b-9868-57a2d4851a1d" />
    <TestEntry testId="082f6bd3-dfd5-3d03-b94c-e144fc8685be" executionId="6aba7cad-7381-4d7c-84b3-e9392cdaf108" testListId="8c84fa94-04c1-424b-9868-57a2d4851a1d" />
    <TestEntry testId="3e71feb3-058f-05b6-9d29-e1b8ddad71f1" executionId="b9114575-7d67-4b33-900d-e67500909a20" testListId="8c84fa94-04c1-424b-9868-57a2d4851a1d" />
    <TestEntry testId="06ca81bf-4105-5157-47b8-8f9b331168f8" executionId="579c4df7-8e74-4085-82a2-af2f3c06036f" testListId="8c84fa94-04c1-424b-9868-57a2d4851a1d" />
    <TestEntry testId="6b438e70-fdf7-eb1b-2056-379097833bdd" executionId="dd9d45e3-145f-4398-a28f-b4cb43d33c26" testListId="8c84fa94-04c1-424b-9868-57a2d4851a1d" />
    <TestEntry testId="2c187245-0ecc-8b18-2469-242fc49c3761" executionId="9c6e771c-733b-48e3-8d78-cb8ecfd2a56e" testListId="8c84fa94-04c1-424b-9868-57a2d4851a1d" />
    <TestEntry testId="738cbbc0-30cd-913c-c689-3538795172da" executionId="b6522dd8-1eb3-4774-8b14-b75e17f9b5f7" testListId="8c84fa94-04c1-424b-9868-57a2d4851a1d" />
    <TestEntry testId="e7c12d76-45ec-f908-638a-72828852975f" executionId="647460c0-dbd7-4dfa-9ca2-0823a280e144" testListId="8c84fa94-04c1-424b-9868-57a2d4851a1d" />
    <TestEntry testId="e50eadb6-8a24-7505-a091-974cd9591b16" executionId="9e215f36-1d40-4123-92f0-e49aab3804f6" testListId="8c84fa94-04c1-424b-9868-57a2d4851a1d" />
    <TestEntry testId="df7a4aaf-6617-01ea-3a61-1dbfd3c480dc" executionId="34076a45-0ad9-4848-b421-a52df5db10e4" testListId="8c84fa94-04c1-424b-9868-57a2d4851a1d" />
    <TestEntry testId="f177ca1c-7730-f9b3-bf94-113fcdbd65ff" executionId="a8c7d45e-80b8-41ff-917b-ab9b969bf239" testListId="8c84fa94-04c1-424b-9868-57a2d4851a1d" />
    <TestEntry testId="c6598a49-f846-56ee-848a-3dde31626e1c" executionId="4944218a-5985-4c5b-bbb8-6689c6c2f2ea" testListId="8c84fa94-04c1-424b-9868-57a2d4851a1d" />
    <TestEntry testId="53486399-c21d-f734-7105-f5f41052bc36" executionId="b96550d3-9834-474e-9be4-fdc052de5fd1" testListId="8c84fa94-04c1-424b-9868-57a2d4851a1d" />
    <TestEntry testId="1c3552c6-d109-7c26-74d9-173991d99834" executionId="9c0e2af1-4ddd-4e5c-bf90-cc493332dd9f" testListId="8c84fa94-04c1-424b-9868-57a2d4851a1d" />
    <TestEntry testId="4938725b-ed6b-4417-dc9f-d383b84a457c" executionId="9f7d0ede-01d4-40bf-8d08-ca331a4193f5" testListId="8c84fa94-04c1-424b-9868-57a2d4851a1d" />
    <TestEntry testId="64a1ed87-32d7-9793-b8b3-eb99971104ed" executionId="cc542a0d-160c-424d-9066-db50bde35ea3" testListId="8c84fa94-04c1-424b-9868-57a2d4851a1d" />
    <TestEntry testId="56d13bbc-6312-2b97-8519-9d41610f2b23" executionId="8eedf1df-c752-48b9-bb15-2e1285988548" testListId="8c84fa94-04c1-424b-9868-57a2d4851a1d" />
    <TestEntry testId="ced8cb56-9d60-81f2-0782-a9c46c2216a7" executionId="e16271d5-7790-4202-b66c-4e5f711bb3cb" testListId="8c84fa94-04c1-424b-9868-57a2d4851a1d" />
    <TestEntry testId="0788fd44-45f1-da10-becf-7930694746b1" executionId="8ce77fbf-2c0a-48ea-a719-5a4e8d69adfd" testListId="8c84fa94-04c1-424b-9868-57a2d4851a1d" />
    <TestEntry testId="788d51dc-3cb7-33f7-d267-a7497f988e6a" executionId="98bf8c35-7d3f-413b-87aa-0fcbf62e44e3" testListId="8c84fa94-04c1-424b-9868-57a2d4851a1d" />
    <TestEntry testId="49cacc94-9b4e-2c6f-23b2-8da420a8ec16" executionId="b4d10574-3632-4de0-9460-acaa68cf2ccf" testListId="8c84fa94-04c1-424b-9868-57a2d4851a1d" />
    <TestEntry testId="a802658c-381a-e1e5-497c-2e433077cd6a" executionId="f1e75f00-c631-4bf6-b209-dc0f4e5a91ce" testListId="8c84fa94-04c1-424b-9868-57a2d4851a1d" />
    <TestEntry testId="7fb2ba57-83ed-b238-7006-e583df11d3e3" executionId="9f1a48de-89fe-44aa-8ace-ad5c44deea48" testListId="8c84fa94-04c1-424b-9868-57a2d4851a1d" />
    <TestEntry testId="9531eda7-1c21-81fd-8976-8ef195db160a" executionId="7d11ee11-bc3b-41e7-8952-3ff74690f61c" testListId="8c84fa94-04c1-424b-9868-57a2d4851a1d" />
    <TestEntry testId="a22b43f1-6740-e90c-4e94-3df166c952d1" executionId="da4ccb45-a0cc-48e5-b05e-b9fdeec2f03f" testListId="8c84fa94-04c1-424b-9868-57a2d4851a1d" />
    <TestEntry testId="4643bede-6e34-ffdb-45d1-b3252be96358" executionId="37c078f4-b1a6-453e-9f22-108d34cd3a4e" testListId="8c84fa94-04c1-424b-9868-57a2d4851a1d" />
    <TestEntry testId="273576b8-fa3d-e22b-9abf-74731de099ae" executionId="2aceda93-7486-440f-827d-7fe7a6302a84" testListId="8c84fa94-04c1-424b-9868-57a2d4851a1d" />
    <TestEntry testId="571b16ab-a950-7f7a-7c99-a8acc3bb030f" executionId="8bf2aef1-d8b1-4c1f-a02c-21ced053be6f" testListId="8c84fa94-04c1-424b-9868-57a2d4851a1d" />
    <TestEntry testId="d43d91a9-b2d4-65b1-611d-733a979afe62" executionId="5e0fbef0-4759-48ae-8ca4-643756df75ae" testListId="8c84fa94-04c1-424b-9868-57a2d4851a1d" />
    <TestEntry testId="c3907865-d343-87f3-32a0-be2b9a8cbacc" executionId="d0e01336-d8c5-4588-b1d0-a40fa0605365" testListId="8c84fa94-04c1-424b-9868-57a2d4851a1d" />
    <TestEntry testId="8c6bd2e9-a5a1-9e1d-5073-bab67dd1968e" executionId="f14f6c23-dc20-4dbb-9bb8-681fc31e0eef" testListId="8c84fa94-04c1-424b-9868-57a2d4851a1d" />
    <TestEntry testId="a0b613dc-96c6-1469-9616-de1458d51148" executionId="7ea058c7-20a3-499e-8d3a-55242dcbc6d9" testListId="8c84fa94-04c1-424b-9868-57a2d4851a1d" />
    <TestEntry testId="42241250-ba06-1c0e-ba2f-92edd6211f6e" executionId="99d594e1-1911-4388-b580-c1ae0c89a581" testListId="8c84fa94-04c1-424b-9868-57a2d4851a1d" />
    <TestEntry testId="ff4854f7-3ea5-212e-78e3-b9db26234b07" executionId="0d403f41-4206-45fc-a58e-974375b21529" testListId="8c84fa94-04c1-424b-9868-57a2d4851a1d" />
    <TestEntry testId="7cb65aaf-1db8-9d72-93d8-c2fca8a96f63" executionId="179a7108-f120-43e4-b7ca-7e495a20a6ba" testListId="8c84fa94-04c1-424b-9868-57a2d4851a1d" />
    <TestEntry testId="8f97061c-df82-5b80-c20b-934bf2941cd1" executionId="42ff4e18-75ed-46f8-89ed-befe89ec3511" testListId="8c84fa94-04c1-424b-9868-57a2d4851a1d" />
    <TestEntry testId="0ccbea05-b4a1-95f2-1c4a-0ed2b048cc68" executionId="c618ed22-a8ea-44c8-8471-29ad1a67f401" testListId="8c84fa94-04c1-424b-9868-57a2d4851a1d" />
    <TestEntry testId="80447198-0ab4-dc3a-caaa-11b629ac0df0" executionId="f60de843-8dfa-4c34-8154-fc38c3fef40f" testListId="8c84fa94-04c1-424b-9868-57a2d4851a1d" />
    <TestEntry testId="3baacd78-3c1f-518c-eeba-6bb753c01014" executionId="722f424f-2a0f-49ac-a86a-ab85ced31744" testListId="8c84fa94-04c1-424b-9868-57a2d4851a1d" />
    <TestEntry testId="74a64bd4-6674-210f-d74f-1c2be1c313ed" executionId="159ece53-d069-458f-a18a-fd00a7e98bb9" testListId="8c84fa94-04c1-424b-9868-57a2d4851a1d" />
    <TestEntry testId="d7f112ff-5440-6401-0df4-49db5a8eac8d" executionId="7bf258b4-fc24-4a08-8c8c-8ad363c24163" testListId="8c84fa94-04c1-424b-9868-57a2d4851a1d" />
    <TestEntry testId="5c144c15-bb71-80c2-e6c8-ce6d4b63f52f" executionId="c3f43a05-316f-421a-a043-105c5431412f" testListId="8c84fa94-04c1-424b-9868-57a2d4851a1d" />
    <TestEntry testId="fa8244df-e649-5501-fdbb-32dd78225e69" executionId="8c314506-6316-4739-9c05-4538e00a1eed" testListId="8c84fa94-04c1-424b-9868-57a2d4851a1d" />
    <TestEntry testId="99be5343-b9ef-871d-e929-175143b5bfe6" executionId="7d7a3182-0507-4150-b539-01e4f682b61b" testListId="8c84fa94-04c1-424b-9868-57a2d4851a1d" />
    <TestEntry testId="de2c3d1a-1cbe-39c9-6087-56d75da7c362" executionId="11cc14f9-78c7-40b6-88cd-c1a5de31afff" testListId="8c84fa94-04c1-424b-9868-57a2d4851a1d" />
    <TestEntry testId="09215a70-91a4-86b5-3522-177c243b4a61" executionId="3acedb85-7e45-4383-817c-a1490a7beb66" testListId="8c84fa94-04c1-424b-9868-57a2d4851a1d" />
    <TestEntry testId="64792956-83bf-e8b5-cf5b-7f5dd922c8db" executionId="f47c2f6f-1a33-4e00-a397-09144235ff0c" testListId="8c84fa94-04c1-424b-9868-57a2d4851a1d" />
    <TestEntry testId="faee4e80-92d3-8663-7158-3c550c3abb21" executionId="762a3579-8b02-4dd2-b8ba-95b81b53d6dc" testListId="8c84fa94-04c1-424b-9868-57a2d4851a1d" />
    <TestEntry testId="11a9d361-b83c-c4f2-07ac-f3fca0c19c0d" executionId="acf79889-3080-4f76-8311-1bd67649685a" testListId="8c84fa94-04c1-424b-9868-57a2d4851a1d" />
    <TestEntry testId="75b7c9b2-8e4c-2fa7-6c0a-12137bae7de9" executionId="13eb4a16-7ec8-4adf-8d48-365fe6fffc04" testListId="8c84fa94-04c1-424b-9868-57a2d4851a1d" />
    <TestEntry testId="413675cf-9eba-fad7-d28a-e4c785f069ce" executionId="8b096fb1-e452-42cb-8d2b-102a3688cad5" testListId="8c84fa94-04c1-424b-9868-57a2d4851a1d" />
    <TestEntry testId="e5d1c219-c962-a477-b3a9-9b28d03e3fba" executionId="3534f631-a5c0-4cbc-97dd-70e24b5c3221" testListId="8c84fa94-04c1-424b-9868-57a2d4851a1d" />
    <TestEntry testId="43afa4cb-611a-f7f0-2dd5-420c464d4964" executionId="a361e3df-56e4-4017-b7f2-5e292319431a" testListId="8c84fa94-04c1-424b-9868-57a2d4851a1d" />
    <TestEntry testId="dd0f12ce-3838-5726-97c0-f222e5b2d38a" executionId="cf8f1cff-2494-4a2e-8548-4465561e4530" testListId="8c84fa94-04c1-424b-9868-57a2d4851a1d" />
    <TestEntry testId="20e16f9d-1989-4977-0aa9-f00c6306d0ea" executionId="f4d0e7f7-ee80-421e-ba88-2ed3f2f15fb7" testListId="8c84fa94-04c1-424b-9868-57a2d4851a1d" />
    <TestEntry testId="b5453b63-3c26-e157-290b-1e85fd1e8b2d" executionId="5edbf7d8-0b90-4408-ad77-2b34293bf2a0" testListId="8c84fa94-04c1-424b-9868-57a2d4851a1d" />
    <TestEntry testId="fda7f0fd-db34-3e21-d391-14637c034dd9" executionId="92383614-7dfa-4511-baad-43771eacfed2" testListId="8c84fa94-04c1-424b-9868-57a2d4851a1d" />
    <TestEntry testId="7e6b1057-686c-7797-fb19-ecf58ff0757c" executionId="23d9c10f-cd13-4d26-add6-c230bc8ead25" testListId="8c84fa94-04c1-424b-9868-57a2d4851a1d" />
    <TestEntry testId="574b659d-0b13-d203-0dd3-213f900b9a40" executionId="94c70a2a-af2d-4c76-9b5e-5ad97dac6f20" testListId="8c84fa94-04c1-424b-9868-57a2d4851a1d" />
    <TestEntry testId="942c094f-4be9-bf9b-5659-a11c82f4338a" executionId="ad697f67-8b14-40a8-a765-7960bd074adb" testListId="8c84fa94-04c1-424b-9868-57a2d4851a1d" />
    <TestEntry testId="47805376-b1c9-eabb-0da4-08a11b14c1ef" executionId="72437b9e-5c3e-44e1-ac0c-79af4c2d6010" testListId="8c84fa94-04c1-424b-9868-57a2d4851a1d" />
  </TestEntries>
  <TestLists>
    <TestList name="Results Not in a List" id="8c84fa94-04c1-424b-9868-57a2d4851a1d" />
    <TestList name="All Loaded Results" id="19431567-8539-422a-85d7-44ee4e166bda" />
  </TestLists>
  <ResultSummary outcome="Failed">
    <Counters total="244" executed="244" passed="243" failed="1" error="0" timeout="0" aborted="0" inconclusive="0" passedButRunAborted="0" notRunnable="0" notExecuted="0" disconnected="0" warning="0" completed="0" inProgress="0" pending="0" />
    <Output>
      <StdOut>[xUnit.net 00:00:00.00] xUnit.net VSTest Adapter v2.5.3.1+6b60a9e56a (64-bit .NET 8.0.25)
[xUnit.net 00:00:00.16]   Discovering: TestIT.ApiTests
[xUnit.net 00:00:00.28]   Discovered:  TestIT.ApiTests
[xUnit.net 00:00:00.28]   Starting:    TestIT.ApiTests
[xUnit.net 00:00:32.51]       Expected p95Duration to be less than 10000L because 95% of requests should complete within 10 seconds, but found 10272L (difference of 272).
[xUnit.net 00:00:32.51]       Stack Trace:
[xUnit.net 00:00:32.52]            at FluentAssertions.Execution.LateBoundTestFramework.Throw(String message)
[xUnit.net 00:00:32.52]            at FluentAssertions.Execution.DefaultAssertionStrategy.HandleFailure(String message)
[xUnit.net 00:00:32.52]            at FluentAssertions.Execution.AssertionChain.FailWith(Func`1 getFailureReason)
[xUnit.net 00:00:32.52]            at FluentAssertions.Numeric.NumericAssertionsBase`3.BeLessThan(T expected, String because, Object[] becauseArgs)
[xUnit.net 00:00:32.52]         /home/kolev95/examtest1/TestIT.ApiTests/Tests/StressTests.cs(132,0): at TestIT.ApiTests.Tests.StressTests.StressTest_ConcurrentTestSubmissions_HandlesLoad()
[xUnit.net 00:00:32.52]         --- End of stack trace from previous location ---
[xUnit.net 00:00:32.52]       Output:
[xUnit.net 00:00:32.52]         POST tests/analyticsdist-f1c0f48f-45734e7b/attempts/  →  201 Created
[xUnit.net 00:00:32.52]         POST tests/datacheck-02185080-62a22328/attempts/  →  201 Created
[xUnit.net 00:00:32.52]         PATCH tests/patch-ownership-8633e2a9-3636ce4e/  →  404 NotFound
[xUnit.net 00:00:32.52]         POST tests/  →  201 Created
[xUnit.net 00:00:32.52]         POST auth/login/  →  200 OK
[xUnit.net 00:06:47.27]   Finished:    TestIT.ApiTests
</StdOut>
    </Output>
    <RunInfos>
      <RunInfo computerName="DESKTOP-13D0C24" outcome="Error" timestamp="2026-03-19T14:48:08.9457690+02:00">
        <Text>[xUnit.net 00:00:32.51]     TestIT.ApiTests.Tests.StressTests.StressTest_ConcurrentTestSubmissions_HandlesLoad [FAIL]</Text>
      </RunInfo>
    </RunInfos>
  </ResultSummary>
</TestRun>